TN:
SF:src/App.tsx
FN:21,(anonymous_0)
FN:22,(anonymous_1)
FN:42,(anonymous_2)
FN:50,(anonymous_3)
FNF:4
FNH:4
FNDA:15,(anonymous_0)
FNDA:15,(anonymous_1)
FNDA:1,(anonymous_2)
FNDA:1,(anonymous_3)
DA:19,1
DA:21,1
DA:22,15
DA:24,15
DA:25,15
DA:26,15
DA:27,15
DA:28,15
DA:29,15
DA:30,15
DA:33,15
DA:43,1
DA:44,1
DA:51,1
DA:52,1
LF:15
LH:15
BRF:0
BRH:0
end_of_record
TN:
SF:src/apolloClient.ts
FN:14,(anonymous_0)
FN:18,(anonymous_1)
FN:27,(anonymous_2)
FNF:3
FNH:3
FNDA:8,(anonymous_0)
FNDA:4,(anonymous_1)
FNDA:2,(anonymous_2)
DA:12,11
DA:14,11
DA:15,8
DA:16,5
DA:18,4
DA:19,4
DA:20,4
DA:24,7
DA:25,3
DA:27,2
DA:28,2
DA:29,2
DA:34,11
DA:36,11
LF:14
LH:14
BRDA:15,0,0,5
BRDA:15,0,1,3
BRDA:16,1,0,1
BRDA:16,1,1,4
BRDA:24,2,0,3
BRDA:24,2,1,4
BRDA:25,3,0,1
BRDA:25,3,1,2
BRF:8
BRH:8
end_of_record
TN:
SF:src/apolloLinks.ts
FN:7,getBackendApolloLinks
FN:10,(anonymous_1)
FN:14,(anonymous_2)
FN:23,(anonymous_3)
FNF:4
FNH:4
FNDA:10,getBackendApolloLinks
FNDA:5,(anonymous_1)
FNDA:2,(anonymous_2)
FNDA:2,(anonymous_3)
DA:8,10
DA:10,10
DA:11,5
DA:12,3
DA:14,2
DA:15,2
DA:16,2
DA:20,4
DA:21,3
DA:23,2
DA:24,2
DA:25,2
DA:30,10
DA:32,10
LF:14
LH:14
BRDA:11,0,0,3
BRDA:11,0,1,2
BRDA:12,1,0,1
BRDA:12,1,1,2
BRDA:20,2,0,3
BRDA:20,2,1,1
BRDA:21,3,0,1
BRDA:21,3,1,2
BRF:8
BRH:8
end_of_record
TN:
SF:src/index.tsx
FN:24,(anonymous_0)
FNF:1
FNH:0
FNDA:0,(anonymous_0)
DA:15,0
DA:19,0
DA:24,0
DA:25,0
DA:29,0
DA:44,0
LF:6
LH:0
BRF:0
BRH:0
end_of_record
TN:
SF:src/sentry.ts
FNF:0
FNH:0
DA:5,0
DA:7,0
LF:2
LH:0
BRF:0
BRH:0
end_of_record
TN:
SF:src/serviceWorker.ts
FN:28,register
FN:42,(anonymous_1)
FN:51,(anonymous_2)
FN:65,registerValidSW
FN:68,(anonymous_4)
FN:69,(anonymous_5)
FN:74,(anonymous_6)
FN:104,(anonymous_7)
FN:109,checkValidServiceWorker
FN:114,(anonymous_9)
FN:122,(anonymous_10)
FN:123,(anonymous_11)
FN:132,(anonymous_12)
FN:139,unregister
FN:142,(anonymous_14)
FN:145,(anonymous_15)
FNF:16
FNH:0
FNDA:0,register
FNDA:0,(anonymous_1)
FNDA:0,(anonymous_2)
FNDA:0,registerValidSW
FNDA:0,(anonymous_4)
FNDA:0,(anonymous_5)
FNDA:0,(anonymous_6)
FNDA:0,(anonymous_7)
FNDA:0,checkValidServiceWorker
FNDA:0,(anonymous_9)
FNDA:0,(anonymous_10)
FNDA:0,(anonymous_11)
FNDA:0,(anonymous_12)
FNDA:0,unregister
FNDA:0,(anonymous_14)
FNDA:0,(anonymous_15)
DA:13,0
DA:29,0
DA:31,0
DA:35,0
DA:39,0
DA:42,0
DA:43,0
DA:45,0
DA:47,0
DA:51,0
DA:52,0
DA:59,0
DA:66,0
DA:69,0
DA:70,0
DA:71,0
DA:72,0
DA:74,0
DA:75,0
DA:76,0
DA:80,0
DA:86,0
DA:87,0
DA:93,0
DA:96,0
DA:97,0
DA:105,0
DA:111,0
DA:116,0
DA:117,0
DA:122,0
DA:123,0
DA:124,0
DA:129,0
DA:133,0
DA:140,0
DA:141,0
DA:143,0
DA:146,0
LF:39
LH:0
BRDA:14,0,0,0
BRDA:14,0,1,0
BRDA:14,0,2,0
BRDA:29,1,0,0
BRDA:29,1,1,0
BRDA:29,2,0,0
BRDA:29,2,1,0
BRDA:35,3,0,0
BRDA:35,3,1,0
BRDA:45,4,0,0
BRDA:45,4,1,0
BRDA:71,5,0,0
BRDA:71,5,1,0
BRDA:75,6,0,0
BRDA:75,6,1,0
BRDA:76,7,0,0
BRDA:76,7,1,0
BRDA:86,8,0,0
BRDA:86,8,1,0
BRDA:86,9,0,0
BRDA:86,9,1,0
BRDA:96,10,0,0
BRDA:96,10,1,0
BRDA:96,11,0,0
BRDA:96,11,1,0
BRDA:117,12,0,0
BRDA:117,12,1,0
BRDA:118,13,0,0
BRDA:118,13,1,0
BRDA:118,13,2,0
BRDA:140,14,0,0
BRDA:140,14,1,0
BRF:32
BRH:0
end_of_record
TN:
SF:src/auth/AuthProvider.tsx
FN:43,(anonymous_0)
FN:51,(anonymous_1)
FN:59,(anonymous_2)
FN:62,(anonymous_3)
FN:100,(anonymous_4)
FN:105,(anonymous_5)
FN:109,(anonymous_6)
FN:113,(anonymous_7)
FNF:8
FNH:8
FNDA:60,(anonymous_0)
FNDA:71,(anonymous_1)
FNDA:20,(anonymous_2)
FNDA:20,(anonymous_3)
FNDA:20,(anonymous_4)
FNDA:1,(anonymous_5)
FNDA:1,(anonymous_6)
FNDA:53,(anonymous_7)
DA:12,5
DA:39,5
DA:43,5
DA:44,60
DA:45,60
DA:46,1
DA:48,59
DA:51,5
DA:55,71
DA:56,71
DA:57,71
DA:59,71
DA:60,20
DA:62,20
DA:63,20
DA:64,20
DA:65,20
DA:72,17
DA:73,17
DA:74,15
DA:80,12
DA:82,12
DA:84,15
DA:87,2
DA:88,1
DA:89,1
DA:92,19
DA:93,16
DA:98,20
DA:100,20
DA:101,20
DA:105,71
DA:106,1
DA:109,71
DA:110,1
DA:112,71
DA:113,53
DA:124,71
LF:38
LH:38
BRDA:45,0,0,1
BRDA:45,0,1,59
BRDA:45,1,0,60
BRDA:45,1,1,59
BRDA:69,2,0,20
BRDA:69,2,1,17
BRDA:73,3,0,15
BRDA:73,3,1,2
BRDA:74,4,0,12
BRDA:74,4,1,3
BRDA:75,5,0,15
BRDA:75,5,1,14
BRDA:75,5,2,14
BRDA:75,5,3,13
BRDA:81,6,0,12
BRDA:81,6,1,9
BRDA:81,7,0,9
BRDA:81,7,1,6
BRDA:87,8,0,1
BRDA:87,8,1,1
BRDA:92,9,0,16
BRDA:92,9,1,3
BRDA:115,10,0,53
BRDA:115,10,1,24
BRF:24
BRH:24
end_of_record
TN:
SF:src/backend-client/createRatingQuotingBackend.ts
FN:17,(anonymous_0)
FN:28,(anonymous_1)
FN:37,(anonymous_2)
FN:47,(anonymous_3)
FN:59,(anonymous_4)
FN:66,(anonymous_5)
FNF:6
FNH:6
FNDA:15,(anonymous_0)
FNDA:1,(anonymous_1)
FNDA:4,(anonymous_2)
FNDA:3,(anonymous_3)
FNDA:2,(anonymous_4)
FNDA:15,(anonymous_5)
DA:18,15
DA:21,15
DA:29,1
DA:38,4
DA:39,3
DA:50,3
DA:51,2
DA:62,2
DA:63,1
DA:67,15
DA:68,15
DA:69,15
LF:12
LH:12
BRF:0
BRH:0
end_of_record
TN:
SF:src/backend-client/paymentBackend.ts
FN:14,(anonymous_0)
FN:25,(anonymous_1)
FN:36,(anonymous_2)
FN:45,(anonymous_3)
FN:51,(anonymous_4)
FN:60,(anonymous_5)
FNF:6
FNH:6
FNDA:10,(anonymous_0)
FNDA:1,(anonymous_1)
FNDA:3,(anonymous_2)
FNDA:23,(anonymous_3)
FNDA:15,(anonymous_4)
FNDA:5,(anonymous_5)
DA:15,10
DA:18,10
DA:26,1
DA:39,3
DA:42,2
DA:47,23
DA:48,23
DA:52,15
DA:54,14
DA:61,5
DA:63,4
LF:11
LH:11
BRDA:48,0,0,11
BRDA:48,0,1,12
BRF:2
BRH:2
end_of_record
TN:
SF:src/backend-client/paymentGraphqlBackend.ts
FN:11,(anonymous_0)
FN:27,(anonymous_1)
FN:31,(anonymous_2)
FN:45,(anonymous_3)
FN:53,(anonymous_4)
FNF:5
FNH:5
FNDA:45,(anonymous_0)
FNDA:1,(anonymous_1)
FNDA:3,(anonymous_2)
FNDA:2,(anonymous_3)
FNDA:46,(anonymous_4)
DA:12,45
DA:20,45
DA:28,1
DA:36,3
DA:42,2
DA:46,2
DA:50,1
DA:54,46
DA:55,46
DA:56,46
LF:10
LH:10
BRDA:16,0,0,45
BRDA:16,0,1,44
BRDA:56,1,0,5
BRDA:56,1,1,41
BRF:4
BRH:4
end_of_record
TN:
SF:src/backend-client/ratingQuotingBackend.ts
FN:17,(anonymous_0)
FN:28,(anonymous_1)
FN:37,(anonymous_2)
FN:47,(anonymous_3)
FN:57,(anonymous_4)
FN:69,(anonymous_5)
FN:76,(anonymous_6)
FNF:7
FNH:7
FNDA:38,(anonymous_0)
FNDA:3,(anonymous_1)
FNDA:6,(anonymous_2)
FNDA:5,(anonymous_3)
FNDA:4,(anonymous_4)
FNDA:3,(anonymous_5)
FNDA:38,(anonymous_6)
DA:18,38
DA:21,37
DA:29,3
DA:38,6
DA:39,4
DA:48,5
DA:49,3
DA:60,4
DA:61,3
DA:72,3
DA:73,2
DA:77,38
DA:80,37
DA:81,37
LF:14
LH:14
BRF:0
BRH:0
end_of_record
TN:
SF:src/components/Address/Address.stories.tsx
FN:9,(anonymous_0)
FN:18,(anonymous_1)
FNF:2
FNH:0
FNDA:0,(anonymous_0)
FNDA:0,(anonymous_1)
DA:9,0
DA:10,0
DA:18,0
DA:19,0
LF:4
LH:0
BRF:0
BRH:0
end_of_record
TN:
SF:src/components/Address/Address.tsx
FN:13,(anonymous_0)
FN:14,(anonymous_1)
FN:14,(anonymous_2)
FN:17,(anonymous_3)
FN:29,(anonymous_4)
FN:37,(anonymous_5)
FN:39,(anonymous_6)
FN:126,(anonymous_7)
FN:144,(anonymous_8)
FN:154,(anonymous_9)
FN:160,(anonymous_10)
FN:165,(anonymous_11)
FN:166,(anonymous_12)
FN:170,(anonymous_13)
FN:179,(anonymous_14)
FN:186,(anonymous_15)
FN:213,(anonymous_16)
FN:232,(anonymous_17)
FN:233,(anonymous_18)
FN:244,(anonymous_19)
FN:260,(anonymous_20)
FN:281,(anonymous_21)
FN:331,(anonymous_22)
FN:340,(anonymous_23)
FN:371,(anonymous_24)
FN:398,(anonymous_25)
FN:437,(anonymous_26)
FN:492,(anonymous_27)
FN:497,(anonymous_28)
FN:505,(anonymous_29)
FN:564,(anonymous_30)
FN:572,(anonymous_31)
FN:576,(anonymous_32)
FN:593,(anonymous_33)
FN:606,(anonymous_34)
FN:626,(anonymous_35)
FN:639,(anonymous_36)
FN:651,(anonymous_37)
FN:654,(anonymous_38)
FN:667,(anonymous_39)
FN:688,(anonymous_40)
FNF:41
FNH:40
FNDA:35,(anonymous_0)
FNDA:125,(anonymous_1)
FNDA:125,(anonymous_2)
FNDA:5,(anonymous_3)
FNDA:5,(anonymous_4)
FNDA:4,(anonymous_5)
FNDA:5,(anonymous_6)
FNDA:255,(anonymous_7)
FNDA:246,(anonymous_8)
FNDA:9,(anonymous_9)
FNDA:14,(anonymous_10)
FNDA:8,(anonymous_11)
FNDA:240,(anonymous_12)
FNDA:255,(anonymous_13)
FNDA:255,(anonymous_14)
FNDA:255,(anonymous_15)
FNDA:57,(anonymous_16)
FNDA:57,(anonymous_17)
FNDA:57,(anonymous_18)
FNDA:161,(anonymous_19)
FNDA:6,(anonymous_20)
FNDA:4,(anonymous_21)
FNDA:4,(anonymous_22)
FNDA:0,(anonymous_23)
FNDA:5,(anonymous_24)
FNDA:5,(anonymous_25)
FNDA:3,(anonymous_26)
FNDA:118,(anonymous_27)
FNDA:4,(anonymous_28)
FNDA:123,(anonymous_29)
FNDA:1,(anonymous_30)
FNDA:1,(anonymous_31)
FNDA:13,(anonymous_32)
FNDA:5,(anonymous_33)
FNDA:3,(anonymous_34)
FNDA:7,(anonymous_35)
FNDA:14,(anonymous_36)
FNDA:108,(anonymous_37)
FNDA:1,(anonymous_38)
FNDA:4740,(anonymous_39)
FNDA:16,(anonymous_40)
DA:13,4
DA:14,125
DA:17,4
DA:18,5
DA:29,4
DA:30,5
DA:31,5
DA:32,5
DA:33,5
DA:37,4
DA:39,4
DA:44,5
DA:45,5
DA:46,5
DA:47,5
DA:50,0
DA:54,4
DA:70,4
DA:124,4
DA:126,4
DA:127,255
DA:128,246
DA:129,242
DA:132,4
DA:144,4
DA:145,246
DA:146,246
DA:147,245
DA:148,1
DA:150,1
DA:154,4
DA:155,9
DA:156,9
DA:160,14
DA:165,4
DA:166,240
DA:167,4
DA:168,4
DA:169,4
DA:170,4
DA:171,255
DA:172,10
DA:173,2
DA:174,8
DA:175,5
DA:176,3
DA:179,4
DA:180,255
DA:181,10
DA:182,8
DA:183,3
DA:186,4
DA:195,255
DA:201,255
DA:203,255
DA:207,255
DA:208,255
DA:210,255
DA:211,255
DA:213,255
DA:214,57
DA:220,57
DA:221,57
DA:224,255
DA:225,255
DA:228,255
DA:229,255
DA:232,255
DA:233,57
DA:234,57
DA:235,57
DA:239,255
DA:240,255
DA:242,255
DA:244,255
DA:249,161
DA:255,161
DA:256,161
DA:260,255
DA:262,6
DA:264,6
DA:267,6
DA:269,0
DA:277,255
DA:278,255
DA:279,255
DA:281,255
DA:282,4
DA:283,4
DA:284,0
DA:285,0
DA:286,0
DA:287,0
DA:291,4
DA:292,4
DA:306,4
DA:307,0
DA:310,4
DA:311,4
DA:313,4
DA:314,4
DA:327,4
DA:330,4
DA:331,4
DA:333,4
DA:334,0
DA:335,0
DA:337,0
DA:338,0
DA:340,0
DA:342,0
DA:343,0
DA:344,0
DA:352,0
DA:354,0
DA:357,0
DA:361,4
DA:362,4
DA:364,0
DA:365,0
DA:367,4
DA:371,255
DA:372,5
DA:373,5
DA:375,5
DA:376,5
DA:380,5
DA:381,5
DA:382,5
DA:384,0
DA:385,0
DA:387,5
DA:390,0
DA:391,0
DA:398,255
DA:399,5
DA:400,5
DA:401,5
DA:403,2
DA:404,2
DA:410,2
DA:412,2
DA:413,2
DA:425,2
DA:426,2
DA:427,2
DA:428,2
DA:431,0
DA:432,0
DA:437,255
DA:438,3
DA:439,3
DA:440,3
DA:441,3
DA:442,3
DA:448,3
DA:451,3
DA:452,3
DA:453,3
DA:454,3
DA:456,3
DA:462,3
DA:464,3
DA:465,3
DA:466,3
DA:467,3
DA:469,0
DA:470,0
DA:471,0
DA:472,0
DA:473,0
DA:474,0
DA:478,255
DA:493,118
DA:494,118
DA:495,118
DA:496,118
DA:497,118
DA:498,4
DA:501,0
DA:502,0
DA:506,123
DA:507,5
DA:508,5
DA:512,5
DA:513,0
DA:514,0
DA:518,5
DA:519,5
DA:520,5
DA:521,2
DA:522,2
DA:528,2
DA:532,2
DA:534,2
DA:535,2
DA:537,2
DA:539,2
DA:545,2
DA:547,2
DA:548,2
DA:549,2
DA:550,2
DA:551,2
DA:555,3
DA:556,3
DA:557,0
DA:558,0
DA:559,0
DA:560,0
DA:565,1
DA:566,1
DA:567,1
DA:568,0
DA:570,1
DA:571,1
DA:572,1
DA:577,13
DA:578,1
DA:595,5
DA:597,5
DA:598,5
DA:600,5
DA:607,3
DA:608,3
DA:627,7
DA:640,14
DA:652,108
DA:655,1
DA:656,1
DA:668,4740
DA:689,16
LF:232
LH:191
BRDA:14,0,0,125
BRDA:14,0,1,0
BRDA:19,1,0,5
BRDA:19,1,1,5
BRDA:19,1,2,0
BRDA:19,1,3,0
BRDA:19,1,4,0
BRDA:19,1,5,0
BRDA:30,2,0,0
BRDA:30,2,1,5
BRDA:31,3,0,0
BRDA:31,3,1,5
BRDA:31,4,0,0
BRDA:31,4,1,5
BRDA:32,5,0,0
BRDA:32,5,1,5
BRDA:33,6,0,0
BRDA:33,6,1,5
BRDA:44,7,0,5
BRDA:44,7,1,0
BRDA:45,8,0,5
BRDA:45,8,1,0
BRDA:47,9,0,5
BRDA:47,9,1,0
BRDA:50,10,0,0
BRDA:50,10,1,0
BRDA:127,11,0,9
BRDA:127,11,1,246
BRDA:128,12,0,4
BRDA:128,12,1,242
BRDA:147,13,0,244
BRDA:147,13,1,1
BRDA:171,14,0,245
BRDA:171,14,1,10
BRDA:172,15,0,2
BRDA:172,15,1,8
BRDA:173,16,0,2
BRDA:173,16,1,0
BRDA:173,17,0,0
BRDA:173,17,1,0
BRDA:174,18,0,5
BRDA:174,18,1,3
BRDA:175,19,0,5
BRDA:175,19,1,0
BRDA:175,20,0,0
BRDA:175,20,1,0
BRDA:180,21,0,245
BRDA:180,21,1,10
BRDA:181,22,0,2
BRDA:181,22,1,8
BRDA:181,23,0,2
BRDA:181,23,1,0
BRDA:182,24,0,5
BRDA:182,24,1,3
BRDA:182,25,0,5
BRDA:182,25,1,0
BRDA:201,26,0,255
BRDA:201,26,1,243
BRDA:203,27,0,9
BRDA:203,27,1,246
BRDA:210,28,0,255
BRDA:210,28,1,242
BRDA:215,29,0,57
BRDA:215,29,1,34
BRDA:216,30,0,57
BRDA:216,30,1,35
BRDA:217,31,0,57
BRDA:217,31,1,36
BRDA:218,32,0,57
BRDA:218,32,1,36
BRDA:220,33,0,1
BRDA:220,33,1,56
BRDA:234,34,0,8
BRDA:234,34,1,49
BRDA:235,35,0,1
BRDA:235,35,1,56
BRDA:242,36,0,4
BRDA:242,36,1,251
BRDA:249,37,0,0
BRDA:249,37,1,161
BRDA:251,38,0,5
BRDA:251,38,1,156
BRDA:262,39,0,6
BRDA:262,39,1,0
BRDA:264,40,0,6
BRDA:264,40,1,0
BRDA:267,41,0,6
BRDA:267,41,1,0
BRDA:283,42,0,0
BRDA:283,42,1,4
BRDA:283,43,0,4
BRDA:283,43,1,4
BRDA:301,44,0,4
BRDA:301,44,1,4
BRDA:306,45,0,0
BRDA:306,45,1,4
BRDA:330,46,0,4
BRDA:330,46,1,0
BRDA:333,47,0,0
BRDA:333,47,1,4
BRDA:334,48,0,0
BRDA:334,48,1,0
BRDA:334,49,0,0
BRDA:334,49,1,0
BRDA:342,50,0,0
BRDA:342,50,1,0
BRDA:342,50,2,0
BRDA:343,51,0,0
BRDA:343,51,1,0
BRDA:344,52,0,0
BRDA:344,52,1,0
BRDA:354,53,0,0
BRDA:354,53,1,0
BRDA:357,54,0,0
BRDA:357,54,1,0
BRDA:362,55,0,4
BRDA:362,55,1,4
BRDA:373,56,0,0
BRDA:373,56,1,5
BRDA:373,57,0,5
BRDA:373,57,1,5
BRDA:382,58,0,0
BRDA:382,58,1,5
BRDA:400,59,0,5
BRDA:400,59,1,3
BRDA:401,60,0,3
BRDA:401,60,1,2
BRDA:401,61,0,5
BRDA:401,61,1,5
BRDA:408,62,0,2
BRDA:408,62,1,2
BRDA:410,63,0,0
BRDA:410,63,1,2
BRDA:427,64,0,0
BRDA:427,64,1,2
BRDA:438,65,0,3
BRDA:438,65,1,0
BRDA:441,66,0,3
BRDA:441,66,1,0
BRDA:444,67,0,3
BRDA:444,67,1,0
BRDA:445,68,0,3
BRDA:445,68,1,0
BRDA:445,68,2,0
BRDA:448,69,0,3
BRDA:448,69,1,0
BRDA:448,69,2,0
BRDA:452,70,0,3
BRDA:452,70,1,0
BRDA:454,71,0,3
BRDA:454,71,1,3
BRDA:458,72,0,3
BRDA:458,72,1,0
BRDA:458,72,2,0
BRDA:459,73,0,3
BRDA:459,73,1,0
BRDA:459,73,2,0
BRDA:460,74,0,3
BRDA:460,74,1,0
BRDA:460,74,2,0
BRDA:462,75,0,0
BRDA:462,75,1,3
BRDA:469,76,0,0
BRDA:469,76,1,0
BRDA:469,76,2,0
BRDA:495,77,0,110
BRDA:495,77,1,8
BRDA:496,78,0,118
BRDA:496,78,1,0
BRDA:506,79,0,5
BRDA:506,79,1,118
BRDA:506,80,0,123
BRDA:506,80,1,120
BRDA:507,81,0,2
BRDA:507,81,1,3
BRDA:512,82,0,0
BRDA:512,82,1,5
BRDA:518,83,0,5
BRDA:518,83,1,3
BRDA:520,84,0,2
BRDA:520,84,1,3
BRDA:521,85,0,2
BRDA:521,85,1,0
BRDA:524,86,0,2
BRDA:524,86,1,0
BRDA:528,87,0,2
BRDA:528,87,1,0
BRDA:528,87,2,0
BRDA:534,88,0,2
BRDA:534,88,1,0
BRDA:537,89,0,2
BRDA:537,89,1,2
BRDA:541,90,0,2
BRDA:541,90,1,0
BRDA:541,90,2,0
BRDA:542,91,0,2
BRDA:542,91,1,0
BRDA:542,91,2,0
BRDA:543,92,0,2
BRDA:543,92,1,0
BRDA:543,92,2,0
BRDA:545,93,0,0
BRDA:545,93,1,2
BRDA:556,94,0,0
BRDA:556,94,1,3
BRDA:565,95,0,1
BRDA:565,95,1,0
BRDA:566,96,0,1
BRDA:566,96,1,0
BRDA:567,97,0,0
BRDA:567,97,1,1
BRDA:567,98,0,1
BRDA:567,98,1,1
BRDA:570,99,0,0
BRDA:570,99,1,1
BRDA:577,100,0,1
BRDA:577,100,1,12
BRDA:577,101,0,13
BRDA:577,101,1,11
BRDA:577,101,2,2
BRDA:583,102,0,255
BRDA:583,102,1,239
BRDA:583,102,2,5
BRDA:583,102,3,21
BRDA:588,103,0,21
BRDA:588,103,1,16
BRDA:592,104,0,21
BRDA:592,104,1,5
BRDA:595,105,0,5
BRDA:595,105,1,0
BRDA:595,105,2,0
BRDA:597,106,0,5
BRDA:597,106,1,0
BRDA:598,107,0,5
BRDA:598,107,1,0
BRDA:619,108,0,255
BRDA:619,108,1,81
BRDA:625,109,0,81
BRDA:625,109,1,73
BRDA:648,110,0,3
BRDA:648,110,1,78
BRDA:652,111,0,6
BRDA:652,111,1,102
BRDA:655,112,0,1
BRDA:655,112,1,0
BRDA:662,113,0,3
BRDA:662,113,1,78
BRF:247
BRH:155
end_of_record
TN:
SF:src/components/Address/AddressTypes.ts
FNF:0
FNH:0
LF:0
LH:0
BRF:0
BRH:0
end_of_record
TN:
SF:src/components/Address/GeoBoundingBox.ts
FNF:0
FNH:0
DA:7,4
DA:23,4
LF:2
LH:2
BRF:0
BRH:0
end_of_record
TN:
SF:src/components/Address/index.tsx
FN:16,(anonymous_0)
FN:19,(anonymous_1)
FN:22,(anonymous_2)
FN:32,(anonymous_3)
FN:39,(anonymous_4)
FNF:5
FNH:2
FNDA:3,(anonymous_0)
FNDA:0,(anonymous_1)
FNDA:3,(anonymous_2)
FNDA:0,(anonymous_3)
FNDA:0,(anonymous_4)
DA:12,3
DA:17,3
DA:20,0
DA:23,3
DA:33,0
DA:36,0
DA:39,0
DA:40,0
DA:41,0
DA:43,0
LF:10
LH:3
BRDA:36,0,0,0
BRDA:36,0,1,0
BRDA:36,1,0,0
BRDA:36,1,1,0
BRDA:38,2,0,0
BRDA:38,2,1,0
BRF:6
BRH:0
end_of_record
TN:
SF:src/components/Banner/Banner.tsx
FN:8,(anonymous_0)
FNF:1
FNH:1
FNDA:9,(anonymous_0)
DA:8,2
DA:9,9
DA:11,9
DA:12,1
DA:19,8
LF:5
LH:5
BRDA:11,0,0,1
BRDA:11,0,1,8
BRF:2
BRH:2
end_of_record
TN:
SF:src/components/Button/Button.tsx
FN:11,(anonymous_0)
FNF:1
FNH:1
FNDA:68,(anonymous_0)
DA:11,7
DA:12,68
DA:13,68
LF:3
LH:3
BRF:0
BRH:0
end_of_record
TN:
SF:src/components/ContactBar/ContactBar.stories.tsx
FN:6,(anonymous_0)
FNF:1
FNH:0
FNDA:0,(anonymous_0)
DA:6,0
LF:1
LH:0
BRF:0
BRH:0
end_of_record
TN:
SF:src/components/ContactBar/ContactBar.tsx
FN:18,(anonymous_0)
FNF:1
FNH:1
FNDA:1,(anonymous_0)
DA:10,3
DA:11,3
DA:12,3
DA:18,3
DA:19,1
DA:21,1
LF:6
LH:6
BRF:0
BRH:0
end_of_record
TN:
SF:src/components/CoverageOption/CoverageOption.stories.tsx
FN:9,(anonymous_0)
FN:20,(anonymous_1)
FN:21,(anonymous_2)
FN:31,(anonymous_3)
FNF:4
FNH:0
FNDA:0,(anonymous_0)
FNDA:0,(anonymous_1)
FNDA:0,(anonymous_2)
FNDA:0,(anonymous_3)
DA:9,0
DA:10,0
DA:13,0
DA:18,0
DA:20,0
DA:22,0
DA:32,0
LF:7
LH:0
BRF:0
BRH:0
end_of_record
TN:
SF:src/components/CoverageOption/CoverageOption.tsx
FN:20,(anonymous_0)
FN:31,(anonymous_1)
FN:43,(anonymous_2)
FN:80,(anonymous_3)
FN:103,(anonymous_4)
FN:121,(anonymous_5)
FNF:6
FNH:5
FNDA:62,(anonymous_0)
FNDA:0,(anonymous_1)
FNDA:10,(anonymous_2)
FNDA:5,(anonymous_3)
FNDA:8,(anonymous_4)
FNDA:3,(anonymous_5)
DA:20,4
DA:28,62
DA:30,62
DA:31,62
DA:32,62
DA:33,62
DA:44,10
DA:45,9
DA:81,5
DA:82,5
DA:104,8
DA:105,8
DA:122,3
DA:123,3
LF:14
LH:14
BRDA:36,0,0,3
BRDA:36,0,1,59
BRDA:38,1,0,4
BRDA:38,1,1,55
BRDA:44,2,0,9
BRDA:44,2,1,1
BRDA:47,3,0,9
BRDA:47,3,1,8
BRDA:64,4,0,3
BRDA:64,4,1,59
BRDA:66,5,0,4
BRDA:66,5,1,55
BRDA:76,6,0,12
BRDA:76,6,1,50
BRDA:101,7,0,62
BRDA:101,7,1,8
BRDA:112,8,0,8
BRDA:112,8,1,54
BRDA:119,9,0,62
BRDA:119,9,1,54
BRF:20
BRH:20
end_of_record
TN:
SF:src/components/CoverageOption/CoverageOptionTypes.tsx
FNF:0
FNH:0
LF:0
LH:0
BRF:0
BRH:0
end_of_record
TN:
SF:src/components/CoverageOption/index.tsx
FN:14,(anonymous_0)
FN:17,(anonymous_1)
FN:20,(anonymous_2)
FN:54,(anonymous_3)
FN:65,(anonymous_4)
FNF:5
FNH:5
FNDA:4,(anonymous_0)
FNDA:2,(anonymous_1)
FNDA:5,(anonymous_2)
FNDA:3,(anonymous_3)
FNDA:1,(anonymous_4)
DA:10,4
DA:15,4
DA:18,2
DA:22,5
DA:45,5
DA:63,3
DA:65,3
DA:66,1
DA:69,3
LF:9
LH:9
BRF:0
BRH:0
end_of_record
TN:
SF:src/components/Customer/Customer.stories.tsx
FN:9,(anonymous_0)
FN:26,(anonymous_1)
FN:31,(anonymous_2)
FNF:3
FNH:0
FNDA:0,(anonymous_0)
FNDA:0,(anonymous_1)
FNDA:0,(anonymous_2)
DA:9,0
DA:10,0
DA:18,0
DA:25,0
DA:27,0
DA:32,0
LF:6
LH:0
BRF:0
BRH:0
end_of_record
TN:
SF:src/components/Customer/Customer.tsx
FN:15,(anonymous_0)
FN:31,(anonymous_1)
FN:42,(anonymous_2)
FN:53,(anonymous_3)
FN:64,(anonymous_4)
FN:79,(anonymous_5)
FNF:6
FNH:1
FNDA:1,(anonymous_0)
FNDA:0,(anonymous_1)
FNDA:0,(anonymous_2)
FNDA:0,(anonymous_3)
FNDA:0,(anonymous_4)
FNDA:0,(anonymous_5)
DA:15,4
DA:16,1
DA:18,1
DA:19,1
DA:20,1
DA:21,1
DA:22,1
DA:29,1
DA:31,1
DA:32,0
DA:33,0
DA:36,1
DA:43,0
DA:47,0
DA:54,0
DA:58,0
DA:65,0
DA:69,0
DA:80,0
DA:84,0
LF:20
LH:10
BRDA:18,0,0,1
BRDA:18,0,1,1
BRDA:19,1,0,1
BRDA:19,1,1,1
BRDA:20,2,0,1
BRDA:20,2,1,1
BRDA:21,3,0,1
BRDA:21,3,1,1
BRF:8
BRH:8
end_of_record
TN:
SF:src/components/Customer/CustomerTypes.ts
FNF:0
FNH:0
LF:0
LH:0
BRF:0
BRH:0
end_of_record
TN:
SF:src/components/Customer/index.tsx
FN:11,(anonymous_0)
FN:14,(anonymous_1)
FN:17,(anonymous_2)
FN:27,(anonymous_3)
FN:30,(anonymous_4)
FNF:5
FNH:5
FNDA:4,(anonymous_0)
FNDA:2,(anonymous_1)
FNDA:4,(anonymous_2)
FNDA:3,(anonymous_3)
FNDA:1,(anonymous_4)
DA:7,4
DA:12,4
DA:15,2
DA:18,4
DA:28,3
DA:30,3
DA:31,1
DA:34,3
LF:8
LH:8
BRF:0
BRH:0
end_of_record
TN:
SF:src/components/DatePicker/DatePicker.stories.tsx
FN:7,(anonymous_0)
FN:11,(anonymous_1)
FNF:2
FNH:0
FNDA:0,(anonymous_0)
FNDA:0,(anonymous_1)
DA:7,0
DA:9,0
DA:11,0
DA:12,0
LF:4
LH:0
BRF:0
BRH:0
end_of_record
TN:
SF:src/components/DatePicker/DatePicker.tsx
FN:16,(anonymous_0)
FN:48,(anonymous_1)
FN:109,(anonymous_2)
FN:115,(anonymous_3)
FN:116,(anonymous_4)
FNF:5
FNH:5
FNDA:10,(anonymous_0)
FNDA:63,(anonymous_1)
FNDA:2,(anonymous_2)
FNDA:11,(anonymous_3)
FNDA:1,(anonymous_4)
DA:16,4
DA:17,10
DA:18,10
DA:19,10
DA:21,10
DA:28,4
DA:48,4
DA:62,63
DA:63,4
DA:65,59
DA:68,63
DA:69,4
DA:71,59
DA:75,63
DA:77,63
DA:79,63
DA:110,2
DA:111,2
DA:115,11
DA:116,1
LF:20
LH:20
BRDA:62,0,0,4
BRDA:62,0,1,59
BRDA:65,1,0,5
BRDA:65,1,1,54
BRDA:68,2,0,4
BRDA:68,2,1,59
BRDA:71,3,0,5
BRDA:71,3,1,54
BRDA:75,4,0,63
BRDA:75,4,1,42
BRDA:85,5,0,63
BRDA:85,5,1,60
BRDA:86,6,0,2
BRDA:86,6,1,61
BRDA:103,7,0,2
BRDA:103,7,1,61
BRDA:120,8,0,63
BRDA:120,8,1,60
BRF:18
BRH:18
end_of_record
TN:
SF:src/components/DatePicker/DatePickerTypes.ts
FNF:0
FNH:0
LF:0
LH:0
BRF:0
BRH:0
end_of_record
TN:
SF:src/components/DatePicker/index.tsx
FN:11,(anonymous_0)
FN:14,(anonymous_1)
FN:17,(anonymous_2)
FN:34,(anonymous_3)
FN:37,(anonymous_4)
FNF:5
FNH:5
FNDA:4,(anonymous_0)
FNDA:2,(anonymous_1)
FNDA:5,(anonymous_2)
FNDA:3,(anonymous_3)
FNDA:1,(anonymous_4)
DA:7,4
DA:12,4
DA:15,2
DA:18,5
DA:30,5
DA:37,3
DA:38,1
DA:49,3
DA:50,3
LF:9
LH:9
BRF:0
BRH:0
end_of_record
TN:
SF:src/components/Header/Header.stories.tsx
FN:6,(anonymous_0)
FNF:1
FNH:0
FNDA:0,(anonymous_0)
DA:6,0
LF:1
LH:0
BRF:0
BRH:0
end_of_record
TN:
SF:src/components/Header/HelpText.tsx
FN:3,(anonymous_0)
FN:13,(anonymous_1)
FNF:2
FNH:2
FNDA:1,(anonymous_0)
FNDA:3,(anonymous_1)
DA:3,2
DA:4,1
DA:14,3
LF:3
LH:3
BRF:0
BRH:0
end_of_record
TN:
SF:src/components/Header/index.tsx
FN:11,(anonymous_0)
FN:60,(anonymous_1)
FN:61,(anonymous_2)
FN:67,(anonymous_3)
FN:76,(anonymous_4)
FN:77,(anonymous_5)
FN:86,(anonymous_6)
FNF:7
FNH:6
FNDA:38,(anonymous_0)
FNDA:2,(anonymous_1)
FNDA:5,(anonymous_2)
FNDA:8,(anonymous_3)
FNDA:1,(anonymous_4)
FNDA:0,(anonymous_5)
FNDA:1,(anonymous_6)
DA:11,2
DA:12,38
DA:14,38
DA:15,38
DA:16,38
DA:19,38
DA:21,38
DA:60,2
DA:61,5
DA:67,8
DA:76,1
DA:77,0
DA:86,1
LF:13
LH:12
BRDA:14,0,0,7
BRDA:14,0,1,31
BRDA:15,1,0,7
BRDA:15,1,1,31
BRDA:16,2,0,7
BRDA:16,2,1,31
BRDA:46,3,0,3
BRDA:46,3,1,35
BRDA:49,4,0,1
BRDA:49,4,1,2
BRDA:73,5,0,11
BRDA:73,5,1,27
BRF:12
BRH:12
end_of_record
TN:
SF:src/components/Input/Input.stories.tsx
FN:9,(anonymous_0)
FN:19,(anonymous_1)
FN:20,(anonymous_2)
FN:27,(anonymous_3)
FN:35,(anonymous_4)
FN:36,(anonymous_5)
FN:43,(anonymous_6)
FNF:7
FNH:0
FNDA:0,(anonymous_0)
FNDA:0,(anonymous_1)
FNDA:0,(anonymous_2)
FNDA:0,(anonymous_3)
FNDA:0,(anonymous_4)
FNDA:0,(anonymous_5)
FNDA:0,(anonymous_6)
DA:9,0
DA:16,0
DA:17,0
DA:19,0
DA:21,0
DA:28,0
DA:36,0
DA:37,0
DA:38,0
DA:41,0
DA:44,0
LF:11
LH:0
BRF:0
BRH:0
end_of_record
TN:
SF:src/components/Input/Input.tsx
FN:24,(anonymous_0)
FN:72,(anonymous_1)
FN:85,(anonymous_2)
FNF:3
FNH:2
FNDA:10,(anonymous_0)
FNDA:0,(anonymous_1)
FNDA:2,(anonymous_2)
DA:24,6
DA:41,10
DA:43,10
DA:45,10
DA:72,0
DA:86,2
LF:6
LH:5
BRDA:43,0,0,1
BRDA:43,0,1,9
BRDA:48,1,0,0
BRDA:48,1,1,10
BRDA:49,2,0,0
BRDA:49,2,1,10
BRDA:62,3,0,0
BRDA:62,3,1,10
BRDA:66,4,0,0
BRDA:66,4,1,10
BRDA:70,5,0,0
BRDA:70,5,1,0
BRDA:80,6,0,0
BRDA:80,6,1,10
BRDA:82,7,0,10
BRDA:82,7,1,7
BRF:16
BRH:9
end_of_record
TN:
SF:src/components/Input/InputTypes.ts
FNF:0
FNH:0
LF:0
LH:0
BRF:0
BRH:0
end_of_record
TN:
SF:src/components/Input/index.tsx
FN:11,(anonymous_0)
FN:14,(anonymous_1)
FN:17,(anonymous_2)
FN:39,(anonymous_3)
FN:40,(anonymous_4)
FNF:5
FNH:5
FNDA:4,(anonymous_0)
FNDA:2,(anonymous_1)
FNDA:5,(anonymous_2)
FNDA:10,(anonymous_3)
FNDA:2,(anonymous_4)
DA:7,4
DA:12,4
DA:15,2
DA:18,5
DA:35,5
DA:40,10
DA:41,2
DA:55,10
DA:56,9
LF:9
LH:9
BRF:0
BRH:0
end_of_record
TN:
SF:src/components/Loading/Loading.stories.tsx
FN:6,(anonymous_0)
FNF:1
FNH:0
FNDA:0,(anonymous_0)
DA:6,0
LF:1
LH:0
BRF:0
BRH:0
end_of_record
TN:
SF:src/components/Loading/Loading.tsx
FN:7,(anonymous_0)
FNF:1
FNH:1
FNDA:123,(anonymous_0)
DA:7,8
DA:8,123
LF:2
LH:2
BRF:0
BRH:0
end_of_record
TN:
SF:src/components/Modal/Modal.stories.tsx
FN:6,(anonymous_0)
FNF:1
FNH:0
FNDA:0,(anonymous_0)
DA:6,0
LF:1
LH:0
BRF:0
BRH:0
end_of_record
TN:
SF:src/components/Modal/Modal.tsx
FN:13,(anonymous_0)
FNF:1
FNH:1
FNDA:4,(anonymous_0)
DA:13,6
DA:14,4
DA:15,4
LF:3
LH:3
BRDA:19,0,0,3
BRDA:19,0,1,1
BRDA:24,1,0,3
BRDA:24,1,1,3
BRDA:27,2,0,3
BRDA:27,2,1,1
BRDA:32,3,0,3
BRDA:32,3,1,3
BRF:8
BRH:8
end_of_record
TN:
SF:src/components/ModalWithHeader/index.tsx
FN:12,(anonymous_0)
FN:29,(anonymous_1)
FNF:2
FNH:1
FNDA:1,(anonymous_0)
FNDA:0,(anonymous_1)
DA:12,2
DA:18,1
DA:19,1
DA:29,0
LF:4
LH:3
BRDA:23,0,0,1
BRDA:23,0,1,1
BRF:2
BRH:2
end_of_record
TN:
SF:src/components/Navigation/Navigation.stories.tsx
FN:6,(anonymous_0)
FNF:1
FNH:0
FNDA:0,(anonymous_0)
DA:6,0
LF:1
LH:0
BRF:0
BRH:0
end_of_record
TN:
SF:src/components/Navigation/Navigation.tsx
FN:13,(anonymous_0)
FNF:1
FNH:1
FNDA:59,(anonymous_0)
DA:13,5
DA:14,59
DA:16,59
LF:3
LH:3
BRDA:21,0,0,0
BRDA:21,0,1,59
BRDA:32,1,0,59
BRDA:32,1,1,50
BRF:4
BRH:3
end_of_record
TN:
SF:src/components/Navigation/ProgressBar.tsx
FN:7,(anonymous_0)
FNF:1
FNH:1
FNDA:14,(anonymous_0)
DA:7,2
DA:10,14
DA:11,14
LF:3
LH:3
BRDA:10,0,0,3
BRDA:10,0,1,11
BRF:2
BRH:2
end_of_record
TN:
SF:src/components/QuotePageSelectInput/SelectInput.stories.tsx
FN:8,(anonymous_0)
FN:21,(anonymous_1)
FN:24,(anonymous_2)
FN:33,(anonymous_3)
FN:43,(anonymous_4)
FN:53,(anonymous_5)
FN:63,(anonymous_6)
FN:73,(anonymous_7)
FN:83,(anonymous_8)
FN:93,(anonymous_9)
FN:103,(anonymous_10)
FN:113,(anonymous_11)
FNF:12
FNH:0
FNDA:0,(anonymous_0)
FNDA:0,(anonymous_1)
FNDA:0,(anonymous_2)
FNDA:0,(anonymous_3)
FNDA:0,(anonymous_4)
FNDA:0,(anonymous_5)
FNDA:0,(anonymous_6)
FNDA:0,(anonymous_7)
FNDA:0,(anonymous_8)
FNDA:0,(anonymous_9)
FNDA:0,(anonymous_10)
FNDA:0,(anonymous_11)
DA:8,0
DA:9,0
DA:12,0
DA:14,0
DA:19,0
DA:22,0
DA:25,0
DA:34,0
DA:44,0
DA:54,0
DA:64,0
DA:74,0
DA:84,0
DA:94,0
DA:104,0
DA:114,0
LF:16
LH:0
BRF:0
BRH:0
end_of_record
TN:
SF:src/components/QuotePageSelectInput/SelectInput.tsx
FN:25,(anonymous_0)
FN:52,(anonymous_1)
FN:58,(anonymous_2)
FNF:3
FNH:3
FNDA:76,(anonymous_0)
FNDA:6,(anonymous_1)
FNDA:156,(anonymous_2)
DA:25,5
DA:37,76
DA:38,76
DA:39,76
DA:44,76
DA:53,6
DA:59,156
LF:7
LH:7
BRDA:38,0,0,76
BRDA:38,0,1,1
BRDA:40,1,0,0
BRDA:40,1,1,76
BRDA:42,2,0,0
BRDA:42,2,1,76
BRDA:46,3,0,76
BRDA:46,3,1,76
BRDA:48,4,0,75
BRDA:48,4,1,1
BRDA:71,5,0,153
BRDA:71,5,1,3
BRDA:82,6,0,76
BRDA:82,6,1,76
BRDA:83,7,0,0
BRDA:83,7,1,76
BRF:16
BRH:13
end_of_record
TN:
SF:src/components/QuotePageSelectInput/SelectInputTypes.ts
FNF:0
FNH:0
LF:0
LH:0
BRF:0
BRH:0
end_of_record
TN:
SF:src/components/QuotePageSelectInput/index.tsx
FN:11,(anonymous_0)
FN:14,(anonymous_1)
FN:17,(anonymous_2)
FN:27,(anonymous_3)
FN:30,(anonymous_4)
FNF:5
FNH:5
FNDA:1,(anonymous_0)
FNDA:2,(anonymous_1)
FNDA:1,(anonymous_2)
FNDA:3,(anonymous_3)
FNDA:1,(anonymous_4)
DA:7,1
DA:12,1
DA:15,2
DA:18,1
DA:30,3
DA:31,1
DA:41,3
DA:42,3
LF:8
LH:8
BRF:0
BRH:0
end_of_record
TN:
SF:src/components/SearchSelect/SearchSelect.stories.tsx
FN:6,(anonymous_0)
FN:18,(anonymous_1)
FNF:2
FNH:0
FNDA:0,(anonymous_0)
FNDA:0,(anonymous_1)
DA:6,0
DA:10,0
DA:12,0
DA:18,0
DA:19,0
LF:5
LH:0
BRF:0
BRH:0
end_of_record
TN:
SF:src/components/SearchSelect/SearchSelect.tsx
FN:20,(anonymous_0)
FN:33,(anonymous_1)
FN:37,(anonymous_2)
FN:41,(anonymous_3)
FN:43,(anonymous_4)
FN:73,(anonymous_5)
FN:76,(anonymous_6)
FN:82,(anonymous_7)
FNF:8
FNH:8
FNDA:50,(anonymous_0)
FNDA:36,(anonymous_1)
FNDA:33,(anonymous_2)
FNDA:46,(anonymous_3)
FNDA:35,(anonymous_4)
FNDA:516,(anonymous_5)
FNDA:11,(anonymous_6)
FNDA:195,(anonymous_7)
DA:20,4
DA:28,50
DA:30,50
DA:33,50
DA:34,36
DA:37,50
DA:38,33
DA:41,50
DA:42,46
DA:43,35
DA:44,19
DA:46,27
DA:49,50
DA:73,516
DA:77,11
DA:78,10
DA:79,10
DA:83,195
LF:18
LH:18
BRDA:30,0,0,50
BRDA:30,0,1,38
BRDA:34,1,0,36
BRDA:34,1,1,26
BRDA:42,2,0,19
BRDA:42,2,1,27
BRDA:44,3,0,19
BRDA:44,3,1,1
BRDA:55,4,0,50
BRDA:55,4,1,48
BRDA:56,5,0,2
BRDA:56,5,1,48
BRDA:77,6,0,10
BRDA:77,6,1,1
BRDA:85,7,0,159
BRDA:85,7,1,36
BRF:16
BRH:16
end_of_record
TN:
SF:src/components/SearchSelect/SearchSelectTypes.ts
FNF:0
FNH:0
LF:0
LH:0
BRF:0
BRH:0
end_of_record
TN:
SF:src/components/SearchSelect/index.tsx
FN:11,(anonymous_0)
FN:14,(anonymous_1)
FN:17,(anonymous_2)
FN:36,(anonymous_3)
FN:39,(anonymous_4)
FNF:5
FNH:5
FNDA:4,(anonymous_0)
FNDA:6,(anonymous_1)
FNDA:6,(anonymous_2)
FNDA:21,(anonymous_3)
FNDA:5,(anonymous_4)
DA:7,4
DA:12,4
DA:15,6
DA:19,6
DA:27,6
DA:39,21
DA:40,5
DA:42,21
DA:43,21
LF:9
LH:9
BRF:0
BRH:0
end_of_record
TN:
SF:src/components/SelectInput/SelectInput.stories.tsx
FN:8,(anonymous_0)
FN:21,(anonymous_1)
FN:24,(anonymous_2)
FN:33,(anonymous_3)
FN:43,(anonymous_4)
FN:53,(anonymous_5)
FN:63,(anonymous_6)
FN:73,(anonymous_7)
FN:83,(anonymous_8)
FN:93,(anonymous_9)
FN:103,(anonymous_10)
FN:113,(anonymous_11)
FNF:12
FNH:0
FNDA:0,(anonymous_0)
FNDA:0,(anonymous_1)
FNDA:0,(anonymous_2)
FNDA:0,(anonymous_3)
FNDA:0,(anonymous_4)
FNDA:0,(anonymous_5)
FNDA:0,(anonymous_6)
FNDA:0,(anonymous_7)
FNDA:0,(anonymous_8)
FNDA:0,(anonymous_9)
FNDA:0,(anonymous_10)
FNDA:0,(anonymous_11)
DA:8,0
DA:9,0
DA:12,0
DA:14,0
DA:19,0
DA:22,0
DA:25,0
DA:34,0
DA:44,0
DA:54,0
DA:64,0
DA:74,0
DA:84,0
DA:94,0
DA:104,0
DA:114,0
LF:16
LH:0
BRF:0
BRH:0
end_of_record
TN:
SF:src/components/SelectInput/SelectInput.tsx
FN:22,(anonymous_0)
FN:56,(anonymous_1)
FN:61,(anonymous_2)
FN:65,(anonymous_3)
FNF:4
FNH:3
FNDA:1,(anonymous_0)
FNDA:0,(anonymous_1)
FNDA:2,(anonymous_2)
FNDA:3,(anonymous_3)
DA:22,4
DA:31,1
DA:32,1
DA:33,1
DA:57,0
DA:61,2
DA:66,3
LF:7
LH:6
BRDA:32,0,0,1
BRDA:32,0,1,1
BRDA:39,1,0,1
BRDA:39,1,1,1
BRDA:40,2,0,0
BRDA:40,2,1,1
BRDA:64,3,0,1
BRDA:64,3,1,0
BRDA:82,4,0,1
BRDA:82,4,1,1
BRF:10
BRH:8
end_of_record
TN:
SF:src/components/SelectInput/SelectInputTypes.ts
FNF:0
FNH:0
LF:0
LH:0
BRF:0
BRH:0
end_of_record
TN:
SF:src/components/SelectInput/index.tsx
FN:11,(anonymous_0)
FN:14,(anonymous_1)
FN:17,(anonymous_2)
FN:27,(anonymous_3)
FN:30,(anonymous_4)
FNF:5
FNH:5
FNDA:4,(anonymous_0)
FNDA:2,(anonymous_1)
FNDA:4,(anonymous_2)
FNDA:5,(anonymous_3)
FNDA:1,(anonymous_4)
DA:7,4
DA:12,4
DA:15,2
DA:18,4
DA:30,5
DA:31,1
DA:41,5
DA:42,5
LF:8
LH:8
BRF:0
BRH:0
end_of_record
TN:
SF:src/components/SliderBar/SliderBar.stories.tsx
FN:6,(anonymous_0)
FN:21,(anonymous_1)
FN:24,(anonymous_2)
FN:27,(anonymous_3)
FN:35,(anonymous_4)
FNF:5
FNH:0
FNDA:0,(anonymous_0)
FNDA:0,(anonymous_1)
FNDA:0,(anonymous_2)
FNDA:0,(anonymous_3)
FNDA:0,(anonymous_4)
DA:6,0
DA:7,0
DA:10,0
DA:12,0
DA:14,0
DA:20,0
DA:22,0
DA:25,0
DA:28,0
DA:36,0
LF:10
LH:0
BRF:0
BRH:0
end_of_record
TN:
SF:src/components/SliderBar/SliderBar.tsx
FN:34,(anonymous_0)
FN:37,(anonymous_1)
FN:40,(anonymous_2)
FN:43,(anonymous_3)
FN:89,(anonymous_4)
FNF:5
FNH:4
FNDA:1,(anonymous_0)
FNDA:3,(anonymous_1)
FNDA:3,(anonymous_2)
FNDA:3,(anonymous_3)
FNDA:0,(anonymous_4)
DA:21,1
DA:34,1
DA:35,1
DA:36,1
DA:37,1
DA:38,3
DA:40,1
DA:41,3
DA:43,3
DA:47,1
DA:49,1
DA:51,1
DA:53,1
DA:90,0
DA:91,0
DA:92,0
DA:93,0
LF:17
LH:13
BRDA:49,0,0,0
BRDA:49,0,1,1
BRDA:56,1,0,0
BRDA:56,1,1,1
BRDA:57,2,0,0
BRDA:57,2,1,1
BRF:6
BRH:3
end_of_record
TN:
SF:src/components/SliderBar/SliderBarTypes.ts
FNF:0
FNH:0
LF:0
LH:0
BRF:0
BRH:0
end_of_record
TN:
SF:src/components/SliderBar/index.tsx
FN:11,(anonymous_0)
FN:14,(anonymous_1)
FN:17,(anonymous_2)
FN:22,(anonymous_3)
FN:25,(anonymous_4)
FNF:5
FNH:5
FNDA:1,(anonymous_0)
FNDA:2,(anonymous_1)
FNDA:1,(anonymous_2)
FNDA:5,(anonymous_3)
FNDA:1,(anonymous_4)
DA:7,1
DA:12,1
DA:15,2
DA:18,1
DA:25,5
DA:26,1
DA:28,5
DA:29,5
LF:8
LH:8
BRF:0
BRH:0
end_of_record
TN:
SF:src/components/Spinner/index.tsx
FN:7,(anonymous_0)
FNF:1
FNH:1
FNDA:23,(anonymous_0)
DA:7,5
DA:8,23
LF:2
LH:2
BRF:0
BRH:0
end_of_record
TN:
SF:src/components/ToggleButton/Boolean.stories.tsx
FN:8,(anonymous_0)
FN:13,(anonymous_1)
FN:14,(anonymous_2)
FN:17,(anonymous_3)
FNF:4
FNH:0
FNDA:0,(anonymous_0)
FNDA:0,(anonymous_1)
FNDA:0,(anonymous_2)
FNDA:0,(anonymous_3)
DA:8,0
DA:10,0
DA:12,0
DA:13,0
DA:15,0
DA:18,0
LF:6
LH:0
BRF:0
BRH:0
end_of_record
TN:
SF:src/components/ToggleButton/Boolean.tsx
FN:10,(anonymous_0)
FN:58,(anonymous_1)
FN:70,(anonymous_2)
FN:101,(anonymous_3)
FNF:4
FNH:4
FNDA:19,(anonymous_0)
FNDA:30,(anonymous_1)
FNDA:20,(anonymous_2)
FNDA:8,(anonymous_3)
DA:10,19
DA:58,1
DA:67,30
DA:68,29
DA:70,29
DA:71,20
DA:73,29
DA:102,8
DA:103,8
LF:9
LH:9
BRDA:76,0,0,29
BRDA:76,0,1,28
BRDA:77,1,0,1
BRDA:77,1,1,28
BRDA:97,2,0,29
BRDA:97,2,1,27
BRDA:106,3,0,29
BRDA:106,3,1,27
BRF:8
BRH:8
end_of_record
TN:
SF:src/components/ToggleButton/BooleanTypes.ts
FNF:0
FNH:0
LF:0
LH:0
BRF:0
BRH:0
end_of_record
TN:
SF:src/components/ToggleButton/ToggleButton.tsx
FN:14,(anonymous_0)
FN:45,(anonymous_1)
FN:56,(anonymous_2)
FNF:3
FNH:0
FNDA:0,(anonymous_0)
FNDA:0,(anonymous_1)
FNDA:0,(anonymous_2)
DA:14,3
DA:15,0
DA:16,0
DA:17,0
DA:46,0
DA:47,0
DA:57,0
DA:58,0
LF:8
LH:1
BRDA:23,0,0,0
BRDA:23,0,1,0
BRDA:24,1,0,0
BRDA:24,1,1,0
BRDA:43,2,0,0
BRDA:43,2,1,0
BRDA:50,3,0,0
BRDA:50,3,1,0
BRDA:54,4,0,0
BRDA:54,4,1,0
BRDA:61,5,0,0
BRDA:61,5,1,0
BRF:12
BRH:0
end_of_record
TN:
SF:src/components/ToggleButton/index.tsx
FN:12,(anonymous_0)
FN:15,(anonymous_1)
FN:18,(anonymous_2)
FN:28,(anonymous_3)
FN:31,(anonymous_4)
FNF:5
FNH:5
FNDA:4,(anonymous_0)
FNDA:4,(anonymous_1)
FNDA:5,(anonymous_2)
FNDA:9,(anonymous_3)
FNDA:5,(anonymous_4)
DA:8,4
DA:13,4
DA:16,4
DA:19,5
DA:31,9
DA:32,5
DA:34,9
DA:35,9
LF:8
LH:8
BRF:0
BRH:0
end_of_record
TN:
SF:src/generated/graphql.ts
FN:1439,useCheckApplicationDateValidMutation
FN:1480,useCompleteApplicationMutation
FN:1542,useCreateApplicationMutation
FN:1596,useGetQuotePageRedirectQuery
FN:1600,useGetQuotePageRedirectLazyQuery
FN:1632,useGetBrokerInfoByQuoteIdQuery
FN:1636,useGetBrokerInfoByQuoteIdLazyQuery
FN:1685,useGetFirstJsonQuery
FN:1689,useGetFirstJsonLazyQuery
FN:1760,useGetJsoNbyApplicationIdQuery
FN:1764,useGetJsoNbyApplicationIdLazyQuery
FN:1801,useGetPolicyOptionsQueryStringDataQuery
FN:1805,useGetPolicyOptionsQueryStringDataLazyQuery
FN:1899,useGetQuoteQuery
FN:1903,useGetQuoteLazyQuery
FN:1950,useResetCoverageRecommendationMutation
FN:1979,useSendCancellationEmailQuery
FN:1983,useSendCancellationEmailLazyQuery
FN:2012,useSendEndorsementEmailQuery
FN:2016,useSendEndorsementEmailLazyQuery
FN:2053,useSendQuoteLinkMutation
FN:2085,useStartWcMutation
FN:2125,useTryGetWcQuestionsQuery
FN:2129,useTryGetWcQuestionsLazyQuery
FN:2187,useUpdateApplicationMutation
FN:2235,useUpdateApplicationAnswersAndQuoteMutation
FN:2281,useUpdateCoverageMutation
FN:2316,useUpdateEffectiveDateMutation
FNF:28
FNH:6
FNDA:9,useCheckApplicationDateValidMutation
FNDA:9,useCompleteApplicationMutation
FNDA:0,useCreateApplicationMutation
FNDA:245,useGetQuotePageRedirectQuery
FNDA:0,useGetQuotePageRedirectLazyQuery
FNDA:0,useGetBrokerInfoByQuoteIdQuery
FNDA:0,useGetBrokerInfoByQuoteIdLazyQuery
FNDA:0,useGetFirstJsonQuery
FNDA:0,useGetFirstJsonLazyQuery
FNDA:0,useGetJsoNbyApplicationIdQuery
FNDA:0,useGetJsoNbyApplicationIdLazyQuery
FNDA:0,useGetPolicyOptionsQueryStringDataQuery
FNDA:0,useGetPolicyOptionsQueryStringDataLazyQuery
FNDA:0,useGetQuoteQuery
FNDA:0,useGetQuoteLazyQuery
FNDA:0,useResetCoverageRecommendationMutation
FNDA:0,useSendCancellationEmailQuery
FNDA:0,useSendCancellationEmailLazyQuery
FNDA:0,useSendEndorsementEmailQuery
FNDA:0,useSendEndorsementEmailLazyQuery
FNDA:6,useSendQuoteLinkMutation
FNDA:0,useStartWcMutation
FNDA:0,useTryGetWcQuestionsQuery
FNDA:0,useTryGetWcQuestionsLazyQuery
FNDA:9,useUpdateApplicationMutation
FNDA:6,useUpdateApplicationAnswersAndQuoteMutation
FNDA:0,useUpdateCoverageMutation
FNDA:0,useUpdateEffectiveDateMutation
DA:10,10
DA:1415,10
DA:1440,9
DA:1441,9
DA:1446,10
DA:1481,9
DA:1482,9
DA:1487,10
DA:1543,0
DA:1544,0
DA:1549,10
DA:1597,245
DA:1598,245
DA:1601,0
DA:1602,0
DA:1607,10
DA:1633,0
DA:1634,0
DA:1637,0
DA:1638,0
DA:1643,10
DA:1686,0
DA:1687,0
DA:1690,0
DA:1691,0
DA:1696,10
DA:1761,0
DA:1762,0
DA:1765,0
DA:1766,0
DA:1771,10
DA:1802,0
DA:1803,0
DA:1806,0
DA:1807,0
DA:1812,10
DA:1900,0
DA:1901,0
DA:1904,0
DA:1905,0
DA:1910,10
DA:1951,0
DA:1952,0
DA:1957,10
DA:1980,0
DA:1981,0
DA:1984,0
DA:1985,0
DA:1990,10
DA:2013,0
DA:2014,0
DA:2017,0
DA:2018,0
DA:2023,10
DA:2054,6
DA:2055,6
DA:2060,10
DA:2086,0
DA:2087,0
DA:2092,10
DA:2126,0
DA:2127,0
DA:2130,0
DA:2131,0
DA:2136,10
DA:2188,9
DA:2189,9
DA:2194,10
DA:2236,6
DA:2237,6
DA:2242,10
DA:2282,0
DA:2283,0
DA:2288,10
DA:2317,0
DA:2318,0
LF:76
LH:32
BRF:0
BRH:0
end_of_record
TN:
SF:src/generated/payment-graphql.ts
FN:1130,(anonymous_0)
FN:1132,getSdk
FN:1134,(anonymous_2)
FN:1135,(anonymous_3)
FN:1137,(anonymous_4)
FN:1138,(anonymous_5)
FN:1140,(anonymous_6)
FN:1141,(anonymous_7)
FNF:8
FNH:1
FNDA:0,(anonymous_0)
FNDA:34,getSdk
FNDA:0,(anonymous_2)
FNDA:0,(anonymous_3)
FNDA:0,(anonymous_4)
FNDA:0,(anonymous_5)
FNDA:0,(anonymous_6)
FNDA:0,(anonymous_7)
DA:1098,10
DA:1116,10
DA:1121,10
DA:1130,10
DA:1133,34
DA:1135,0
DA:1138,0
DA:1141,0
LF:8
LH:5
BRDA:1132,0,0,34
BRF:1
BRH:1
end_of_record
TN:
SF:src/generated/rating-quoting-graphql.ts
FN:1011,(anonymous_0)
FN:1013,getSdk
FN:1015,(anonymous_2)
FN:1016,(anonymous_3)
FN:1018,(anonymous_4)
FN:1019,(anonymous_5)
FN:1021,(anonymous_6)
FN:1022,(anonymous_7)
FN:1024,(anonymous_8)
FN:1025,(anonymous_9)
FNF:10
FNH:1
FNDA:0,(anonymous_0)
FNDA:11,getSdk
FNDA:0,(anonymous_2)
FNDA:0,(anonymous_3)
FNDA:0,(anonymous_4)
FNDA:0,(anonymous_5)
FNDA:0,(anonymous_6)
FNDA:0,(anonymous_7)
FNDA:0,(anonymous_8)
FNDA:0,(anonymous_9)
DA:872,6
DA:877,6
DA:964,6
DA:986,6
DA:1011,6
DA:1014,11
DA:1016,0
DA:1019,0
DA:1022,0
DA:1025,0
LF:10
LH:6
BRDA:1013,0,0,11
BRF:1
BRH:1
end_of_record
TN:
SF:src/graphql/forms/CanadaProvinceResolver.ts
FN:18,(anonymous_0)
FN:19,(anonymous_1)
FN:22,(anonymous_2)
FN:28,isProvince
FN:32,isAbbrevProvince
FN:36,abbreviate
FN:47,unabbreviate
FNF:7
FNH:7
FNDA:13,(anonymous_0)
FNDA:13,(anonymous_1)
FNDA:13,(anonymous_2)
FNDA:41,isProvince
FNDA:42,isAbbrevProvince
FNDA:56,abbreviate
FNDA:56,unabbreviate
DA:1,1
DA:18,13
DA:19,13
DA:20,1
DA:21,1
DA:22,13
DA:29,41
DA:33,42
DA:37,56
DA:39,56
DA:41,3
DA:44,53
DA:48,56
DA:50,56
DA:52,3
DA:55,53
LF:16
LH:16
BRDA:39,0,0,3
BRDA:39,0,1,53
BRDA:50,1,0,3
BRDA:50,1,1,53
BRF:4
BRH:4
end_of_record
TN:
SF:src/graphql/forms/CanadaTimeZoneResolver.ts
FN:14,isCanadaTimeZone
FNF:1
FNH:1
FNDA:90,isCanadaTimeZone
DA:1,1
DA:10,1
DA:15,90
LF:3
LH:3
BRF:0
BRH:0
end_of_record
TN:
SF:src/graphql/forms/checkApplicationDateValid.ts
FNF:0
FNH:0
DA:3,0
LF:1
LH:0
BRF:0
BRH:0
end_of_record
TN:
SF:src/graphql/forms/completeApplication.ts
FNF:0
FNH:0
DA:3,0
LF:1
LH:0
BRF:0
BRH:0
end_of_record
TN:
SF:src/graphql/forms/createApplication.ts
FNF:0
FNH:0
DA:3,0
LF:1
LH:0
BRF:0
BRH:0
end_of_record
TN:
SF:src/graphql/forms/getApplicationAndOwner.ts
FNF:0
FNH:0
DA:3,0
LF:1
LH:0
BRF:0
BRH:0
end_of_record
TN:
SF:src/graphql/forms/getBrokerInfoByQuoteId.ts
FNF:0
FNH:0
DA:3,0
LF:1
LH:0
BRF:0
BRH:0
end_of_record
TN:
SF:src/graphql/forms/getJSON..ts
FNF:0
FNH:0
DA:3,0
LF:1
LH:0
BRF:0
BRH:0
end_of_record
TN:
SF:src/graphql/forms/getJSONbyApplicationId.ts
FNF:0
FNH:0
DA:4,0
LF:1
LH:0
BRF:0
BRH:0
end_of_record
TN:
SF:src/graphql/forms/getPolicyOptionsQueryStringData.ts
FNF:0
FNH:0
DA:3,0
LF:1
LH:0
BRF:0
BRH:0
end_of_record
TN:
SF:src/graphql/forms/getQuote.ts
FNF:0
FNH:0
DA:3,0
LF:1
LH:0
BRF:0
BRH:0
end_of_record
TN:
SF:src/graphql/forms/resetCoverageRecommendation.ts
FNF:0
FNH:0
DA:3,0
LF:1
LH:0
BRF:0
BRH:0
end_of_record
TN:
SF:src/graphql/forms/sendCancellationEail.ts
FNF:0
FNH:0
DA:3,0
LF:1
LH:0
BRF:0
BRH:0
end_of_record
TN:
SF:src/graphql/forms/sendEndorsementEmail.ts
FNF:0
FNH:0
DA:3,0
LF:1
LH:0
BRF:0
BRH:0
end_of_record
TN:
SF:src/graphql/forms/sendQuoteLink.ts
FNF:0
FNH:0
DA:3,0
LF:1
LH:0
BRF:0
BRH:0
end_of_record
TN:
SF:src/graphql/forms/startWc.ts
FNF:0
FNH:0
DA:3,0
LF:1
LH:0
BRF:0
BRH:0
end_of_record
TN:
SF:src/graphql/forms/tryGetWcQuestions.ts
FNF:0
FNH:0
DA:3,0
LF:1
LH:0
BRF:0
BRH:0
end_of_record
TN:
SF:src/graphql/forms/updateApplication.ts
FNF:0
FNH:0
DA:3,0
LF:1
LH:0
BRF:0
BRH:0
end_of_record
TN:
SF:src/graphql/forms/updateApplicationAnswersAndQuote.ts
FNF:0
FNH:0
DA:3,0
LF:1
LH:0
BRF:0
BRH:0
end_of_record
TN:
SF:src/graphql/forms/updateCoverage.ts
FNF:0
FNH:0
DA:3,0
LF:1
LH:0
BRF:0
BRH:0
end_of_record
TN:
SF:src/graphql/forms/updateEffectiveDate.ts
FNF:0
FNH:0
DA:3,0
LF:1
LH:0
BRF:0
BRH:0
end_of_record
TN:
SF:src/graphql/payment/getUserPaymentPlanOptionByQuoteId.ts
FNF:0
FNH:0
DA:3,0
LF:1
LH:0
BRF:0
BRH:0
end_of_record
TN:
SF:src/graphql/payment/proceedToPayment.ts
FNF:0
FNH:0
DA:3,0
LF:1
LH:0
BRF:0
BRH:0
end_of_record
TN:
SF:src/graphql/payment/sendTnCESignature.ts
FNF:0
FNH:0
DA:3,0
LF:1
LH:0
BRF:0
BRH:0
end_of_record
TN:
SF:src/graphql/rating-quoting/generateQuotePdf.ts
FNF:0
FNH:0
DA:3,0
LF:1
LH:0
BRF:0
BRH:0
end_of_record
TN:
SF:src/graphql/rating-quoting/getQuote.ts
FNF:0
FNH:0
DA:3,0
LF:1
LH:0
BRF:0
BRH:0
end_of_record
TN:
SF:src/graphql/rating-quoting/resetCoverageRecommendation.ts
FNF:0
FNH:0
DA:3,0
LF:1
LH:0
BRF:0
BRH:0
end_of_record
TN:
SF:src/graphql/rating-quoting/updateCoverage.ts
FNF:0
FNH:0
DA:3,0
LF:1
LH:0
BRF:0
BRH:0
end_of_record
TN:
SF:src/pages/index.tsx
FNF:0
FNH:0
LF:0
LH:0
BRF:0
BRH:0
end_of_record
TN:
SF:src/pages/BrokerComplete/index.tsx
FN:8,(anonymous_0)
FN:12,(anonymous_1)
FNF:2
FNH:0
FNDA:0,(anonymous_0)
FNDA:0,(anonymous_1)
DA:8,2
DA:9,0
DA:10,0
DA:12,0
DA:14,0
LF:5
LH:1
BRF:0
BRH:0
end_of_record
TN:
SF:src/pages/Commercial/Commercial.tsx
FN:29,(anonymous_0)
FN:80,(anonymous_1)
FN:127,(anonymous_2)
FN:130,(anonymous_3)
FN:136,(anonymous_4)
FN:137,(anonymous_5)
FN:156,(anonymous_6)
FN:163,(anonymous_7)
FNF:8
FNH:8
FNDA:52,(anonymous_0)
FNDA:89,(anonymous_1)
FNDA:29,(anonymous_2)
FNDA:29,(anonymous_3)
FNDA:87,(anonymous_4)
FNDA:87,(anonymous_5)
FNDA:87,(anonymous_6)
FNDA:29,(anonymous_7)
DA:29,3
DA:41,52
DA:42,52
DA:47,52
DA:52,52
DA:57,52
DA:62,52
DA:67,52
DA:72,52
DA:77,52
DA:80,3
DA:81,89
DA:82,89
DA:83,3
DA:84,3
DA:85,3
DA:88,89
DA:89,89
DA:90,89
DA:91,89
DA:95,89
DA:106,89
DA:113,89
DA:116,89
DA:125,89
DA:127,89
DA:128,29
DA:130,29
DA:131,29
DA:132,29
DA:136,89
DA:137,87
DA:138,87
DA:141,87
DA:143,29
DA:144,29
DA:145,29
DA:146,2
DA:147,2
DA:150,2
DA:156,89
DA:157,87
DA:158,29
DA:159,0
DA:161,29
DA:163,29
DA:164,29
DA:165,1
DA:167,28
DA:169,29
DA:170,29
DA:186,89
DA:192,35
DA:195,54
DA:196,0
DA:201,54
DA:202,2
DA:211,52
DA:213,52
DA:214,0
DA:217,52
DA:219,52
DA:226,52
DA:231,2
DA:233,2
DA:237,2
DA:240,52
DA:243,52
DA:246,52
DA:247,6
DA:250,6
DA:251,6
DA:252,6
DA:255,6
DA:261,52
DA:262,2
DA:265,52
DA:270,52
DA:273,52
DA:276,52
DA:278,52
DA:279,0
DA:282,52
DA:283,0
DA:286,52
DA:287,0
DA:290,52
LF:87
LH:81
BRDA:82,0,0,3
BRDA:82,0,1,86
BRDA:141,1,0,58
BRDA:141,1,1,29
BRDA:141,2,0,87
BRDA:141,2,1,29
BRDA:144,3,0,29
BRDA:144,3,1,28
BRDA:145,4,0,2
BRDA:145,4,1,27
BRDA:145,5,0,29
BRDA:145,5,1,2
BRDA:146,6,0,1
BRDA:146,6,1,1
BRDA:157,7,0,58
BRDA:157,7,1,29
BRDA:157,8,0,87
BRDA:157,8,1,29
BRDA:158,9,0,0
BRDA:158,9,1,29
BRDA:158,10,0,29
BRDA:158,10,1,0
BRDA:161,11,0,29
BRDA:161,11,1,27
BRDA:164,12,0,1
BRDA:164,12,1,28
BRDA:180,13,0,29
BRDA:180,13,1,28
BRDA:186,14,0,35
BRDA:186,14,1,54
BRDA:187,15,0,89
BRDA:187,15,1,86
BRDA:187,15,2,83
BRDA:187,15,3,56
BRDA:195,16,0,0
BRDA:195,16,1,54
BRDA:195,17,0,54
BRDA:195,17,1,54
BRDA:197,18,0,0
BRDA:197,18,1,0
BRDA:201,19,0,2
BRDA:201,19,1,52
BRDA:213,20,0,0
BRDA:213,20,1,52
BRDA:226,21,0,2
BRDA:226,21,1,50
BRDA:246,22,0,6
BRDA:246,22,1,46
BRDA:261,23,0,2
BRDA:261,23,1,50
BRDA:267,24,0,6
BRDA:267,24,1,46
BRDA:267,25,0,52
BRDA:267,25,1,48
BRDA:278,26,0,0
BRDA:278,26,1,52
BRDA:278,27,0,52
BRDA:278,27,1,50
BRDA:282,28,0,0
BRDA:282,28,1,52
BRDA:282,29,0,52
BRDA:282,29,1,46
BRDA:286,30,0,0
BRDA:286,30,1,52
BRDA:286,31,0,52
BRDA:286,31,1,48
BRF:66
BRH:57
end_of_record
TN:
SF:src/pages/Commercial/CommercialSurvey/SecondaryProfessionsMapper.ts
FNF:0
FNH:0
DA:7,4
LF:1
LH:1
BRF:0
BRH:0
end_of_record
TN:
SF:src/pages/Commercial/CommercialSurvey/index.tsx
FN:82,formatUrl
FN:86,(anonymous_1)
FN:92,(anonymous_2)
FN:105,getVersionedURL
FN:154,(anonymous_4)
FN:187,(anonymous_5)
FN:202,updateUrl
FN:238,(anonymous_7)
FN:255,(anonymous_8)
FN:311,(anonymous_9)
FN:350,(anonymous_10)
FN:396,(anonymous_11)
FN:405,(anonymous_12)
FN:413,(anonymous_13)
FN:495,(anonymous_14)
FN:499,(anonymous_15)
FN:524,(anonymous_16)
FN:529,(anonymous_17)
FN:537,(anonymous_18)
FN:559,(anonymous_19)
FN:570,(anonymous_20)
FN:573,(anonymous_21)
FNF:22
FNH:14
FNDA:38,formatUrl
FNDA:4,(anonymous_1)
FNDA:2,(anonymous_2)
FNDA:42,getVersionedURL
FNDA:111,(anonymous_4)
FNDA:108,(anonymous_5)
FNDA:31,updateUrl
FNDA:2,(anonymous_7)
FNDA:15,(anonymous_8)
FNDA:6,(anonymous_9)
FNDA:0,(anonymous_10)
FNDA:0,(anonymous_11)
FNDA:0,(anonymous_12)
FNDA:0,(anonymous_13)
FNDA:0,(anonymous_14)
FNDA:48,(anonymous_15)
FNDA:0,(anonymous_16)
FNDA:0,(anonymous_17)
FNDA:0,(anonymous_18)
FNDA:83,(anonymous_19)
FNDA:1,(anonymous_20)
FNDA:1,(anonymous_21)
DA:56,4
DA:58,4
DA:60,4
DA:62,4
DA:63,4
DA:64,4
DA:65,4
DA:67,4
DA:75,4
DA:78,4
DA:80,4
DA:83,38
DA:86,4
DA:87,4
DA:92,4
DA:93,2
DA:94,2
DA:98,2
DA:102,2
DA:114,42
DA:115,42
DA:122,38
DA:123,38
DA:124,36
DA:125,36
DA:127,36
DA:128,9
DA:129,9
DA:130,7
DA:134,7
DA:135,7
DA:136,1
DA:137,1
DA:139,7
DA:140,1
DA:141,1
DA:144,9
DA:146,36
DA:149,4
DA:150,4
DA:154,4
DA:155,111
DA:156,111
DA:160,111
DA:170,110
DA:171,110
DA:172,110
DA:173,110
DA:174,110
DA:176,110
DA:178,110
DA:179,110
DA:185,110
DA:187,110
DA:188,108
DA:195,34
DA:196,29
DA:209,31
DA:210,31
DA:219,29
DA:220,27
DA:221,27
DA:222,27
DA:223,27
DA:226,2
DA:227,2
DA:229,0
DA:230,0
DA:236,110
DA:238,110
DA:243,2
DA:244,2
DA:250,2
DA:255,110
DA:256,15
DA:259,5
DA:261,15
DA:262,15
DA:264,15
DA:266,3
DA:268,3
DA:272,3
DA:274,3
DA:275,3
DA:276,3
DA:278,3
DA:279,2
DA:284,2
DA:288,13
DA:290,4
DA:293,4
DA:294,4
DA:295,4
DA:296,4
DA:299,4
DA:301,4
DA:304,4
DA:307,4
DA:311,110
DA:312,6
DA:313,6
DA:315,2
DA:316,2
DA:317,1
DA:319,2
DA:321,3
DA:324,3
DA:325,3
DA:326,3
DA:330,2
DA:332,1
DA:333,1
DA:334,1
DA:338,1
DA:342,0
DA:344,1
DA:350,110
DA:351,0
DA:352,0
DA:353,0
DA:354,0
DA:356,0
DA:357,0
DA:358,0
DA:361,0
DA:364,0
DA:365,0
DA:368,0
DA:372,0
DA:375,0
DA:380,0
DA:381,0
DA:384,0
DA:387,0
DA:391,0
DA:392,0
DA:395,0
DA:397,0
DA:400,0
DA:401,0
DA:404,0
DA:406,0
DA:413,0
DA:414,0
DA:416,0
DA:420,0
DA:421,0
DA:425,0
DA:430,0
DA:431,0
DA:436,0
DA:437,0
DA:440,0
DA:441,0
DA:443,0
DA:469,0
DA:470,0
DA:472,0
DA:474,0
DA:476,0
DA:477,0
DA:478,0
DA:484,0
DA:486,0
DA:487,0
DA:488,0
DA:490,0
DA:491,0
DA:495,110
DA:496,0
DA:499,110
DA:500,48
DA:503,48
DA:504,47
DA:506,1
DA:510,110
DA:511,61
DA:514,49
DA:515,0
DA:518,0
DA:519,0
DA:524,0
DA:530,0
DA:538,0
DA:550,0
DA:559,49
DA:563,83
DA:566,49
DA:571,1
DA:574,1
LF:190
LH:128
BRDA:102,0,0,0
BRDA:102,0,1,2
BRDA:110,1,0,5
BRDA:124,2,0,4
BRDA:124,2,1,32
BRDA:125,3,0,32
BRDA:125,3,1,4
BRDA:127,4,0,9
BRDA:127,4,1,27
BRDA:127,5,0,36
BRDA:127,5,1,28
BRDA:129,6,0,7
BRDA:129,6,1,2
BRDA:134,7,0,5
BRDA:134,7,1,2
BRDA:135,8,0,1
BRDA:135,8,1,6
BRDA:139,9,0,1
BRDA:139,9,1,6
BRDA:188,10,0,34
BRDA:188,10,1,74
BRDA:189,11,0,108
BRDA:189,11,1,81
BRDA:189,11,2,79
BRDA:189,11,3,78
BRDA:189,11,4,47
BRDA:195,12,0,29
BRDA:195,12,1,5
BRDA:205,13,0,29
BRDA:219,14,0,27
BRDA:219,14,1,2
BRDA:221,15,0,27
BRDA:221,15,1,0
BRDA:243,16,0,2
BRDA:243,16,1,0
BRDA:244,17,0,2
BRDA:244,17,1,0
BRDA:245,18,0,2
BRDA:245,18,1,1
BRDA:245,18,2,1
BRDA:245,18,3,2
BRDA:256,19,0,5
BRDA:256,19,1,10
BRDA:264,20,0,3
BRDA:264,20,1,12
BRDA:264,21,0,15
BRDA:264,21,1,3
BRDA:276,22,0,3
BRDA:276,22,1,1
BRDA:278,23,0,2
BRDA:278,23,1,1
BRDA:278,24,0,3
BRDA:278,24,1,3
BRDA:278,24,2,3
BRDA:288,25,0,9
BRDA:288,25,1,4
BRDA:300,26,0,4
BRDA:300,26,1,4
BRDA:313,27,0,2
BRDA:313,27,1,3
BRDA:313,27,2,1
BRDA:316,28,0,1
BRDA:316,28,1,1
BRDA:326,29,0,2
BRDA:326,29,1,1
BRDA:327,30,0,3
BRDA:327,30,1,2
BRDA:338,31,0,0
BRDA:338,31,1,1
BRDA:339,32,0,1
BRDA:339,32,1,1
BRDA:351,33,0,0
BRDA:351,33,1,0
BRDA:357,34,0,0
BRDA:357,34,1,0
BRDA:364,35,0,0
BRDA:364,35,1,0
BRDA:395,36,0,0
BRDA:395,36,1,0
BRDA:404,37,0,0
BRDA:404,37,1,0
BRDA:420,38,0,0
BRDA:420,38,1,0
BRDA:430,39,0,0
BRDA:430,39,1,0
BRDA:436,40,0,0
BRDA:436,40,1,0
BRDA:456,41,0,0
BRDA:456,41,1,0
BRDA:469,42,0,0
BRDA:469,42,1,0
BRDA:474,43,0,0
BRDA:474,43,1,0
BRDA:474,43,2,0
BRDA:503,44,0,47
BRDA:503,44,1,1
BRDA:510,45,0,61
BRDA:510,45,1,49
BRDA:510,46,0,110
BRDA:510,46,1,110
BRDA:514,47,0,0
BRDA:514,47,1,49
BRDA:514,48,0,49
BRDA:514,48,1,49
BRDA:515,49,0,0
BRDA:515,49,1,0
BRDA:518,50,0,0
BRDA:518,50,1,0
BRDA:522,51,0,0
BRDA:522,51,1,0
BRDA:553,52,0,0
BRDA:553,52,1,0
BRF:112
BRH:75
end_of_record
TN:
SF:src/pages/CommercialWithApplicationId/CommercialWithApplicationId.tsx
FN:27,(anonymous_0)
FN:51,(anonymous_1)
FN:196,(anonymous_2)
FNF:3
FNH:2
FNDA:9,(anonymous_0)
FNDA:8,(anonymous_1)
FNDA:0,(anonymous_2)
DA:27,3
DA:28,9
DA:29,8
DA:35,8
DA:40,8
DA:44,8
DA:49,8
DA:51,8
DA:52,8
DA:53,3
DA:56,5
DA:57,0
DA:72,5
DA:74,5
DA:77,5
DA:79,5
DA:81,5
DA:82,5
DA:88,5
DA:91,5
DA:92,5
DA:93,5
DA:94,5
DA:95,5
DA:96,5
DA:98,5
DA:100,5
DA:104,5
DA:108,5
DA:109,5
DA:111,5
DA:114,5
DA:115,5
DA:118,5
DA:122,5
DA:123,5
DA:128,5
DA:131,5
DA:135,5
DA:137,5
DA:144,5
DA:145,1
DA:148,4
DA:149,0
DA:152,4
DA:154,0
DA:163,0
DA:165,0
DA:167,0
DA:168,0
DA:169,0
DA:171,0
DA:172,0
DA:175,0
DA:179,0
DA:180,0
DA:185,0
DA:189,0
DA:190,0
DA:195,0
DA:197,0
DA:198,0
DA:204,0
DA:206,0
DA:211,1
DA:215,1
DA:219,1
DA:220,1
DA:222,1
DA:224,1
DA:228,3
DA:231,0
DA:234,4
DA:238,8
DA:239,1
DA:242,7
DA:243,2
DA:259,5
DA:261,5
DA:262,0
DA:265,5
DA:266,0
DA:269,5
DA:270,0
DA:273,5
DA:274,0
DA:278,5
DA:285,1
DA:288,1
DA:289,1
DA:290,1
DA:291,1
DA:294,1
DA:296,1
DA:302,5
DA:310,5
DA:311,1
DA:319,5
DA:320,5
DA:321,5
LF:100
LH:74
BRDA:52,0,0,3
BRDA:52,0,1,5
BRDA:56,1,0,0
BRDA:56,1,1,5
BRDA:79,2,0,5
BRDA:79,2,1,5
BRDA:79,2,2,0
BRDA:79,2,3,0
BRDA:81,3,0,5
BRDA:81,3,1,0
BRDA:88,4,0,5
BRDA:88,4,1,5
BRDA:93,5,0,5
BRDA:93,5,1,1
BRDA:114,6,0,5
BRDA:114,6,1,0
BRDA:122,7,0,5
BRDA:122,7,1,0
BRDA:122,8,0,5
BRDA:122,8,1,5
BRDA:135,9,0,5
BRDA:135,9,1,0
BRDA:135,10,0,5
BRDA:135,10,1,5
BRDA:144,11,0,1
BRDA:144,11,1,4
BRDA:148,12,0,0
BRDA:148,12,1,4
BRDA:152,13,0,0
BRDA:152,13,1,1
BRDA:152,13,2,3
BRDA:152,13,3,0
BRDA:171,14,0,0
BRDA:171,14,1,0
BRDA:179,15,0,0
BRDA:179,15,1,0
BRDA:189,16,0,0
BRDA:189,16,1,0
BRDA:238,17,0,1
BRDA:238,17,1,7
BRDA:242,18,0,2
BRDA:242,18,1,5
BRDA:242,19,0,7
BRDA:242,19,1,5
BRDA:245,20,0,2
BRDA:245,20,1,0
BRDA:261,21,0,0
BRDA:261,21,1,5
BRDA:265,22,0,0
BRDA:265,22,1,5
BRDA:269,23,0,0
BRDA:269,23,1,5
BRDA:269,24,0,5
BRDA:269,24,1,4
BRDA:273,25,0,0
BRDA:273,25,1,5
BRDA:278,26,0,1
BRDA:278,26,1,4
BRDA:310,27,0,1
BRDA:310,27,1,4
BRF:60
BRH:39
end_of_record
TN:
SF:src/pages/CommercialWithApplicationId/supportedStates.ts
FN:53,(anonymous_0)
FNF:1
FNH:1
FNDA:4147,(anonymous_0)
DA:3,3
DA:53,3
DA:54,4147
LF:3
LH:3
BRF:0
BRH:0
end_of_record
TN:
SF:src/pages/CommercialWithApplicationId/util.ts
FN:7,getAmtrustOfficerPanel
FN:21,getDyanmicQuestionPanel
FNF:2
FNH:2
FNDA:7,getAmtrustOfficerPanel
FNDA:7,getDyanmicQuestionPanel
DA:10,7
DA:12,7
DA:13,4
DA:18,3
DA:22,7
DA:26,7
DA:27,4
DA:32,3
LF:8
LH:8
BRDA:12,0,0,4
BRDA:12,0,1,3
BRDA:26,1,0,4
BRDA:26,1,1,3
BRF:4
BRH:4
end_of_record
TN:
SF:src/pages/CommercialWithApplicationId/CommercialSurveyWithApplicationId/index.tsx
FN:58,(anonymous_0)
FN:79,(anonymous_1)
FN:126,(anonymous_2)
FN:181,(anonymous_3)
FN:186,(anonymous_4)
FN:188,(anonymous_5)
FN:196,(anonymous_6)
FN:210,(anonymous_7)
FN:279,(anonymous_8)
FN:366,(anonymous_9)
FN:371,(anonymous_10)
FN:428,(anonymous_11)
FN:451,(anonymous_12)
FN:467,(anonymous_13)
FN:472,(anonymous_14)
FN:508,(anonymous_15)
FN:601,(anonymous_16)
FN:605,(anonymous_17)
FN:666,(anonymous_18)
FN:701,(anonymous_19)
FN:704,(anonymous_20)
FN:727,composeFunction
FN:728,(anonymous_22)
FNF:23
FNH:5
FNDA:9,(anonymous_0)
FNDA:8,(anonymous_1)
FNDA:0,(anonymous_2)
FNDA:0,(anonymous_3)
FNDA:0,(anonymous_4)
FNDA:0,(anonymous_5)
FNDA:0,(anonymous_6)
FNDA:0,(anonymous_7)
FNDA:0,(anonymous_8)
FNDA:0,(anonymous_9)
FNDA:0,(anonymous_10)
FNDA:0,(anonymous_11)
FNDA:0,(anonymous_12)
FNDA:0,(anonymous_13)
FNDA:0,(anonymous_14)
FNDA:0,(anonymous_15)
FNDA:0,(anonymous_16)
FNDA:0,(anonymous_17)
FNDA:0,(anonymous_18)
FNDA:1,(anonymous_19)
FNDA:1,(anonymous_20)
FNDA:9,composeFunction
FNDA:0,(anonymous_22)
DA:58,2
DA:61,9
DA:62,9
DA:71,9
DA:72,9
DA:73,9
DA:74,9
DA:75,9
DA:77,9
DA:79,9
DA:80,9
DA:81,9
DA:82,9
DA:83,9
DA:84,9
DA:85,9
DA:86,9
DA:87,9
DA:88,9
DA:100,9
DA:105,9
DA:110,9
DA:112,9
DA:116,9
DA:118,9
DA:126,9
DA:127,0
DA:128,0
DA:131,0
DA:134,0
DA:135,0
DA:136,0
DA:140,0
DA:142,0
DA:143,0
DA:144,0
DA:148,0
DA:152,0
DA:154,0
DA:156,0
DA:159,0
DA:160,0
DA:165,0
DA:167,0
DA:168,0
DA:169,0
DA:172,0
DA:174,0
DA:181,9
DA:182,0
DA:183,0
DA:186,9
DA:187,0
DA:188,0
DA:189,0
DA:190,0
DA:192,0
DA:196,9
DA:197,0
DA:203,0
DA:204,0
DA:207,0
DA:210,9
DA:211,0
DA:212,0
DA:213,0
DA:214,0
DA:216,0
DA:221,0
DA:224,0
DA:230,0
DA:232,0
DA:237,0
DA:239,0
DA:242,0
DA:247,0
DA:252,0
DA:256,0
DA:258,0
DA:262,0
DA:264,0
DA:265,0
DA:272,0
DA:275,0
DA:277,0
DA:279,0
DA:281,0
DA:282,0
DA:290,0
DA:292,0
DA:302,0
DA:312,0
DA:313,0
DA:315,0
DA:317,0
DA:320,0
DA:321,0
DA:322,0
DA:324,0
DA:325,0
DA:327,0
DA:328,0
DA:329,0
DA:331,0
DA:332,0
DA:341,0
DA:349,0
DA:351,0
DA:352,0
DA:355,0
DA:356,0
DA:360,9
DA:366,9
DA:367,0
DA:371,9
DA:372,0
DA:373,0
DA:375,0
DA:376,0
DA:377,0
DA:380,0
DA:381,0
DA:388,0
DA:391,0
DA:394,0
DA:395,0
DA:400,0
DA:403,0
DA:406,0
DA:407,0
DA:412,0
DA:417,0
DA:421,0
DA:422,0
DA:424,0
DA:426,0
DA:428,0
DA:429,0
DA:430,0
DA:431,0
DA:432,0
DA:433,0
DA:434,0
DA:435,0
DA:436,0
DA:437,0
DA:438,0
DA:440,0
DA:444,0
DA:451,9
DA:452,0
DA:462,0
DA:463,0
DA:466,0
DA:468,0
DA:471,0
DA:472,0
DA:474,0
DA:478,0
DA:481,0
DA:482,0
DA:488,0
DA:490,0
DA:493,0
DA:494,0
DA:500,0
DA:504,0
DA:508,0
DA:510,0
DA:514,0
DA:515,0
DA:516,0
DA:525,0
DA:527,0
DA:530,0
DA:531,0
DA:535,0
DA:538,0
DA:540,0
DA:541,0
DA:544,0
DA:548,0
DA:562,0
DA:569,0
DA:570,0
DA:573,0
DA:575,0
DA:578,0
DA:579,0
DA:581,0
DA:583,0
DA:585,0
DA:587,0
DA:590,0
DA:591,0
DA:593,0
DA:596,0
DA:597,0
DA:601,9
DA:602,0
DA:605,9
DA:606,0
DA:609,9
DA:615,0
DA:618,9
DA:620,0
DA:621,0
DA:630,9
DA:632,0
DA:635,0
DA:644,9
DA:645,0
DA:646,0
DA:653,0
DA:666,9
DA:670,0
DA:673,9
DA:674,9
DA:676,9
DA:678,9
DA:679,9
DA:680,9
DA:681,9
DA:684,9
DA:690,9
DA:693,9
DA:695,9
DA:702,1
DA:705,1
DA:728,9
DA:729,0
DA:730,0
LF:232
LH:55
BRDA:116,0,0,9
BRDA:116,0,1,0
BRDA:128,1,0,0
BRDA:128,1,1,0
BRDA:128,1,2,0
BRDA:136,2,0,0
BRDA:136,2,1,0
BRDA:137,3,0,0
BRDA:137,3,1,0
BRDA:148,4,0,0
BRDA:148,4,1,0
BRDA:149,5,0,0
BRDA:149,5,1,0
BRDA:159,6,0,0
BRDA:159,6,1,0
BRDA:160,7,0,0
BRDA:160,7,1,0
BRDA:167,8,0,0
BRDA:167,8,1,0
BRDA:168,9,0,0
BRDA:168,9,1,0
BRDA:189,10,0,0
BRDA:189,10,1,0
BRDA:189,11,0,0
BRDA:189,11,1,0
BRDA:203,12,0,0
BRDA:203,12,1,0
BRDA:247,13,0,0
BRDA:247,13,1,0
BRDA:248,14,0,0
BRDA:248,14,1,0
BRDA:248,14,2,0
BRDA:258,15,0,0
BRDA:258,15,1,0
BRDA:264,16,0,0
BRDA:264,16,1,0
BRDA:275,17,0,0
BRDA:275,17,1,0
BRDA:281,18,0,0
BRDA:281,18,1,0
BRDA:305,19,0,0
BRDA:305,19,1,0
BRDA:312,20,0,0
BRDA:312,20,1,0
BRDA:317,21,0,0
BRDA:317,21,1,0
BRDA:317,21,2,0
BRDA:317,21,3,0
BRDA:380,22,0,0
BRDA:380,22,1,0
BRDA:388,23,0,0
BRDA:388,23,1,0
BRDA:388,23,2,0
BRDA:394,24,0,0
BRDA:394,24,1,0
BRDA:406,25,0,0
BRDA:406,25,1,0
BRDA:421,26,0,0
BRDA:421,26,1,0
BRDA:429,27,0,0
BRDA:429,27,1,0
BRDA:431,28,0,0
BRDA:431,28,1,0
BRDA:433,29,0,0
BRDA:433,29,1,0
BRDA:435,30,0,0
BRDA:435,30,1,0
BRDA:437,31,0,0
BRDA:437,31,1,0
BRDA:468,32,0,0
BRDA:468,32,1,0
BRDA:493,33,0,0
BRDA:493,33,1,0
BRDA:504,34,0,0
BRDA:504,34,1,0
BRDA:505,35,0,0
BRDA:505,35,1,0
BRDA:510,36,0,0
BRDA:510,36,1,0
BRDA:511,37,0,0
BRDA:511,37,1,0
BRDA:515,38,0,0
BRDA:515,38,1,0
BRDA:530,39,0,0
BRDA:530,39,1,0
BRDA:540,40,0,0
BRDA:540,40,1,0
BRDA:545,41,0,0
BRDA:545,41,1,0
BRDA:569,42,0,0
BRDA:569,42,1,0
BRDA:575,43,0,0
BRDA:575,43,1,0
BRDA:575,43,2,0
BRDA:575,43,3,0
BRDA:575,43,4,0
BRDA:590,44,0,0
BRDA:590,44,1,0
BRDA:609,45,0,0
BRDA:609,45,1,9
BRDA:610,46,0,9
BRDA:610,46,1,9
BRDA:610,46,2,9
BRDA:610,46,3,9
BRDA:618,47,0,0
BRDA:618,47,1,9
BRDA:630,48,0,0
BRDA:630,48,1,9
BRDA:630,49,0,9
BRDA:630,49,1,9
BRDA:630,49,2,9
BRDA:632,50,0,0
BRDA:632,50,1,0
BRDA:632,51,0,0
BRDA:632,51,1,0
BRDA:638,52,0,0
BRDA:638,52,1,0
BRDA:644,53,0,0
BRDA:644,53,1,9
BRDA:645,54,0,0
BRDA:645,54,1,0
BRDA:678,55,0,9
BRDA:678,55,1,0
BRDA:690,56,0,9
BRDA:690,56,1,9
BRDA:690,56,2,1
BRDA:718,57,0,0
BRDA:718,57,1,9
BRDA:719,58,0,9
BRDA:719,58,1,0
BRDA:720,59,0,0
BRDA:720,59,1,9
BRF:132
BRH:19
end_of_record
TN:
SF:src/pages/CommercialWithApplicationId/CommercialSurveyWithApplicationId/toAmtrustBusinessType.ts
FN:33,toAmtrustBusinessType
FNF:1
FNH:0
FNDA:0,toAmtrustBusinessType
DA:2,1
DA:14,1
DA:23,1
DA:38,0
DA:40,0
DA:41,0
DA:44,0
LF:7
LH:3
BRDA:40,0,0,0
BRDA:40,0,1,0
BRF:2
BRH:0
end_of_record
TN:
SF:src/pages/CommercialWithApplicationId/CommercialSurveyWithApplicationId/wcHelper.tsx
FN:26,useInjectWcQuestions
FN:35,(anonymous_1)
FN:82,sleep
FN:83,(anonymous_3)
FN:107,(anonymous_4)
FN:141,(anonymous_5)
FN:146,(anonymous_6)
FN:163,(anonymous_7)
FN:178,trySetAmtrustBusinessAddressDefaults
FN:181,(anonymous_9)
FN:240,trySetOwnerOfficerDefaults
FN:241,(anonymous_11)
FN:256,(anonymous_12)
FN:278,(anonymous_13)
FN:280,(anonymous_14)
FN:288,(anonymous_15)
FNF:16
FNH:15
FNDA:14,useInjectWcQuestions
FNDA:14,(anonymous_1)
FNDA:6,sleep
FNDA:6,(anonymous_3)
FNDA:1,(anonymous_4)
FNDA:0,(anonymous_5)
FNDA:2,(anonymous_6)
FNDA:2,(anonymous_7)
FNDA:7,trySetAmtrustBusinessAddressDefaults
FNDA:7,(anonymous_9)
FNDA:12,trySetOwnerOfficerDefaults
FNDA:12,(anonymous_11)
FNDA:12,(anonymous_12)
FNDA:9,(anonymous_13)
FNDA:10,(anonymous_14)
FNDA:1,(anonymous_15)
DA:30,14
DA:31,14
DA:35,14
DA:36,14
DA:38,14
DA:39,1
DA:42,13
DA:44,13
DA:45,1
DA:48,12
DA:50,12
DA:52,1
DA:55,11
DA:57,1
DA:60,11
DA:62,11
DA:64,11
DA:68,1
DA:71,10
DA:75,10
DA:77,10
DA:79,5
DA:83,6
DA:87,5
DA:90,5
DA:92,5
DA:96,5
DA:101,5
DA:105,5
DA:107,5
DA:108,1
DA:109,1
DA:112,5
DA:113,5
DA:118,6
DA:130,6
DA:132,1
DA:133,1
DA:135,1
DA:136,1
DA:139,3
DA:141,3
DA:142,0
DA:145,3
DA:147,2
DA:159,3
DA:161,3
DA:163,3
DA:164,2
DA:167,3
DA:169,1
DA:174,0
DA:181,7
DA:182,7
DA:184,7
DA:186,1
DA:189,6
DA:191,6
DA:195,6
DA:196,1
DA:201,5
DA:202,1
DA:205,4
DA:209,4
DA:211,4
DA:219,4
DA:221,4
DA:222,4
DA:223,1
DA:228,3
DA:231,3
DA:232,1
DA:236,2
DA:241,12
DA:242,12
DA:246,12
DA:248,12
DA:250,12
DA:252,1
DA:255,11
DA:256,12
DA:259,11
DA:260,2
DA:265,9
DA:272,9
DA:274,9
DA:276,9
DA:278,9
DA:279,9
DA:280,10
DA:283,9
DA:284,7
DA:287,2
DA:288,1
DA:291,2
DA:294,9
DA:295,1
DA:298,8
DA:300,8
DA:302,8
DA:303,8
DA:304,8
DA:305,8
DA:307,8
DA:309,8
DA:312,8
DA:314,8
DA:316,8
DA:317,1
DA:320,7
DA:321,7
DA:322,8
DA:325,8
LF:113
LH:111
BRDA:38,0,0,1
BRDA:38,0,1,13
BRDA:44,1,0,1
BRDA:44,1,1,12
BRDA:50,2,0,1
BRDA:50,2,1,11
BRDA:55,3,0,1
BRDA:55,3,1,10
BRDA:64,4,0,1
BRDA:64,4,1,10
BRDA:65,5,0,11
BRDA:65,5,1,2
BRDA:77,6,0,5
BRDA:77,6,1,5
BRDA:130,7,0,1
BRDA:130,7,1,1
BRDA:130,7,2,3
BRDA:130,7,3,1
BRDA:184,8,0,1
BRDA:184,8,1,6
BRDA:195,9,0,1
BRDA:195,9,1,5
BRDA:201,10,0,1
BRDA:201,10,1,4
BRDA:222,11,0,1
BRDA:222,11,1,3
BRDA:231,12,0,1
BRDA:231,12,1,2
BRDA:250,13,0,1
BRDA:250,13,1,11
BRDA:259,14,0,2
BRDA:259,14,1,9
BRDA:276,15,0,2
BRDA:276,15,1,7
BRDA:283,16,0,7
BRDA:283,16,1,2
BRDA:294,17,0,1
BRDA:294,17,1,8
BRDA:316,18,0,1
BRDA:316,18,1,7
BRF:40
BRH:40
end_of_record
TN:
SF:src/pages/CommonCommericalSurvey/CustomExpression.ts
FN:20,percentagesSum
FN:31,otherProfessionsOverlap
FN:36,(anonymous_2)
FN:40,(anonymous_3)
FN:50,attestationsIfSelectedAll
FN:57,isVisible
FN:70,workExclusionVariableText
FN:103,(anonymous_7)
FN:108,(anonymous_8)
FN:117,(anonymous_9)
FN:124,(anonymous_10)
FN:139,(anonymous_11)
FN:143,(anonymous_12)
FN:144,(anonymous_13)
FN:152,arrayContains
FN:164,(anonymous_15)
FN:165,(anonymous_16)
FN:192,doOwnershipPercentagesAddTo100
FN:199,(anonymous_18)
FN:212,isAmtrustCoverageVisible
FNF:20
FNH:19
FNDA:6,percentagesSum
FNDA:7,otherProfessionsOverlap
FNDA:7,(anonymous_2)
FNDA:8,(anonymous_3)
FNDA:4,attestationsIfSelectedAll
FNDA:6,isVisible
FNDA:16,workExclusionVariableText
FNDA:10,(anonymous_7)
FNDA:7,(anonymous_8)
FNDA:10,(anonymous_9)
FNDA:0,(anonymous_10)
FNDA:6,(anonymous_11)
FNDA:34,(anonymous_12)
FNDA:34,(anonymous_13)
FNDA:13,arrayContains
FNDA:9,(anonymous_15)
FNDA:11,(anonymous_16)
FNDA:11,doOwnershipPercentagesAddTo100
FNDA:13,(anonymous_18)
FNDA:8,isAmtrustCoverageVisible
DA:21,6
DA:22,6
DA:23,4
DA:24,4
DA:32,7
DA:33,7
DA:34,7
DA:35,4
DA:36,4
DA:37,7
DA:39,4
DA:40,4
DA:41,8
DA:42,3
DA:43,3
DA:46,4
DA:51,4
DA:52,4
DA:53,4
DA:58,6
DA:59,4
DA:61,2
DA:62,2
DA:63,2
DA:66,4
DA:72,16
DA:73,16
DA:74,16
DA:75,16
DA:76,16
DA:77,16
DA:80,16
DA:81,16
DA:83,16
DA:84,14
DA:85,2
DA:87,12
DA:88,12
DA:89,12
DA:90,1
DA:93,11
DA:100,11
DA:102,11
DA:103,11
DA:105,10
DA:106,10
DA:107,5
DA:108,5
DA:109,7
DA:111,7
DA:112,6
DA:117,11
DA:118,10
DA:119,10
DA:121,0
DA:122,0
DA:123,0
DA:124,0
DA:125,0
DA:126,0
DA:127,0
DA:131,0
DA:132,0
DA:138,11
DA:139,6
DA:141,11
DA:142,11
DA:143,34
DA:145,34
DA:146,29
DA:148,11
DA:153,13
DA:154,13
DA:155,13
DA:161,6
DA:163,7
DA:164,7
DA:165,9
DA:166,11
DA:167,4
DA:171,7
DA:174,4
DA:193,11
DA:194,11
DA:195,5
DA:197,6
DA:199,6
DA:200,13
DA:201,13
DA:204,6
DA:207,4
DA:213,8
DA:214,8
DA:216,8
DA:221,8
DA:222,3
DA:225,5
DA:227,5
DA:230,4
DA:231,4
DA:235,4
DA:240,4
DA:244,4
DA:246,4
DA:251,4
LF:105
LH:96
BRDA:22,0,0,2
BRDA:22,0,1,4
BRDA:34,1,0,3
BRDA:34,1,1,4
BRDA:34,2,0,7
BRDA:34,2,1,5
BRDA:41,3,0,3
BRDA:41,3,1,5
BRDA:58,4,0,4
BRDA:58,4,1,2
BRDA:58,5,0,6
BRDA:58,5,1,4
BRDA:83,6,0,2
BRDA:83,6,1,14
BRDA:84,7,0,2
BRDA:84,7,1,12
BRDA:88,8,0,1
BRDA:88,8,1,11
BRDA:89,9,0,1
BRDA:89,9,1,11
BRDA:89,10,0,12
BRDA:89,10,1,11
BRDA:89,10,2,2
BRDA:100,11,0,1
BRDA:100,11,1,10
BRDA:106,12,0,5
BRDA:106,12,1,5
BRDA:111,13,0,6
BRDA:111,13,1,1
BRDA:119,14,0,10
BRDA:119,14,1,0
BRDA:122,15,0,0
BRDA:122,15,1,0
BRDA:125,16,0,0
BRDA:125,16,1,0
BRDA:131,17,0,0
BRDA:131,17,1,0
BRDA:133,18,0,0
BRDA:133,18,1,0
BRDA:139,19,0,6
BRDA:139,19,1,0
BRDA:145,20,0,5
BRDA:145,20,1,29
BRDA:155,21,0,6
BRDA:155,21,1,7
BRDA:156,22,0,13
BRDA:156,22,1,11
BRDA:156,22,2,9
BRDA:156,22,3,8
BRDA:166,23,0,4
BRDA:166,23,1,7
BRDA:194,24,0,5
BRDA:194,24,1,6
BRDA:221,25,0,3
BRDA:221,25,1,5
BRDA:227,26,0,5
BRDA:227,26,1,3
BRF:57
BRH:47
end_of_record
TN:
SF:src/pages/CommonCommericalSurvey/CustomMatrixColumn.ts
FN:10,(anonymous_0)
FNF:1
FNH:1
FNDA:3,(anonymous_0)
DA:4,4
DA:8,4
DA:16,3
LF:3
LH:3
BRF:0
BRH:0
end_of_record
TN:
SF:src/pages/CommonCommericalSurvey/CustomProperties.ts
FNF:0
FNH:0
DA:4,3
LF:1
LH:1
BRF:0
BRH:0
end_of_record
TN:
SF:src/pages/CommonCommericalSurvey/CustomWidgets.ts
FNF:0
FNH:0
DA:13,3
DA:16,3
DA:20,3
DA:24,3
DA:25,3
DA:26,3
DA:30,3
DA:34,3
DA:38,3
LF:9
LH:9
BRF:0
BRH:0
end_of_record
TN:
SF:src/pages/CommonCommericalSurvey/commonVariables.ts
FNF:0
FNH:0
DA:2,3
LF:1
LH:1
BRF:0
BRH:0
end_of_record
TN:
SF:src/pages/Error/Error.tsx
FN:11,(anonymous_0)
FNF:1
FNH:1
FNDA:3,(anonymous_0)
DA:11,4
DA:13,3
DA:15,3
LF:3
LH:3
BRDA:13,0,0,3
BRDA:13,0,1,1
BRDA:13,0,2,1
BRF:3
BRH:3
end_of_record
TN:
SF:src/pages/NotFound/NotFound.tsx
FN:5,(anonymous_0)
FNF:1
FNH:1
FNDA:1,(anonymous_0)
DA:5,3
DA:6,1
LF:2
LH:2
BRF:0
BRH:0
end_of_record
TN:
SF:src/pages/Quote/Quote.tsx
FN:79,(anonymous_0)
FN:93,(anonymous_1)
FN:110,(anonymous_2)
FN:121,(anonymous_3)
FN:131,(anonymous_4)
FN:152,(anonymous_5)
FN:228,(anonymous_6)
FN:239,(anonymous_7)
FN:251,(anonymous_8)
FN:254,(anonymous_9)
FN:257,(anonymous_10)
FN:258,(anonymous_11)
FN:261,(anonymous_12)
FN:264,(anonymous_13)
FN:267,(anonymous_14)
FN:268,(anonymous_15)
FN:370,(anonymous_16)
FN:371,(anonymous_17)
FN:388,(anonymous_18)
FN:398,(anonymous_19)
FN:444,(anonymous_20)
FN:447,(anonymous_21)
FN:475,(anonymous_22)
FN:507,(anonymous_23)
FN:517,(anonymous_24)
FN:521,(anonymous_25)
FN:529,(anonymous_26)
FN:541,(anonymous_27)
FN:545,(anonymous_28)
FN:552,(anonymous_29)
FN:574,(anonymous_30)
FN:578,(anonymous_31)
FN:632,(anonymous_32)
FN:638,(anonymous_33)
FN:777,getAmTrustPremium
FNF:35
FNH:20
FNDA:0,(anonymous_0)
FNDA:257,(anonymous_1)
FNDA:1,(anonymous_2)
FNDA:48,(anonymous_3)
FNDA:48,(anonymous_4)
FNDA:213,(anonymous_5)
FNDA:84,(anonymous_6)
FNDA:120,(anonymous_7)
FNDA:0,(anonymous_8)
FNDA:0,(anonymous_9)
FNDA:0,(anonymous_10)
FNDA:0,(anonymous_11)
FNDA:0,(anonymous_12)
FNDA:0,(anonymous_13)
FNDA:0,(anonymous_14)
FNDA:0,(anonymous_15)
FNDA:48,(anonymous_16)
FNDA:85,(anonymous_17)
FNDA:48,(anonymous_18)
FNDA:49,(anonymous_19)
FNDA:48,(anonymous_20)
FNDA:0,(anonymous_21)
FNDA:0,(anonymous_22)
FNDA:84,(anonymous_23)
FNDA:35,(anonymous_24)
FNDA:0,(anonymous_25)
FNDA:1,(anonymous_26)
FNDA:0,(anonymous_27)
FNDA:1,(anonymous_28)
FNDA:2,(anonymous_29)
FNDA:1,(anonymous_30)
FNDA:1,(anonymous_31)
FNDA:0,(anonymous_32)
FNDA:0,(anonymous_33)
FNDA:48,getAmTrustPremium
DA:68,3
DA:79,0
DA:83,3
DA:85,3
DA:93,3
DA:94,257
DA:103,255
DA:105,255
DA:107,255
DA:108,245
DA:110,245
DA:111,1
DA:114,245
DA:117,245
DA:120,245
DA:121,245
DA:122,48
DA:126,245
DA:127,245
DA:129,245
DA:131,245
DA:133,48
DA:136,48
DA:138,48
DA:143,245
DA:149,245
DA:150,245
DA:151,245
DA:152,218
DA:153,213
DA:154,18
DA:155,18
DA:160,245
DA:163,245
DA:168,245
DA:172,245
DA:176,245
DA:177,245
DA:182,245
DA:186,245
DA:187,245
DA:189,245
DA:191,245
DA:197,245
DA:201,245
DA:205,245
DA:213,245
DA:217,245
DA:218,245
DA:219,245
DA:222,245
DA:226,245
DA:228,245
DA:229,84
DA:230,36
DA:234,36
DA:235,36
DA:239,245
DA:251,120
DA:252,0
DA:253,0
DA:255,0
DA:257,0
DA:258,0
DA:261,120
DA:262,0
DA:263,0
DA:265,0
DA:267,0
DA:268,0
DA:271,120
DA:281,0
DA:283,0
DA:284,0
DA:285,0
DA:286,0
DA:287,0
DA:288,0
DA:293,0
DA:294,0
DA:295,0
DA:297,0
DA:298,0
DA:299,0
DA:300,0
DA:302,0
DA:304,0
DA:305,0
DA:309,0
DA:311,0
DA:316,0
DA:317,0
DA:320,0
DA:321,0
DA:322,0
DA:323,0
DA:324,0
DA:326,0
DA:330,0
DA:331,0
DA:333,0
DA:335,0
DA:336,0
DA:340,0
DA:341,0
DA:343,0
DA:347,0
DA:351,0
DA:352,0
DA:355,0
DA:356,0
DA:370,245
DA:371,245
DA:372,85
DA:375,73
DA:378,73
DA:379,73
DA:381,73
DA:382,73
DA:384,73
DA:388,245
DA:389,48
DA:393,48
DA:394,3
DA:398,245
DA:399,49
DA:400,1
DA:401,1
DA:402,1
DA:403,0
DA:405,1
DA:406,1
DA:415,1
DA:416,1
DA:417,0
DA:420,1
DA:422,1
DA:423,0
DA:426,1
DA:428,1
DA:431,1
DA:438,1
DA:439,1
DA:444,245
DA:445,48
DA:446,0
DA:447,0
DA:448,0
DA:449,0
DA:450,0
DA:452,0
DA:453,0
DA:455,0
DA:456,0
DA:460,0
DA:461,0
DA:462,0
DA:464,0
DA:470,0
DA:472,0
DA:475,0
DA:476,0
DA:477,0
DA:478,0
DA:480,0
DA:481,0
DA:483,0
DA:486,0
DA:492,0
DA:495,0
DA:500,0
DA:507,245
DA:508,84
DA:509,35
DA:511,35
DA:515,35
DA:518,35
DA:519,35
DA:522,0
DA:523,0
DA:529,245
DA:530,1
DA:533,1
DA:534,1
DA:536,1
DA:539,1
DA:542,0
DA:543,0
DA:546,1
DA:547,1
DA:552,245
DA:554,2
DA:563,2
DA:567,2
DA:568,2
DA:569,2
DA:572,2
DA:575,1
DA:576,1
DA:579,1
DA:580,1
DA:585,245
DA:586,4
DA:589,241
DA:600,199
DA:603,42
DA:604,0
DA:607,42
DA:608,0
DA:611,42
DA:612,0
DA:615,42
DA:616,0
DA:619,42
DA:624,42
DA:628,42
DA:632,42
DA:633,0
DA:634,0
DA:638,0
DA:639,0
DA:640,0
DA:642,0
DA:643,0
DA:644,0
DA:648,0
DA:651,42
DA:652,1
DA:665,41
DA:780,48
DA:781,8
DA:784,40
LF:232
LH:135
BRDA:114,0,0,239
BRDA:114,0,1,6
BRDA:117,1,0,239
BRDA:117,1,1,6
BRDA:122,2,0,8
BRDA:122,2,1,40
BRDA:133,3,0,35
BRDA:133,3,1,13
BRDA:134,4,0,35
BRDA:134,4,1,0
BRDA:138,5,0,11
BRDA:138,5,1,37
BRDA:151,6,0,218
BRDA:151,6,1,27
BRDA:153,7,0,18
BRDA:153,7,1,195
BRDA:160,8,0,245
BRDA:160,8,1,218
BRDA:229,9,0,36
BRDA:229,9,1,48
BRDA:229,10,0,84
BRDA:229,10,1,36
BRDA:271,11,0,0
BRDA:271,11,1,120
BRDA:272,12,0,120
BRDA:272,12,1,0
BRDA:283,13,0,0
BRDA:283,13,1,0
BRDA:284,14,0,0
BRDA:284,14,1,0
BRDA:285,15,0,0
BRDA:285,15,1,0
BRDA:288,16,0,0
BRDA:288,16,1,0
BRDA:288,17,0,0
BRDA:288,17,1,0
BRDA:295,18,0,0
BRDA:295,18,1,0
BRDA:295,19,0,0
BRDA:295,19,1,0
BRDA:297,20,0,0
BRDA:297,20,1,0
BRDA:297,21,0,0
BRDA:297,21,1,0
BRDA:299,22,0,0
BRDA:299,22,1,0
BRDA:304,23,0,0
BRDA:304,23,1,0
BRDA:304,24,0,0
BRDA:304,24,1,0
BRDA:305,25,0,0
BRDA:305,25,1,0
BRDA:306,26,0,0
BRDA:306,26,1,0
BRDA:311,27,0,0
BRDA:311,27,1,0
BRDA:320,28,0,0
BRDA:320,28,1,0
BRDA:322,29,0,0
BRDA:322,29,1,0
BRDA:330,30,0,0
BRDA:330,30,1,0
BRDA:330,31,0,0
BRDA:330,31,1,0
BRDA:330,31,2,0
BRDA:331,32,0,0
BRDA:331,32,1,0
BRDA:333,33,0,0
BRDA:333,33,1,0
BRDA:335,34,0,0
BRDA:335,34,1,0
BRDA:340,35,0,0
BRDA:340,35,1,0
BRDA:351,36,0,0
BRDA:351,36,1,0
BRDA:352,37,0,0
BRDA:352,37,1,0
BRDA:372,38,0,73
BRDA:372,38,1,12
BRDA:375,39,0,71
BRDA:375,39,1,2
BRDA:382,40,0,71
BRDA:382,40,1,2
BRDA:389,41,0,48
BRDA:389,41,1,0
BRDA:393,42,0,3
BRDA:393,42,1,45
BRDA:393,43,0,48
BRDA:393,43,1,3
BRDA:399,44,0,1
BRDA:399,44,1,48
BRDA:401,45,0,1
BRDA:401,45,1,0
BRDA:402,46,0,0
BRDA:402,46,1,1
BRDA:405,47,0,1
BRDA:405,47,1,0
BRDA:415,48,0,1
BRDA:415,48,1,0
BRDA:416,49,0,0
BRDA:416,49,1,1
BRDA:422,50,0,0
BRDA:422,50,1,1
BRDA:428,51,0,1
BRDA:428,51,1,0
BRDA:438,52,0,1
BRDA:438,52,1,0
BRDA:438,53,0,1
BRDA:438,53,1,0
BRDA:439,54,0,1
BRDA:439,54,1,0
BRDA:445,55,0,0
BRDA:445,55,1,48
BRDA:445,56,0,48
BRDA:445,56,1,0
BRDA:448,57,0,0
BRDA:448,57,1,0
BRDA:449,58,0,0
BRDA:449,58,1,0
BRDA:452,59,0,0
BRDA:452,59,1,0
BRDA:455,60,0,0
BRDA:455,60,1,0
BRDA:461,61,0,0
BRDA:461,61,1,0
BRDA:466,62,0,0
BRDA:466,62,1,0
BRDA:476,63,0,0
BRDA:476,63,1,0
BRDA:477,64,0,0
BRDA:477,64,1,0
BRDA:480,65,0,0
BRDA:480,65,1,0
BRDA:483,66,0,0
BRDA:483,66,1,0
BRDA:495,67,0,0
BRDA:495,67,1,0
BRDA:496,68,0,0
BRDA:496,68,1,0
BRDA:500,69,0,0
BRDA:500,69,1,0
BRDA:508,70,0,35
BRDA:508,70,1,49
BRDA:508,71,0,84
BRDA:508,71,1,82
BRDA:533,72,0,1
BRDA:533,72,1,0
BRDA:554,73,0,2
BRDA:554,73,1,0
BRDA:563,74,0,1
BRDA:563,74,1,1
BRDA:567,75,0,2
BRDA:567,75,1,0
BRDA:585,76,0,4
BRDA:585,76,1,241
BRDA:585,77,0,245
BRDA:585,77,1,243
BRDA:589,78,0,199
BRDA:589,78,1,42
BRDA:590,79,0,241
BRDA:590,79,1,240
BRDA:590,79,2,237
BRDA:590,79,3,167
BRDA:590,79,4,62
BRDA:590,79,5,121
BRDA:590,79,6,118
BRDA:590,79,7,42
BRDA:590,79,8,42
BRDA:590,79,9,42
BRDA:603,80,0,0
BRDA:603,80,1,42
BRDA:607,81,0,0
BRDA:607,81,1,42
BRDA:607,82,0,42
BRDA:607,82,1,34
BRDA:611,83,0,0
BRDA:611,83,1,42
BRDA:615,84,0,0
BRDA:615,84,1,42
BRDA:619,85,0,33
BRDA:619,85,1,9
BRDA:624,86,0,34
BRDA:624,86,1,8
BRDA:628,87,0,34
BRDA:628,87,1,8
BRDA:634,88,0,0
BRDA:634,88,1,0
BRDA:635,89,0,0
BRDA:635,89,1,0
BRDA:651,90,0,1
BRDA:651,90,1,41
BRDA:651,91,0,42
BRDA:651,91,1,9
BRDA:651,91,2,9
BRDA:667,92,0,33
BRDA:667,92,1,8
BRDA:671,93,0,2
BRDA:671,93,1,31
BRDA:691,94,0,2
BRDA:691,94,1,31
BRDA:691,95,0,33
BRDA:691,95,1,2
BRDA:694,96,0,2
BRDA:694,96,1,0
BRDA:695,97,0,2
BRDA:695,97,1,0
BRDA:710,98,0,1
BRDA:710,98,1,32
BRDA:710,99,0,33
BRDA:710,99,1,14
BRDA:716,100,0,2
BRDA:716,100,1,31
BRDA:716,101,0,33
BRDA:716,101,1,33
BRDA:716,101,2,3
BRDA:739,102,0,33
BRDA:739,102,1,14
BRDA:751,103,0,7
BRDA:751,103,1,1
BRDA:751,104,0,8
BRDA:751,104,1,8
BRDA:751,104,2,3
BRDA:751,104,3,7
BRDA:761,105,0,1
BRDA:761,105,1,0
BRDA:761,106,0,1
BRDA:761,106,1,1
BRDA:761,106,2,1
BRDA:780,107,0,8
BRDA:780,107,1,40
BRDA:781,108,0,8
BRDA:781,108,1,0
BRF:232
BRH:124
end_of_record
TN:
SF:src/pages/Quote/QuoteTypes.ts
FNF:0
FNH:0
LF:0
LH:0
BRF:0
BRH:0
end_of_record
TN:
SF:src/pages/Quote/index.tsx
FN:48,(anonymous_0)
FN:66,(anonymous_1)
FN:72,(anonymous_2)
FN:75,(anonymous_3)
FN:80,(anonymous_4)
FN:87,(anonymous_5)
FN:88,(anonymous_6)
FN:121,(anonymous_7)
FNF:8
FNH:8
FNDA:40,(anonymous_0)
FNDA:13,(anonymous_1)
FNDA:12,(anonymous_2)
FNDA:1,(anonymous_3)
FNDA:24,(anonymous_4)
FNDA:10,(anonymous_5)
FNDA:1,(anonymous_6)
FNDA:6,(anonymous_7)
DA:46,2
DA:48,2
DA:49,40
DA:51,39
DA:52,39
DA:53,39
DA:58,39
DA:62,39
DA:64,39
DA:66,39
DA:67,13
DA:70,13
DA:73,12
DA:76,1
DA:80,39
DA:81,24
DA:82,11
DA:85,11
DA:87,10
DA:88,1
DA:92,39
DA:93,2
DA:101,37
DA:102,25
DA:105,12
DA:110,12
DA:114,12
DA:115,12
DA:117,12
DA:119,12
DA:120,6
DA:121,6
DA:122,6
DA:125,2
DA:126,2
DA:128,1
DA:129,1
DA:130,1
DA:132,1
DA:133,1
DA:135,2
DA:138,6
DA:139,1
DA:140,1
DA:141,5
DA:145,1
DA:147,4
DA:150,5
DA:151,4
DA:152,4
DA:153,4
DA:156,5
LF:52
LH:52
BRDA:81,0,0,11
BRDA:81,0,1,13
BRDA:92,1,0,2
BRDA:92,1,1,37
BRDA:92,2,0,39
BRDA:92,2,1,38
BRDA:101,3,0,25
BRDA:101,3,1,12
BRDA:101,4,0,37
BRDA:101,4,1,24
BRDA:119,5,0,6
BRDA:119,5,1,6
BRDA:122,6,0,1
BRDA:122,6,1,2
BRDA:122,6,2,1
BRDA:122,6,3,1
BRDA:122,6,4,2
BRDA:138,7,0,1
BRDA:138,7,1,5
BRDA:141,8,0,1
BRDA:141,8,1,4
BRDA:142,9,0,5
BRDA:142,9,1,5
BRDA:150,10,0,4
BRDA:150,10,1,1
BRDA:150,11,0,5
BRDA:150,11,1,5
BRF:27
BRH:27
end_of_record
TN:
SF:src/pages/Quote/translateStringToLimit.ts
FN:8,(anonymous_0)
FN:8,(anonymous_1)
FN:10,(anonymous_2)
FNF:3
FNH:3
FNDA:44,(anonymous_0)
FNDA:132,(anonymous_1)
FNDA:86,(anonymous_2)
DA:5,3
DA:8,132
DA:10,3
DA:11,86
DA:13,28
DA:14,6
DA:17,22
LF:7
LH:7
BRDA:13,0,0,6
BRDA:13,0,1,22
BRF:2
BRH:2
end_of_record
TN:
SF:src/pages/Quote/components/AdditionalInsured/index.tsx
FN:33,(anonymous_0)
FN:65,(anonymous_1)
FN:103,(anonymous_2)
FN:107,(anonymous_3)
FN:118,(anonymous_4)
FN:133,(anonymous_5)
FNF:6
FNH:0
FNDA:0,(anonymous_0)
FNDA:0,(anonymous_1)
FNDA:0,(anonymous_2)
FNDA:0,(anonymous_3)
FNDA:0,(anonymous_4)
FNDA:0,(anonymous_5)
DA:33,2
DA:45,0
DA:46,0
DA:47,0
DA:66,0
DA:104,0
DA:108,0
DA:109,0
DA:110,0
DA:111,0
DA:119,0
DA:120,0
DA:121,0
DA:122,0
DA:134,0
DA:135,0
DA:136,0
DA:137,0
LF:18
LH:1
BRDA:54,0,0,0
BRDA:54,0,1,0
BRDA:87,1,0,0
BRDA:87,1,1,0
BRDA:91,2,0,0
BRDA:91,2,1,0
BRDA:97,3,0,0
BRDA:97,3,1,0
BRDA:113,4,0,0
BRDA:113,4,1,0
BRDA:124,5,0,0
BRDA:124,5,1,0
BRDA:139,6,0,0
BRDA:139,6,1,0
BRF:14
BRH:0
end_of_record
TN:
SF:src/pages/Quote/components/BuyNowButton/Popup.tsx
FN:39,(anonymous_0)
FN:43,getVersionedTermsUrl
FN:61,(anonymous_2)
FN:117,(anonymous_3)
FN:118,(anonymous_4)
FN:136,(anonymous_5)
FN:140,(anonymous_6)
FN:150,(anonymous_7)
FN:163,(anonymous_8)
FN:176,(anonymous_9)
FN:206,(anonymous_10)
FN:237,(anonymous_11)
FN:241,(anonymous_12)
FN:271,(anonymous_13)
FN:342,(anonymous_14)
FN:357,(anonymous_15)
FN:373,(anonymous_16)
FN:452,(anonymous_17)
FNF:18
FNH:5
FNDA:2,(anonymous_0)
FNDA:2,getVersionedTermsUrl
FNDA:9,(anonymous_2)
FNDA:2,(anonymous_3)
FNDA:2,(anonymous_4)
FNDA:0,(anonymous_5)
FNDA:0,(anonymous_6)
FNDA:0,(anonymous_7)
FNDA:0,(anonymous_8)
FNDA:0,(anonymous_9)
FNDA:0,(anonymous_10)
FNDA:0,(anonymous_11)
FNDA:0,(anonymous_12)
FNDA:0,(anonymous_13)
FNDA:0,(anonymous_14)
FNDA:0,(anonymous_15)
FNDA:0,(anonymous_16)
FNDA:0,(anonymous_17)
DA:39,3
DA:40,2
DA:47,2
DA:48,2
DA:51,2
DA:54,3
DA:57,3
DA:61,3
DA:75,9
DA:77,8
DA:78,0
DA:89,8
DA:90,8
DA:91,8
DA:92,8
DA:93,8
DA:95,8
DA:96,8
DA:97,8
DA:98,8
DA:99,8
DA:103,8
DA:104,8
DA:105,8
DA:106,8
DA:107,8
DA:108,8
DA:109,8
DA:112,8
DA:113,8
DA:115,8
DA:117,8
DA:118,2
DA:119,2
DA:120,2
DA:121,2
DA:122,2
DA:124,2
DA:128,2
DA:132,8
DA:137,0
DA:138,0
DA:141,0
DA:148,8
DA:150,8
DA:151,0
DA:152,0
DA:155,0
DA:156,0
DA:158,0
DA:163,8
DA:164,0
DA:165,0
DA:166,0
DA:167,0
DA:169,0
DA:172,0
DA:176,8
DA:177,0
DA:180,8
DA:181,0
DA:190,8
DA:197,2
DA:206,6
DA:207,0
DA:208,0
DA:211,0
DA:218,0
DA:219,0
DA:223,0
DA:225,0
DA:226,0
DA:227,0
DA:229,0
DA:230,0
DA:232,0
DA:233,0
DA:234,0
DA:235,0
DA:238,0
DA:239,0
DA:242,0
DA:243,0
DA:245,0
DA:246,0
DA:247,0
DA:249,0
DA:251,0
DA:252,0
DA:253,0
DA:254,0
DA:258,0
DA:259,0
DA:262,0
DA:263,0
DA:264,0
DA:265,0
DA:271,6
DA:273,0
DA:274,0
DA:277,0
DA:290,6
DA:291,3
DA:310,3
DA:311,0
DA:321,3
DA:342,0
DA:357,0
DA:373,0
DA:453,0
LF:110
LH:52
BRDA:77,0,0,0
BRDA:77,0,1,8
BRDA:119,1,0,2
BRDA:119,1,1,0
BRDA:151,2,0,0
BRDA:151,2,1,0
BRDA:155,3,0,0
BRDA:155,3,1,0
BRDA:164,4,0,0
BRDA:164,4,1,0
BRDA:166,5,0,0
BRDA:166,5,1,0
BRDA:180,6,0,0
BRDA:180,6,1,8
BRDA:190,7,0,2
BRDA:190,7,1,6
BRDA:191,8,0,8
BRDA:191,8,1,8
BRDA:191,8,2,8
BRDA:191,8,3,8
BRDA:191,8,4,6
BRDA:218,9,0,0
BRDA:218,9,1,0
BRDA:225,10,0,0
BRDA:225,10,1,0
BRDA:229,11,0,0
BRDA:229,11,1,0
BRDA:232,12,0,0
BRDA:232,12,1,0
BRDA:233,13,0,0
BRDA:233,13,1,0
BRDA:233,14,0,0
BRDA:233,14,1,0
BRDA:236,15,0,0
BRDA:236,15,1,0
BRDA:245,16,0,0
BRDA:245,16,1,0
BRDA:246,17,0,0
BRDA:246,17,1,0
BRDA:252,18,0,0
BRDA:252,18,1,0
BRDA:262,19,0,0
BRDA:262,19,1,0
BRDA:264,20,0,0
BRDA:264,20,1,0
BRDA:264,21,0,0
BRDA:264,21,1,0
BRDA:273,22,0,0
BRDA:273,22,1,0
BRDA:273,23,0,0
BRDA:273,23,1,0
BRDA:290,24,0,3
BRDA:290,24,1,3
BRDA:310,25,0,0
BRDA:310,25,1,3
BRDA:334,26,0,3
BRDA:334,26,1,0
BRDA:338,27,0,3
BRDA:338,27,1,0
BRDA:344,28,0,0
BRDA:344,28,1,3
BRDA:349,29,0,0
BRDA:349,29,1,3
BRDA:356,30,0,0
BRDA:356,30,1,0
BRDA:363,31,0,3
BRDA:363,31,1,0
BRDA:363,32,0,3
BRDA:363,32,1,0
BRDA:370,33,0,3
BRDA:370,33,1,0
BRDA:370,34,0,3
BRDA:370,34,1,0
BRDA:375,35,0,0
BRDA:375,35,1,3
BRDA:380,36,0,0
BRDA:380,36,1,3
BRDA:387,37,0,0
BRDA:387,37,1,3
BRDA:398,38,0,0
BRDA:398,38,1,3
BRDA:400,39,0,0
BRDA:400,39,1,3
BRDA:405,40,0,0
BRDA:405,40,1,3
BRDA:410,41,0,0
BRDA:410,41,1,3
BRDA:415,42,0,0
BRDA:415,42,1,3
BRDA:420,43,0,0
BRDA:420,43,1,3
BRDA:423,44,0,0
BRDA:423,44,1,3
BRDA:431,45,0,0
BRDA:431,45,1,3
BRDA:466,46,0,3
BRDA:466,46,1,3
BRDA:466,46,2,3
BRDA:466,46,3,3
BRDA:469,47,0,3
BRDA:469,47,1,0
BRF:101
BRH:37
end_of_record
TN:
SF:src/pages/Quote/components/BuyNowButton/index.tsx
FN:49,(anonymous_0)
FN:65,(anonymous_1)
FN:92,(anonymous_2)
FN:104,(anonymous_3)
FN:112,(anonymous_4)
FN:141,(anonymous_5)
FN:175,(anonymous_6)
FN:224,(anonymous_7)
FN:280,(anonymous_8)
FNF:9
FNH:7
FNDA:1,(anonymous_0)
FNDA:35,(anonymous_1)
FNDA:0,(anonymous_2)
FNDA:6,(anonymous_3)
FNDA:3,(anonymous_4)
FNDA:1,(anonymous_5)
FNDA:4,(anonymous_6)
FNDA:3,(anonymous_7)
FNDA:0,(anonymous_8)
DA:22,3
DA:42,3
DA:43,3
DA:49,3
DA:52,1
DA:53,1
DA:65,3
DA:66,35
DA:82,35
DA:83,34
DA:84,34
DA:85,34
DA:86,34
DA:90,34
DA:91,34
DA:92,34
DA:93,0
DA:95,34
DA:96,34
DA:98,34
DA:99,0
DA:102,34
DA:104,34
DA:105,6
DA:106,4
DA:107,4
DA:110,4
DA:113,3
DA:115,3
DA:117,3
DA:118,3
DA:119,33
DA:122,3
DA:124,3
DA:126,3
DA:127,1
DA:130,2
DA:131,2
DA:132,2
DA:133,2
DA:135,2
DA:137,2
DA:138,2
DA:142,1
DA:144,4
DA:149,34
DA:171,34
DA:177,4
DA:178,4
DA:179,2
DA:180,2
DA:181,1
DA:184,2
DA:187,2
DA:224,3
DA:235,34
DA:253,34
DA:254,2
DA:257,32
DA:280,0
LF:60
LH:57
BRDA:98,0,0,0
BRDA:98,0,1,34
BRDA:98,1,0,34
BRDA:98,1,1,31
BRDA:102,2,0,2
BRDA:102,2,1,32
BRDA:105,3,0,4
BRDA:105,3,1,2
BRDA:105,4,0,6
BRDA:105,4,1,5
BRDA:126,5,0,1
BRDA:126,5,1,2
BRDA:154,6,0,6
BRDA:154,6,1,28
BRDA:159,7,0,24
BRDA:159,7,1,4
BRDA:178,8,0,2
BRDA:178,8,1,2
BRDA:180,9,0,1
BRDA:180,9,1,1
BRDA:187,10,0,1
BRDA:187,10,1,1
BRDA:229,11,0,32
BRDA:229,11,1,2
BRDA:248,12,0,32
BRDA:248,12,1,2
BRDA:253,13,0,2
BRDA:253,13,1,32
BRDA:259,14,0,27
BRDA:259,14,1,5
BRDA:260,15,0,1
BRDA:260,15,1,31
BRDA:260,16,0,32
BRDA:260,16,1,2
BRDA:277,17,0,30
BRDA:277,17,1,2
BRF:36
BRH:35
end_of_record
TN:
SF:src/pages/Quote/components/Coverages/AdditionalCoverages.tsx
FN:12,(anonymous_0)
FN:47,(anonymous_1)
FN:71,(anonymous_2)
FNF:3
FNH:3
FNDA:11,(anonymous_0)
FNDA:4,(anonymous_1)
FNDA:25,(anonymous_2)
DA:12,4
DA:17,11
DA:22,11
DA:32,11
DA:35,11
DA:40,11
DA:43,11
DA:47,4
DA:72,25
LF:9
LH:9
BRDA:27,0,0,11
BRDA:27,0,1,2
BRDA:50,1,0,4
BRDA:50,1,1,7
BRDA:70,2,0,4
BRDA:70,2,1,7
BRDA:77,3,0,16
BRDA:77,3,1,9
BRF:8
BRH:8
end_of_record
TN:
SF:src/pages/Quote/components/Coverages/CoveragesDetails.ts
FN:98,(anonymous_0)
FN:107,(anonymous_1)
FN:123,(anonymous_2)
FNF:3
FNH:3
FNDA:22,(anonymous_0)
FNDA:91,(anonymous_1)
FNDA:12,(anonymous_2)
DA:32,6
DA:48,6
DA:55,6
DA:62,6
DA:78,6
DA:84,6
DA:86,6
DA:98,6
DA:102,22
DA:103,10
DA:104,7
DA:107,91
DA:110,3
DA:112,12
DA:113,4
DA:115,8
DA:123,6
DA:126,12
DA:127,3
DA:129,9
LF:20
LH:20
BRDA:102,0,0,10
BRDA:102,0,1,12
BRDA:103,1,0,7
BRDA:103,1,1,3
BRDA:107,2,0,21
BRDA:107,2,1,70
BRDA:112,3,0,4
BRDA:112,3,1,8
BRDA:126,4,0,3
BRDA:126,4,1,9
BRF:10
BRH:10
end_of_record
TN:
SF:src/pages/Quote/components/Coverages/PopupContent.tsx
FN:10,(anonymous_0)
FN:40,(anonymous_1)
FN:54,(anonymous_2)
FN:70,(anonymous_3)
FNF:4
FNH:0
FNDA:0,(anonymous_0)
FNDA:0,(anonymous_1)
FNDA:0,(anonymous_2)
FNDA:0,(anonymous_3)
DA:10,3
DA:11,0
DA:13,0
DA:14,0
DA:17,0
DA:25,0
DA:26,0
DA:40,0
DA:55,0
DA:70,0
LF:10
LH:1
BRDA:32,0,0,0
BRDA:32,0,1,0
BRDA:34,1,0,0
BRDA:34,1,1,0
BRDA:44,2,0,0
BRDA:44,2,1,0
BRDA:48,3,0,0
BRDA:48,3,1,0
BRDA:60,4,0,0
BRDA:60,4,1,0
BRDA:64,5,0,0
BRDA:64,5,1,0
BRDA:74,6,0,0
BRDA:74,6,1,0
BRF:14
BRH:0
end_of_record
TN:
SF:src/pages/Quote/components/Coverages/amtrustCoverage.tsx
FN:12,(anonymous_0)
FN:15,getByValue
FN:37,(anonymous_2)
FN:46,(anonymous_3)
FN:51,(anonymous_4)
FN:61,(anonymous_5)
FN:93,(anonymous_6)
FN:109,(anonymous_7)
FN:126,(anonymous_8)
FNF:9
FNH:9
FNDA:75,(anonymous_0)
FNDA:27,getByValue
FNDA:27,(anonymous_2)
FNDA:75,(anonymous_3)
FNDA:27,(anonymous_4)
FNDA:2,(anonymous_5)
FNDA:3,(anonymous_6)
FNDA:75,(anonymous_7)
FNDA:8,(anonymous_8)
DA:12,3
DA:13,75
DA:19,27
DA:21,36
DA:26,24
DA:37,3
DA:44,27
DA:45,27
DA:46,27
DA:49,75
DA:51,27
DA:52,27
DA:62,2
DA:94,3
DA:95,3
DA:96,0
DA:98,3
DA:109,75
DA:126,3
DA:127,8
LF:20
LH:19
BRDA:21,0,0,24
BRDA:21,0,1,12
BRDA:22,1,0,36
BRDA:22,1,1,26
BRDA:22,1,2,24
BRDA:54,2,0,2
BRDA:54,2,1,25
BRDA:95,3,0,0
BRDA:95,3,1,3
BRF:9
BRH:8
end_of_record
TN:
SF:src/pages/Quote/components/Coverages/feinInputBox.tsx
FN:3,(anonymous_0)
FN:9,(anonymous_1)
FN:16,(anonymous_2)
FNF:3
FNH:3
FNDA:16,(anonymous_0)
FNDA:3,(anonymous_1)
FNDA:7,(anonymous_2)
DA:3,3
DA:4,16
DA:5,16
DA:10,3
DA:16,7
LF:5
LH:5
BRF:0
BRH:0
end_of_record
TN:
SF:src/pages/Quote/components/Coverages/index.tsx
FN:33,(anonymous_0)
FN:58,(anonymous_1)
FN:92,(anonymous_2)
FN:99,(anonymous_3)
FN:100,(anonymous_4)
FN:120,(anonymous_5)
FN:150,(anonymous_6)
FNF:7
FNH:7
FNDA:18,(anonymous_0)
FNDA:15,(anonymous_1)
FNDA:15,(anonymous_2)
FNDA:5,(anonymous_3)
FNDA:4,(anonymous_4)
FNDA:3,(anonymous_5)
FNDA:3,(anonymous_6)
DA:33,3
DA:34,18
DA:35,18
DA:44,18
DA:46,17
DA:51,17
DA:54,17
DA:55,2
DA:58,15
DA:59,15
DA:63,2
DA:78,13
DA:79,8
DA:86,5
DA:92,15
DA:93,15
DA:97,3
DA:99,5
DA:101,4
DA:117,12
DA:118,3
DA:121,3
DA:131,9
DA:137,15
DA:140,15
DA:144,15
DA:151,3
DA:152,3
DA:157,1
DA:158,1
LF:30
LH:30
BRDA:46,0,0,4
BRDA:46,0,1,13
BRDA:51,1,0,3
BRDA:51,1,1,14
BRDA:54,2,0,2
BRDA:54,2,1,15
BRDA:54,3,0,17
BRDA:54,3,1,7
BRDA:59,4,0,2
BRDA:59,4,1,13
BRDA:60,5,0,15
BRDA:60,5,1,5
BRDA:78,6,0,8
BRDA:78,6,1,5
BRDA:93,7,0,3
BRDA:93,7,1,12
BRDA:94,8,0,15
BRDA:94,8,1,4
BRDA:117,9,0,3
BRDA:117,9,1,9
BRDA:152,10,0,1
BRDA:152,10,1,2
BRDA:153,11,0,3
BRDA:153,11,1,2
BRF:24
BRH:24
end_of_record
TN:
SF:src/pages/Quote/components/Coverages/munichCoverage.tsx
FN:29,(anonymous_0)
FN:62,(anonymous_1)
FN:94,(anonymous_2)
FN:140,(anonymous_3)
FN:146,(anonymous_4)
FN:157,(anonymous_5)
FN:173,(anonymous_6)
FN:247,(anonymous_7)
FNF:8
FNH:7
FNDA:49,(anonymous_0)
FNDA:43,(anonymous_1)
FNDA:5,(anonymous_2)
FNDA:2,(anonymous_3)
FNDA:0,(anonymous_4)
FNDA:79,(anonymous_5)
FNDA:6,(anonymous_6)
FNDA:21,(anonymous_7)
DA:29,4
DA:37,49
DA:38,47
DA:45,47
DA:48,47
DA:54,47
DA:56,47
DA:62,47
DA:63,43
DA:64,6
DA:66,37
DA:67,34
DA:69,3
DA:73,47
DA:78,47
DA:79,47
DA:80,0
DA:82,47
DA:83,47
DA:85,47
DA:96,5
DA:97,5
DA:98,3
DA:99,3
DA:100,2
DA:106,5
DA:111,5
DA:140,2
DA:147,0
DA:158,79
DA:160,79
DA:164,79
DA:174,6
DA:175,6
DA:177,6
DA:181,2
DA:182,2
DA:184,4
DA:186,6
DA:194,6
DA:241,4
DA:247,4
DA:250,21
DA:252,21
DA:254,21
DA:255,4
DA:258,17
DA:259,17
DA:260,1
DA:263,16
DA:265,16
LF:51
LH:49
BRDA:63,0,0,6
BRDA:63,0,1,37
BRDA:66,1,0,34
BRDA:66,1,1,3
BRDA:79,2,0,0
BRDA:79,2,1,47
BRDA:83,3,0,47
BRDA:83,3,1,46
BRDA:97,4,0,3
BRDA:97,4,1,2
BRDA:99,5,0,2
BRDA:99,5,1,1
BRDA:136,6,0,47
BRDA:136,6,1,47
BRDA:138,7,0,34
BRDA:138,7,1,13
BRDA:155,8,0,45
BRDA:155,8,1,2
BRDA:160,9,0,3
BRDA:160,9,1,76
BRDA:160,10,0,79
BRDA:160,10,1,75
BRDA:160,10,2,6
BRDA:170,11,0,75
BRDA:170,11,1,4
BRDA:177,12,0,2
BRDA:177,12,1,4
BRDA:178,13,0,6
BRDA:178,13,1,4
BRDA:178,13,2,5
BRDA:205,14,0,75
BRDA:205,14,1,0
BRDA:205,15,0,75
BRDA:205,15,1,3
BRDA:213,16,0,4
BRDA:213,16,1,75
BRDA:225,17,0,34
BRDA:225,17,1,13
BRDA:254,18,0,4
BRDA:254,18,1,17
BRDA:259,19,0,1
BRDA:259,19,1,16
BRDA:274,20,0,15
BRDA:274,20,1,1
BRF:44
BRH:42
end_of_record
TN:
SF:src/pages/Quote/components/CustomerAgreement/index.tsx
FN:41,(anonymous_0)
FN:87,(anonymous_1)
FN:97,(anonymous_2)
FN:102,(anonymous_3)
FN:106,(anonymous_4)
FN:112,(anonymous_5)
FN:121,(anonymous_6)
FN:131,(anonymous_7)
FN:137,(anonymous_8)
FN:157,(anonymous_9)
FN:158,(anonymous_10)
FN:169,(anonymous_11)
FN:178,(anonymous_12)
FN:187,(anonymous_13)
FN:212,(anonymous_14)
FN:220,(anonymous_15)
FN:308,(anonymous_16)
FN:309,(anonymous_17)
FN:312,(anonymous_18)
FN:344,(anonymous_19)
FN:345,(anonymous_20)
FN:407,(anonymous_21)
FN:418,(anonymous_22)
FN:428,(anonymous_23)
FN:437,(anonymous_24)
FN:445,(anonymous_25)
FN:468,(anonymous_26)
FN:476,(anonymous_27)
FNF:28
FNH:27
FNDA:157,(anonymous_0)
FNDA:14,(anonymous_1)
FNDA:7,(anonymous_2)
FNDA:2,(anonymous_3)
FNDA:9,(anonymous_4)
FNDA:1,(anonymous_5)
FNDA:5,(anonymous_6)
FNDA:2,(anonymous_7)
FNDA:2,(anonymous_8)
FNDA:33,(anonymous_9)
FNDA:33,(anonymous_10)
FNDA:61,(anonymous_11)
FNDA:35,(anonymous_12)
FNDA:41,(anonymous_13)
FNDA:2,(anonymous_14)
FNDA:2,(anonymous_15)
FNDA:5,(anonymous_16)
FNDA:1,(anonymous_17)
FNDA:1,(anonymous_18)
FNDA:1,(anonymous_19)
FNDA:1,(anonymous_20)
FNDA:21,(anonymous_21)
FNDA:1,(anonymous_22)
FNDA:0,(anonymous_23)
FNDA:27,(anonymous_24)
FNDA:27,(anonymous_25)
FNDA:8,(anonymous_26)
FNDA:8,(anonymous_27)
DA:23,3
DA:24,3
DA:26,3
DA:28,3
DA:29,3
DA:31,3
DA:32,3
DA:33,3
DA:35,3
DA:37,3
DA:41,3
DA:48,157
DA:49,157
DA:53,157
DA:54,157
DA:56,157
DA:59,157
DA:62,157
DA:65,157
DA:68,157
DA:72,157
DA:75,157
DA:79,157
DA:81,157
DA:82,157
DA:84,157
DA:85,157
DA:87,157
DA:88,14
DA:93,14
DA:94,9
DA:95,9
DA:98,7
DA:99,7
DA:100,7
DA:103,2
DA:104,2
DA:107,9
DA:112,157
DA:113,1
DA:118,1
DA:121,157
DA:122,5
DA:127,5
DA:128,4
DA:129,4
DA:132,2
DA:133,2
DA:134,2
DA:135,2
DA:138,2
DA:139,2
DA:147,157
DA:154,157
DA:157,157
DA:158,33
DA:159,33
DA:160,33
DA:161,33
DA:165,33
DA:169,157
DA:170,61
DA:178,157
DA:179,35
DA:187,157
DA:188,41
DA:197,157
DA:213,2
DA:221,2
DA:230,157
DA:308,5
DA:310,1
DA:313,1
DA:344,1
DA:346,1
DA:347,1
DA:397,157
DA:398,4
DA:401,153
DA:402,4
DA:405,149
DA:407,21
DA:419,1
DA:428,0
DA:437,27
DA:445,27
DA:469,8
DA:477,8
LF:88
LH:87
BRDA:56,0,0,136
BRDA:56,0,1,21
BRDA:84,1,0,154
BRDA:84,1,1,3
BRDA:93,2,0,9
BRDA:93,2,1,5
BRDA:93,3,0,14
BRDA:93,3,1,12
BRDA:93,3,2,11
BRDA:127,4,0,4
BRDA:127,4,1,1
BRDA:127,5,0,5
BRDA:127,5,1,5
BRDA:127,5,2,4
BRDA:154,6,0,157
BRDA:154,6,1,87
BRDA:154,6,2,86
BRDA:159,7,0,33
BRDA:159,7,1,0
BRDA:231,8,0,34
BRDA:231,8,1,123
BRDA:285,9,0,123
BRDA:285,9,1,6
BRDA:297,10,0,123
BRDA:297,10,1,6
BRDA:325,11,0,123
BRDA:325,11,1,118
BRDA:328,12,0,1
BRDA:328,12,1,122
BRDA:338,13,0,5
BRDA:338,13,1,118
BRDA:342,14,0,1
BRDA:342,14,1,4
BRDA:374,15,0,17
BRDA:374,15,1,106
BRDA:386,16,0,9
BRDA:386,16,1,114
BRDA:397,17,0,4
BRDA:397,17,1,153
BRDA:401,18,0,4
BRDA:401,18,1,149
BRDA:452,19,0,2
BRDA:452,19,1,147
BRDA:454,20,0,70
BRDA:454,20,1,77
BRDA:484,21,0,70
BRDA:484,21,1,79
BRDA:487,22,0,70
BRDA:487,22,1,2
BRDA:498,23,0,79
BRDA:498,23,1,14
BRDA:503,24,0,6
BRDA:503,24,1,73
BRF:53
BRH:52
end_of_record
TN:
SF:src/pages/Quote/components/FeinInputBox/Popup.tsx
FN:9,(anonymous_0)
FNF:1
FNH:1
FNDA:3,(anonymous_0)
DA:9,3
DA:10,3
DA:12,3
LF:3
LH:3
BRF:0
BRH:0
end_of_record
TN:
SF:src/pages/Quote/components/FeinInputBox/index.tsx
FN:17,(anonymous_0)
FN:22,(anonymous_1)
FN:37,(anonymous_2)
FN:56,(anonymous_3)
FN:63,(anonymous_4)
FNF:5
FNH:5
FNDA:176,(anonymous_0)
FNDA:3,(anonymous_1)
FNDA:14,(anonymous_2)
FNDA:8,(anonymous_3)
FNDA:132,(anonymous_4)
DA:17,3
DA:18,176
DA:20,176
DA:21,176
DA:22,176
DA:23,3
DA:29,176
DA:30,176
DA:38,14
DA:39,14
DA:56,8
DA:63,132
LF:12
LH:12
BRDA:76,0,0,8
BRDA:76,0,1,168
BRF:2
BRH:2
end_of_record
TN:
SF:src/pages/Quote/components/PaymentMethod/index.tsx
FN:11,(anonymous_0)
FNF:1
FNH:0
FNDA:0,(anonymous_0)
DA:11,2
DA:12,0
LF:2
LH:1
BRF:0
BRH:0
end_of_record
TN:
SF:src/pages/Quote/components/Premium/PremiumSwitch.tsx
FN:5,(anonymous_0)
FN:51,(anonymous_1)
FN:56,(anonymous_2)
FNF:3
FNH:0
FNDA:0,(anonymous_0)
FNDA:0,(anonymous_1)
FNDA:0,(anonymous_2)
DA:5,2
DA:51,2
DA:52,0
DA:57,0
LF:4
LH:2
BRF:0
BRH:0
end_of_record
TN:
SF:src/pages/Quote/components/Premium/index.tsx
FN:18,(anonymous_0)
FN:22,(anonymous_1)
FN:39,(anonymous_2)
FN:48,(anonymous_3)
FN:74,(anonymous_4)
FN:93,(anonymous_5)
FNF:6
FNH:6
FNDA:27,(anonymous_0)
FNDA:35,(anonymous_1)
FNDA:10,(anonymous_2)
FNDA:22,(anonymous_3)
FNDA:32,(anonymous_4)
FNDA:4,(anonymous_5)
DA:18,3
DA:21,27
DA:23,35
DA:24,1
DA:26,34
DA:33,27
DA:34,1
DA:36,26
DA:39,3
DA:40,10
DA:48,3
DA:49,22
DA:50,22
DA:51,22
DA:52,22
DA:58,22
DA:59,22
DA:74,3
DA:75,32
DA:78,32
DA:80,32
DA:82,32
DA:94,4
LF:23
LH:23
BRDA:23,0,0,1
BRDA:23,0,1,34
BRDA:26,1,0,2
BRDA:26,1,1,32
BRDA:33,2,0,1
BRDA:33,2,1,26
BRDA:43,3,0,3
BRDA:43,3,1,7
BRDA:78,4,0,32
BRDA:78,4,1,27
BRDA:86,5,0,32
BRDA:86,5,1,26
BRDA:86,5,2,25
BRDA:88,6,0,22
BRDA:88,6,1,3
BRDA:98,7,0,3
BRDA:98,7,1,22
BRDA:104,8,0,22
BRDA:104,8,1,10
BRDA:104,9,0,32
BRDA:104,9,1,26
BRDA:104,9,2,23
BRF:22
BRH:22
end_of_record
TN:
SF:src/pages/Quote/components/QuoteLinkPopup/SuccessQuoteLinkEmail.tsx
FN:10,(anonymous_0)
FNF:1
FNH:0
FNDA:0,(anonymous_0)
DA:10,3
DA:13,0
LF:2
LH:1
BRF:0
BRH:0
end_of_record
TN:
SF:src/pages/Quote/components/QuoteLinkPopup/index.tsx
FN:30,(anonymous_0)
FN:56,(anonymous_1)
FN:65,(anonymous_2)
FN:69,(anonymous_3)
FN:80,(anonymous_4)
FN:104,(anonymous_5)
FN:117,(anonymous_6)
FN:125,(anonymous_7)
FN:146,(anonymous_8)
FN:159,(anonymous_9)
FN:166,(anonymous_10)
FN:179,(anonymous_11)
FN:194,(anonymous_12)
FN:264,(anonymous_13)
FN:292,(anonymous_14)
FN:298,(anonymous_15)
FN:304,(anonymous_16)
FNF:17
FNH:17
FNDA:100,(anonymous_0)
FNDA:5,(anonymous_1)
FNDA:10,(anonymous_2)
FNDA:1,(anonymous_3)
FNDA:9,(anonymous_4)
FNDA:9,(anonymous_5)
FNDA:7,(anonymous_6)
FNDA:7,(anonymous_7)
FNDA:36,(anonymous_8)
FNDA:12,(anonymous_9)
FNDA:15,(anonymous_10)
FNDA:6,(anonymous_11)
FNDA:2,(anonymous_12)
FNDA:4,(anonymous_13)
FNDA:25,(anonymous_14)
FNDA:5,(anonymous_15)
FNDA:1,(anonymous_16)
DA:30,4
DA:44,100
DA:46,100
DA:47,100
DA:48,100
DA:49,100
DA:50,100
DA:51,100
DA:52,100
DA:54,100
DA:56,100
DA:60,5
DA:61,5
DA:62,5
DA:65,100
DA:66,10
DA:69,100
DA:70,1
DA:71,1
DA:72,1
DA:78,100
DA:80,100
DA:85,9
DA:86,1
DA:98,9
DA:105,9
DA:115,100
DA:117,100
DA:120,7
DA:127,7
DA:129,7
DA:130,5
DA:133,5
DA:135,2
DA:139,7
DA:140,7
DA:141,4
DA:146,100
DA:147,36
DA:148,2
DA:151,2
DA:156,100
DA:159,100
DA:160,12
DA:161,11
DA:162,11
DA:164,11
DA:165,11
DA:166,15
DA:169,11
DA:170,2
DA:174,9
DA:179,100
DA:180,6
DA:181,6
DA:182,6
DA:194,100
DA:195,2
DA:196,2
DA:197,1
DA:201,100
DA:265,4
DA:268,4
DA:293,25
DA:299,5
DA:304,1
LF:66
LH:66
BRDA:85,0,0,1
BRDA:85,0,1,8
BRDA:93,1,0,1
BRDA:93,1,1,0
BRDA:129,2,0,5
BRDA:129,2,1,2
BRDA:140,3,0,4
BRDA:140,3,1,3
BRDA:147,4,0,2
BRDA:147,4,1,34
BRDA:147,5,0,36
BRDA:147,5,1,35
BRDA:149,6,0,2
BRDA:149,6,1,1
BRDA:156,7,0,100
BRDA:156,7,1,92
BRDA:156,7,2,28
BRDA:156,7,3,8
BRDA:160,8,0,11
BRDA:160,8,1,1
BRDA:169,9,0,2
BRDA:169,9,1,9
BRDA:189,10,0,6
BRDA:189,10,1,0
BRDA:196,11,0,1
BRDA:196,11,1,1
BRDA:204,12,0,99
BRDA:204,12,1,1
BRDA:208,13,0,1
BRDA:208,13,1,99
BRDA:212,14,0,9
BRDA:212,14,1,90
BRDA:238,15,0,60
BRDA:238,15,1,30
BRDA:242,16,0,14
BRDA:242,16,1,76
BRDA:247,17,0,19
BRDA:247,17,1,71
BRDA:247,18,0,90
BRDA:247,18,1,26
BRDA:247,18,2,20
BRDA:257,19,0,19
BRDA:257,19,1,71
BRDA:257,20,0,90
BRDA:257,20,1,26
BRDA:257,20,2,20
BRDA:282,21,0,2
BRDA:282,21,1,88
BRDA:320,22,0,89
BRDA:320,22,1,1
BRDA:327,23,0,7
BRDA:327,23,1,83
BRDA:333,24,0,70
BRDA:333,24,1,20
BRF:54
BRH:52
end_of_record
TN:
SF:src/pages/Quote/components/ReturnToQuotePopup/ReturnToQuotePopup.tsx
FN:27,(anonymous_0)
FN:58,(anonymous_1)
FN:96,(anonymous_2)
FNF:3
FNH:3
FNDA:30,(anonymous_0)
FNDA:4,(anonymous_1)
FNDA:9,(anonymous_2)
DA:22,3
DA:23,3
DA:24,3
DA:25,3
DA:27,3
DA:33,30
DA:35,30
DA:36,30
DA:40,30
DA:43,30
DA:44,30
DA:53,30
DA:54,30
DA:58,30
DA:61,4
DA:62,2
DA:65,2
DA:74,2
DA:78,2
DA:84,2
DA:85,2
DA:86,1
DA:90,30
DA:91,2
DA:94,28
DA:96,28
DA:97,9
DA:98,8
DA:99,8
DA:100,8
DA:101,1
DA:104,7
DA:108,1
DA:112,28
DA:113,3
DA:122,25
LF:36
LH:36
BRDA:36,0,0,3
BRDA:36,0,1,27
BRDA:61,1,0,2
BRDA:61,1,1,2
BRDA:61,2,0,4
BRDA:61,2,1,3
BRDA:74,3,0,2
BRDA:78,4,0,2
BRDA:79,5,0,2
BRDA:79,5,1,2
BRDA:85,6,0,1
BRDA:85,6,1,1
BRDA:90,7,0,2
BRDA:90,7,1,28
BRDA:97,8,0,8
BRDA:97,8,1,1
BRDA:100,9,0,1
BRDA:100,9,1,7
BRDA:112,10,0,3
BRDA:112,10,1,25
BRDA:112,11,0,28
BRDA:112,11,1,27
BRDA:126,12,0,22
BRDA:126,12,1,3
BRDA:140,13,0,2
BRDA:140,13,1,20
BRDA:155,14,0,22
BRDA:155,14,1,3
BRF:28
BRH:28
end_of_record
TN:
SF:src/pages/Quote/components/Summary/CoveragesTitles.ts
FNF:0
FNH:0
DA:6,3
LF:1
LH:1
BRF:0
BRH:0
end_of_record
TN:
SF:src/pages/Quote/components/Summary/SummaryCoverage.tsx
FN:24,(anonymous_0)
FN:130,(anonymous_1)
FN:155,(anonymous_2)
FNF:3
FNH:3
FNDA:71,(anonymous_0)
FNDA:22,(anonymous_1)
FNDA:122,(anonymous_2)
DA:24,4
DA:33,71
DA:37,71
DA:60,71
DA:72,71
DA:76,2
DA:79,69
DA:130,22
DA:156,122
LF:9
LH:9
BRDA:37,0,0,34
BRDA:37,0,1,37
BRDA:41,1,0,6
BRDA:41,1,1,28
BRDA:44,2,0,6
BRDA:44,2,1,28
BRDA:51,3,0,34
BRDA:51,3,1,4
BRDA:60,4,0,34
BRDA:60,4,1,37
BRDA:72,5,0,2
BRDA:72,5,1,69
BRDA:73,6,0,71
BRDA:73,6,1,70
BRDA:79,7,0,68
BRDA:79,7,1,1
BRDA:81,8,0,8
BRDA:81,8,1,60
BRDA:81,9,0,68
BRDA:81,9,1,64
BRDA:86,10,0,6
BRDA:86,10,1,2
BRDA:105,11,0,4
BRDA:105,11,1,56
BRDA:113,12,0,3
BRDA:113,12,1,57
BRDA:125,13,0,2
BRDA:125,13,1,58
BRDA:125,14,0,60
BRDA:125,14,1,56
BRDA:125,14,2,6
BRDA:134,15,0,21
BRDA:134,15,1,37
BRDA:154,16,0,21
BRDA:154,16,1,37
BRDA:159,17,0,96
BRDA:159,17,1,26
BRDA:166,18,0,2
BRDA:166,18,1,120
BRDA:166,19,0,122
BRDA:166,19,1,120
BRDA:166,19,2,4
BRF:42
BRH:42
end_of_record
TN:
SF:src/pages/Quote/components/Summary/getAmtrustSummary.tsx
FN:15,(anonymous_0)
FN:65,(anonymous_1)
FNF:2
FNH:2
FNDA:19,(anonymous_0)
FNDA:2,(anonymous_1)
DA:15,3
DA:16,19
DA:19,19
DA:66,2
DA:67,2
DA:76,19
LF:6
LH:6
BRDA:19,0,0,13
BRDA:19,0,1,6
BRDA:19,1,0,19
BRDA:19,1,1,15
BRDA:35,2,0,2
BRDA:35,2,1,11
BRF:6
BRH:6
end_of_record
TN:
SF:src/pages/Quote/components/Summary/getMunichSummary.tsx
FN:18,(anonymous_0)
FN:33,(anonymous_1)
FNF:2
FNH:2
FNDA:17,(anonymous_0)
FNDA:37,(anonymous_1)
DA:18,3
DA:19,17
DA:21,17
DA:23,17
DA:24,15
DA:25,15
DA:28,15
DA:34,37
DA:52,15
DA:54,2
LF:10
LH:10
BRDA:21,0,0,3
BRDA:21,0,1,14
BRDA:23,1,0,15
BRDA:23,1,1,2
BRDA:42,2,0,4
BRDA:42,2,1,33
BRDA:42,3,0,37
BRDA:42,3,1,13
BRF:8
BRH:8
end_of_record
TN:
SF:src/pages/Quote/components/Summary/index.tsx
FN:34,(anonymous_0)
FN:50,(anonymous_1)
FN:73,(anonymous_2)
FNF:3
FNH:3
FNDA:40,(anonymous_0)
FNDA:35,(anonymous_1)
FNDA:35,(anonymous_2)
DA:34,3
DA:42,40
DA:44,39
DA:46,39
DA:47,4
DA:50,35
DA:51,35
DA:52,27
DA:54,27
DA:58,8
DA:61,35
DA:67,35
DA:73,35
DA:75,35
DA:76,35
DA:81,35
LF:16
LH:16
BRDA:46,0,0,4
BRDA:46,0,1,35
BRDA:46,1,0,39
BRDA:46,1,1,30
BRDA:51,2,0,27
BRDA:51,2,1,8
BRDA:54,3,0,22
BRDA:54,3,1,5
BRDA:54,4,0,27
BRDA:54,4,1,7
BRDA:75,5,0,22
BRDA:75,5,1,13
BRDA:76,6,0,3
BRDA:76,6,1,32
BRF:14
BRH:14
end_of_record
TN:
SF:src/pages/QuoteExpired/QuoteExpired.tsx
FN:3,(anonymous_0)
FNF:1
FNH:1
FNDA:1,(anonymous_0)
DA:3,1
DA:4,1
LF:2
LH:2
BRF:0
BRH:0
end_of_record
TN:
SF:src/utils/SurveyJSQuestion.ts
FN:11,(anonymous_0)
FN:40,(anonymous_1)
FN:45,(anonymous_2)
FN:51,(anonymous_3)
FN:56,(anonymous_4)
FN:60,(anonymous_5)
FN:73,(anonymous_6)
FN:77,(anonymous_7)
FN:83,(anonymous_8)
FN:88,(anonymous_9)
FN:94,(anonymous_10)
FNF:11
FNH:11
FNDA:10,(anonymous_0)
FNDA:6,(anonymous_1)
FNDA:7,(anonymous_2)
FNDA:7,(anonymous_3)
FNDA:10,(anonymous_4)
FNDA:8,(anonymous_5)
FNDA:5,(anonymous_6)
FNDA:9,(anonymous_7)
FNDA:10,(anonymous_8)
FNDA:12,(anonymous_9)
FNDA:27,(anonymous_10)
DA:11,4
DA:21,10
DA:22,5
DA:23,5
DA:24,4
DA:25,4
DA:28,4
DA:29,2
DA:34,4
DA:37,10
DA:40,4
DA:44,6
DA:45,6
DA:46,7
DA:48,6
DA:51,4
DA:55,7
DA:56,10
DA:57,7
DA:60,4
DA:63,8
DA:64,2
DA:66,6
DA:67,6
DA:68,3
DA:70,3
DA:73,4
DA:77,5
DA:78,9
DA:80,5
DA:83,4
DA:85,10
DA:88,4
DA:89,12
DA:94,12
DA:95,27
DA:96,27
DA:97,12
DA:98,4
DA:100,8
LF:40
LH:40
BRDA:21,0,0,5
BRDA:21,0,1,5
BRDA:21,1,0,10
BRDA:21,1,1,8
BRDA:23,2,0,4
BRDA:23,2,1,1
BRDA:25,3,0,2
BRDA:25,3,1,2
BRDA:28,4,0,2
BRDA:28,4,1,2
BRDA:48,5,0,6
BRDA:48,5,1,2
BRDA:57,6,0,7
BRDA:57,6,1,3
BRDA:63,7,0,2
BRDA:63,7,1,6
BRDA:67,8,0,3
BRDA:67,8,1,3
BRDA:80,9,0,5
BRDA:80,9,1,2
BRDA:96,10,0,12
BRDA:96,10,1,15
BRDA:97,11,0,4
BRDA:97,11,1,8
BRF:24
BRH:24
end_of_record
TN:
SF:src/utils/bijectiveMap.ts
FN:6,create
FN:10,(anonymous_1)
FNF:2
FNH:2
FNDA:29,create
FNDA:481,(anonymous_1)
DA:9,29
DA:10,481
DA:12,29
DA:13,29
DA:14,6
DA:17,23
LF:6
LH:6
BRDA:13,0,0,6
BRDA:13,0,1,23
BRDA:13,1,0,29
BRDA:13,1,1,26
BRF:4
BRH:4
end_of_record
TN:
SF:src/utils/countDecimals.ts
FN:1,(anonymous_0)
FNF:1
FNH:1
FNDA:103,(anonymous_0)
DA:1,3
DA:2,103
DA:3,103
DA:4,12
DA:5,12
DA:6,12
DA:7,91
DA:8,68
DA:10,23
LF:9
LH:9
BRDA:3,0,0,12
BRDA:3,0,1,91
BRDA:5,1,0,3
BRDA:5,1,1,9
BRDA:7,2,0,68
BRDA:7,2,1,23
BRF:6
BRH:6
end_of_record
TN:
SF:src/utils/currencyFormat.ts
FNF:0
FNH:0
DA:1,5
DA:7,5
LF:2
LH:2
BRF:0
BRH:0
end_of_record
TN:
SF:src/utils/filterProfession.ts
FN:4,(anonymous_0)
FN:8,(anonymous_1)
FN:11,(anonymous_2)
FNF:3
FNH:3
FNDA:3,(anonymous_0)
FNDA:894,(anonymous_1)
FNDA:4,(anonymous_2)
DA:4,4
DA:7,3
DA:8,894
DA:10,3
DA:11,4
DA:14,3
LF:6
LH:6
BRF:0
BRH:0
end_of_record
TN:
SF:src/utils/getEnv.ts
FN:36,(anonymous_0)
FN:43,(anonymous_1)
FNF:2
FNH:2
FNDA:637,(anonymous_0)
FNDA:53,(anonymous_1)
DA:5,50
DA:27,50
DA:32,48
DA:36,50
DA:37,637
DA:38,637
DA:39,10
DA:45,53
LF:8
LH:8
BRDA:27,0,0,48
BRDA:27,0,1,2
BRDA:38,1,0,10
BRDA:38,1,1,627
BRF:4
BRH:4
end_of_record
TN:
SF:src/utils/getUnderwritingUrlData.ts
FN:17,(anonymous_0)
FNF:1
FNH:1
FNDA:36,(anonymous_0)
DA:18,36
DA:21,36
LF:2
LH:2
BRF:0
BRH:0
end_of_record
TN:
SF:src/utils/getVersionedUrlFromPaymentFrontend.ts
FN:5,(anonymous_0)
FN:10,getVersionedTermsUrl
FN:21,(anonymous_2)
FN:26,getVersionedCompleteUrl
FNF:4
FNH:4
FNDA:2,(anonymous_0)
FNDA:2,getVersionedTermsUrl
FNDA:2,(anonymous_2)
FNDA:2,getVersionedCompleteUrl
DA:5,4
DA:6,2
DA:7,2
DA:14,2
DA:15,2
DA:18,2
DA:21,4
DA:22,2
DA:23,2
DA:31,2
DA:34,2
DA:37,2
LF:12
LH:12
BRF:0
BRH:0
end_of_record
TN:
SF:src/utils/isJestRunning.ts
FNF:0
FNH:0
LF:0
LH:0
BRF:0
BRH:0
end_of_record
TN:
SF:src/utils/isLocal.ts
FN:3,(anonymous_0)
FNF:1
FNH:1
FNDA:1,(anonymous_0)
DA:3,1
DA:4,1
DA:5,1
LF:3
LH:3
BRF:0
BRH:0
end_of_record
TN:
SF:src/utils/localizeToDateString.ts
FN:17,(anonymous_0)
FNF:1
FNH:1
FNDA:12,(anonymous_0)
DA:22,12
DA:23,12
LF:2
LH:2
BRDA:19,0,0,9
BRF:1
BRH:1
end_of_record
TN:
SF:src/utils/mergeArraysWithoutDuplicates.ts
FN:2,(anonymous_0)
FN:5,(anonymous_1)
FNF:2
FNH:2
FNDA:74,(anonymous_0)
FNDA:162,(anonymous_1)
DA:3,74
DA:5,74
DA:6,162
DA:8,74
LF:4
LH:4
BRF:0
BRH:0
end_of_record
TN:
SF:src/utils/questionTracking.ts
FN:15,(anonymous_0)
FN:43,(anonymous_1)
FN:59,(anonymous_2)
FN:72,(anonymous_3)
FNF:4
FNH:4
FNDA:48,(anonymous_0)
FNDA:22,(anonymous_1)
FNDA:60,(anonymous_2)
FNDA:13,(anonymous_3)
DA:5,5
DA:15,5
DA:19,48
DA:20,2
DA:23,46
DA:27,42
DA:28,42
DA:32,42
DA:43,5
DA:49,22
DA:59,5
DA:60,60
DA:61,60
DA:62,60
DA:72,5
DA:73,13
LF:16
LH:16
BRDA:19,0,0,2
BRDA:19,0,1,46
BRDA:23,1,0,42
BRDA:23,1,1,4
BRDA:24,2,0,46
BRDA:24,2,1,44
BRDA:55,3,0,17
BRDA:55,3,1,5
BRF:8
BRH:8
end_of_record
TN:
SF:src/utils/setMinMaxDateForEffectiveDate.ts
FN:11,setMinMaxDateForEffectiveDate
FNF:1
FNH:1
FNDA:31,setMinMaxDateForEffectiveDate
DA:17,31
DA:20,31
DA:21,28
DA:23,28
DA:24,28
DA:26,28
DA:32,11
DA:33,11
DA:34,11
DA:35,11
DA:36,5
DA:38,11
DA:39,5
DA:41,17
DA:42,5
DA:43,5
DA:44,5
DA:45,5
DA:47,28
DA:48,28
LF:20
LH:20
BRDA:20,0,0,28
BRDA:20,0,1,3
BRDA:26,1,0,11
BRDA:26,1,1,17
BRDA:27,2,0,28
BRDA:27,2,1,17
BRDA:27,2,2,16
BRDA:27,2,3,7
BRDA:35,3,0,5
BRDA:35,3,1,6
BRDA:38,4,0,5
BRDA:38,4,1,6
BRDA:41,5,0,5
BRDA:41,5,1,12
BRDA:41,6,0,17
BRDA:41,6,1,9
BRF:16
BRH:16
end_of_record
TN:
SF:src/utils/store.tsx
FN:14,(anonymous_0)
FNF:1
FNH:0
FNDA:0,(anonymous_0)
DA:12,7
DA:14,7
DA:15,0
DA:16,0
DA:17,0
DA:21,0
DA:30,0
LF:7
LH:2
BRF:0
BRH:0
end_of_record
TN:
SF:src/utils/timezone.ts
FN:93,(anonymous_0)
FNF:1
FNH:1
FNDA:355,(anonymous_0)
DA:18,1
DA:36,1
DA:93,1
DA:94,355
DA:95,68
DA:98,287
DA:99,260
DA:102,27
LF:8
LH:8
BRDA:94,0,0,68
BRDA:94,0,1,287
BRDA:98,1,0,260
BRDA:98,1,1,27
BRF:4
BRH:4
end_of_record
TN:
SF:src/utils/useFlags.ts
FN:11,(anonymous_0)
FNF:1
FNH:1
FNDA:80,(anonymous_0)
DA:4,9
DA:11,9
DA:12,80
DA:13,80
DA:14,60
LF:5
LH:5
BRF:0
BRH:0
end_of_record
TN:
SF:src/utils/address/isAddressType.ts
FN:12,(anonymous_0)
FNF:1
FNH:0
FNDA:0,(anonymous_0)
DA:13,0
DA:14,0
DA:22,0
DA:24,0
DA:25,0
DA:26,0
DA:27,0
DA:29,0
LF:8
LH:0
BRDA:13,0,0,0
BRDA:13,0,1,0
BRDA:24,1,0,0
BRDA:24,1,1,0
BRDA:25,2,0,0
BRDA:25,2,1,0
BRDA:26,3,0,0
BRDA:26,3,1,0
BRDA:27,4,0,0
BRDA:27,4,1,0
BRDA:29,5,0,0
BRDA:29,5,1,0
BRDA:29,5,2,0
BRDA:29,5,3,0
BRF:14
BRH:0
end_of_record
TN:
SF:src/utils/address/province.ts
FN:22,(anonymous_0)
FN:26,(anonymous_1)
FN:29,(anonymous_2)
FN:32,(anonymous_3)
FN:41,(anonymous_4)
FNF:5
FNH:5
FNDA:14,(anonymous_0)
FNDA:31,(anonymous_1)
FNDA:676,(anonymous_2)
FNDA:15,(anonymous_3)
FNDA:25,(anonymous_4)
DA:3,7
DA:23,14
DA:26,14
DA:27,31
DA:29,14
DA:30,676
DA:32,14
DA:33,15
DA:35,15
DA:36,4
DA:38,11
DA:41,14
DA:42,25
DA:44,25
DA:45,4
DA:47,21
DA:51,7
DA:56,7
DA:110,7
LF:19
LH:19
BRDA:35,0,0,4
BRDA:35,0,1,11
BRDA:44,1,0,4
BRDA:44,1,1,21
BRF:4
BRH:4
end_of_record
TN:
SF:src/utils/config/workExclusionSpecialCases.ts
FNF:0
FNH:0
DA:7,4
LF:1
LH:1
BRF:0
BRH:0
end_of_record
