TN:
SF:/home/runner/work/salidas/salidas/Salida/Core/Constantes.cs
FN:4,.cctor()
FNDA:0,.cctor()
FNF:1
FNH:0
BRF:0
BRH:0
DA:4,0
LH:0
LF:1
end_of_record
SF:/home/runner/work/salidas/salidas/Salida/Conversores.cs
FN:17,numberToText(System.Decimal)
FN:30,NumberToText(System.Double)
FNDA:0,numberToText(System.Decimal)
FNDA:0,NumberToText(System.Double)
FNF:2
FNH:0
BRDA:20,20,0,-
BRDA:20,20,1,-
BRDA:31,31,2,-
BRDA:31,31,3,-
BRDA:32,32,4,-
BRDA:32,32,5,-
BRDA:33,33,6,-
BRDA:33,33,7,-
BRDA:34,34,8,-
BRDA:34,34,9,-
BRDA:35,35,10,-
BRDA:35,35,11,-
BRDA:36,36,12,-
BRDA:36,36,13,-
BRDA:37,37,14,-
BRDA:37,37,15,-
BRDA:38,38,16,-
BRDA:38,38,17,-
BRDA:39,39,18,-
BRDA:39,39,19,-
BRDA:40,40,20,-
BRDA:40,40,21,-
BRDA:41,41,22,-
BRDA:41,41,23,-
BRDA:42,42,24,-
BRDA:42,42,25,-
BRDA:43,43,26,-
BRDA:43,43,27,-
BRDA:44,44,28,-
BRDA:44,44,29,-
BRDA:45,45,30,-
BRDA:45,45,31,-
BRDA:46,46,32,-
BRDA:46,46,33,-
BRDA:47,47,34,-
BRDA:47,47,35,-
BRDA:48,48,36,-
BRDA:48,48,37,-
BRDA:49,49,38,-
BRDA:49,49,39,-
BRDA:50,50,40,-
BRDA:50,50,41,-
BRDA:51,51,42,-
BRDA:51,51,43,-
BRDA:52,52,44,-
BRDA:52,52,45,-
BRDA:53,53,46,-
BRDA:53,53,47,-
BRDA:54,54,48,-
BRDA:54,54,49,-
BRDA:55,55,50,-
BRDA:55,55,51,-
BRDA:56,56,52,-
BRDA:56,56,53,-
BRDA:57,57,54,-
BRDA:57,57,55,-
BRDA:58,58,56,-
BRDA:58,58,57,-
BRDA:59,59,58,-
BRDA:59,59,59,-
BRDA:60,60,60,-
BRDA:60,60,61,-
BRDA:60,60,62,-
BRDA:60,60,63,-
BRDA:60,60,64,-
BRDA:60,60,65,-
BRDA:60,60,66,-
BRDA:60,60,67,-
BRDA:60,60,68,-
BRDA:60,60,69,-
BRDA:61,61,70,-
BRDA:61,61,71,-
BRDA:62,62,72,-
BRDA:62,62,73,-
BRDA:63,63,74,-
BRDA:63,63,75,-
BRDA:64,64,76,-
BRDA:64,64,77,-
BRDA:65,65,78,-
BRDA:65,65,79,-
BRDA:66,66,80,-
BRDA:66,66,81,-
BRDA:67,67,82,-
BRDA:67,67,83,-
BRDA:70,70,84,-
BRDA:70,70,85,-
BRDA:75,75,86,-
BRDA:75,75,87,-
BRDA:79,79,88,-
BRDA:79,79,89,-
BRDA:83,83,90,-
BRDA:83,83,91,-
BRDA:86,86,92,-
BRDA:86,86,93,-
BRDA:91,91,94,-
BRDA:91,91,95,-
BRDA:92,92,96,-
BRDA:92,92,97,-
BRDA:96,96,98,-
BRDA:96,96,99,-
BRF:100
BRH:0
DA:17,0
DA:18,0
DA:20,0
DA:22,0
DA:24,0
DA:30,0
DA:31,0
DA:32,0
DA:33,0
DA:34,0
DA:35,0
DA:36,0
DA:37,0
DA:38,0
DA:39,0
DA:40,0
DA:41,0
DA:42,0
DA:43,0
DA:44,0
DA:45,0
DA:46,0
DA:47,0
DA:48,0
DA:49,0
DA:50,0
DA:51,0
DA:52,0
DA:53,0
DA:54,0
DA:55,0
DA:56,0
DA:57,0
DA:58,0
DA:59,0
DA:60,0
DA:61,0
DA:62,0
DA:63,0
DA:64,0
DA:65,0
DA:66,0
DA:67,0
DA:69,0
DA:70,0
DA:72,0
DA:75,0
DA:77,0
DA:79,0
DA:81,0
DA:83,0
DA:85,0
DA:86,0
DA:88,0
DA:91,0
DA:92,0
DA:95,0
DA:96,0
DA:98,0
DA:101,0
LH:0
LF:60
end_of_record
SF:/home/runner/work/salidas/salidas/Salida/Core/Parameter.cs
FN:24,.ctor(Microsoft.Extensions.Configuration.IConfiguration,System.String)
FNDA:0,.ctor(Microsoft.Extensions.Configuration.IConfiguration,System.String)
FNF:1
FNH:0
BRF:0
BRH:0
DA:24,0
DA:25,0
DA:26,0
LH:0
LF:3
end_of_record
SF:/home/runner/work/salidas/salidas/Salida/DAO/CollectionDAO.cs
FN:339,GetSummary1()
FN:25,.ctor(Salida.Models.MicrosipContext)
FN:53,.ctor(Salida.Models.MicrosipContext,Microsip.Core.IParameter)
FNDA:2,GetSummary1()
FNDA:14,.ctor(Salida.Models.MicrosipContext)
FNDA:13,.ctor(Salida.Models.MicrosipContext,Microsip.Core.IParameter)
FNF:3
FNH:3
BRF:0
BRH:0
DA:25,14
DA:30,14
DA:35,14
DA:43,1
DA:44,1
DA:53,13
DA:54,13
DA:55,13
DA:339,2
DA:340,2
DA:341,2
DA:342,2
DA:343,2
DA:344,2
DA:345,2
DA:346,2
DA:347,2
DA:348,2
DA:349,2
DA:350,2
DA:351,2
DA:352,2
LH:22
LF:22
end_of_record
SF:/home/runner/work/salidas/salidas/Salida/Data/DemoData.cs
FN:20,GetInstance()
FN:38,Inicializar(Salida.Models.MicrosipContext)
FNDA:14,GetInstance()
FNDA:14,Inicializar(Salida.Models.MicrosipContext)
FNF:2
FNH:2
BRDA:20,20,100,1
BRDA:20,20,101,1
BRDA:38,38,102,1
BRDA:38,38,103,-
BRDA:40,40,104,1
BRDA:40,40,105,1
BRF:6
BRH:5
DA:20,14
DA:22,1
DA:23,1
DA:24,1
DA:26,1
DA:28,14
DA:38,14
DA:39,0
DA:40,14
DA:41,13
DA:43,1
DA:44,1
DA:45,1
DA:46,1
DA:47,1
DA:48,1
DA:49,1
DA:51,1
DA:52,1
DA:53,1
DA:54,1
DA:55,1
DA:56,1
DA:57,1
DA:58,1
DA:59,1
DA:60,1
DA:61,1
DA:62,1
DA:63,1
DA:64,1
DA:65,1
DA:66,1
DA:67,1
DA:68,1
DA:69,1
DA:70,1
DA:71,1
DA:72,1
DA:73,1
DA:74,1
DA:75,1
DA:77,1
DA:78,1
DA:79,1
DA:80,1
DA:81,1
DA:82,1
DA:83,1
DA:84,1
DA:86,1
DA:87,1
DA:88,1
DA:89,1
DA:90,1
DA:91,1
DA:92,1
DA:94,1
DA:95,1
DA:97,1
DA:98,1
DA:99,1
DA:100,1
DA:101,1
DA:102,1
DA:103,1
DA:104,1
DA:105,1
DA:106,1
DA:107,1
DA:108,1
DA:109,1
DA:110,1
DA:111,1
DA:112,1
DA:113,1
DA:114,1
DA:115,1
DA:116,1
DA:117,1
DA:118,1
DA:119,1
DA:120,1
DA:121,1
DA:122,1
DA:123,1
DA:124,1
DA:125,1
DA:126,1
DA:127,1
DA:128,1
DA:129,1
DA:130,1
DA:131,1
DA:132,1
DA:134,1
DA:136,1
DA:138,1
DA:139,1
DA:140,1
DA:141,1
DA:142,1
DA:143,1
DA:144,1
DA:145,1
DA:146,1
DA:147,1
DA:148,1
DA:149,1
DA:150,1
DA:151,1
DA:152,1
DA:153,1
DA:154,1
DA:155,1
DA:156,1
DA:157,1
DA:158,1
DA:159,1
DA:160,1
DA:161,1
DA:162,1
DA:163,1
DA:164,1
DA:165,1
DA:166,1
DA:167,1
DA:168,1
DA:169,1
DA:170,1
DA:171,1
DA:172,1
DA:173,1
DA:174,1
DA:175,1
DA:176,1
DA:177,1
DA:178,1
DA:180,1
DA:181,1
DA:182,1
DA:183,1
DA:184,1
DA:185,1
DA:186,1
DA:187,1
DA:188,1
DA:189,1
DA:190,1
DA:191,1
DA:192,1
DA:193,1
DA:194,1
DA:195,1
DA:196,1
DA:197,1
DA:198,1
DA:199,1
DA:200,1
DA:201,1
DA:202,1
DA:203,1
DA:204,1
DA:205,1
DA:206,1
DA:207,1
DA:208,1
DA:209,1
DA:210,1
DA:211,1
DA:212,1
DA:213,1
DA:214,1
DA:215,1
DA:216,1
DA:217,1
DA:219,1
DA:220,1
DA:221,0
DA:223,0
DA:224,0
DA:225,14
LH:178
LF:182
end_of_record
SF:/home/runner/work/salidas/salidas/Salida/DTO/ClientInvoicesDTO.cs
FN:22,get_OverdueDays()
FNDA:2212,get_OverdueDays()
FNF:1
FNH:1
BRDA:22,22,106,1
BRDA:22,22,107,1
BRF:2
BRH:2
DA:22,2212
DA:23,996
DA:24,1216
LH:3
LF:3
end_of_record
SF:/home/runner/work/salidas/salidas/Salida/Filters/CustomExceptionFilter.cs
FN:41,OnException(Microsoft.AspNetCore.Mvc.Filters.ExceptionContext)
FN:26,.ctor(Microsoft.AspNetCore.Hosting.IWebHostEnvironment,Microsoft.AspNetCore.Mvc.ModelBinding.IModelMetadataProvider,Microsoft.Extensions.Configuration.IConfiguration)
FNDA:0,OnException(Microsoft.AspNetCore.Mvc.Filters.ExceptionContext)
FNDA:0,.ctor(Microsoft.AspNetCore.Hosting.IWebHostEnvironment,Microsoft.AspNetCore.Mvc.ModelBinding.IModelMetadataProvider,Microsoft.Extensions.Configuration.IConfiguration)
FNF:2
FNH:0
BRDA:41,41,108,-
BRDA:41,41,109,-
BRF:2
BRH:0
DA:26,0
DA:27,0
DA:28,0
DA:30,0
DA:31,0
DA:33,0
DA:41,0
DA:49,0
DA:51,0
LH:0
LF:9
end_of_record
SF:/home/runner/work/salidas/salidas/Salida/Core/RestClient.cs
FN:26,.ctor(Microsoft.Extensions.Configuration.IConfiguration,System.String)
FNDA:0,.ctor(Microsoft.Extensions.Configuration.IConfiguration,System.String)
FNF:1
FNH:0
BRF:0
BRH:0
DA:26,0
DA:27,0
DA:28,0
LH:0
LF:3
end_of_record
SF:/home/runner/work/salidas/salidas/Salida/Controllers/CollectionController.cs
FN:30,.ctor(Microsoft.AspNetCore.Http.IHttpContextAccessor,Salida.Models.MicrosipContext,Microsoft.Extensions.Configuration.IConfiguration)
FNDA:0,.ctor(Microsoft.AspNetCore.Http.IHttpContextAccessor,Salida.Models.MicrosipContext,Microsoft.Extensions.Configuration.IConfiguration)
FNF:1
FNH:0
BRF:0
BRH:0
DA:30,0
DA:32,0
DA:33,0
DA:34,0
LH:0
LF:4
end_of_record
SF:/home/runner/work/salidas/salidas/Salida/Controllers/HealthController.cs
FN:54,GetHealth()
FN:99,ValidateJwtConfiguration()
FN:154,GetApplicationVersion()
FN:30,.ctor(Microsoft.AspNetCore.Hosting.IWebHostEnvironment,Microsoft.Extensions.Options.IOptions`1<Salida.DTO.JwtSettings>,Microsoft.Extensions.Logging.ILogger`1<Salida.Controllers.HealthController>)
FNDA:0,GetHealth()
FNDA:0,ValidateJwtConfiguration()
FNDA:0,GetApplicationVersion()
FNDA:0,.ctor(Microsoft.AspNetCore.Hosting.IWebHostEnvironment,Microsoft.Extensions.Options.IOptions`1<Salida.DTO.JwtSettings>,Microsoft.Extensions.Logging.ILogger`1<Salida.Controllers.HealthController>)
FNF:4
FNH:0
BRDA:57,57,110,-
BRDA:57,57,111,-
BRDA:68,68,112,-
BRDA:68,68,113,-
BRDA:108,108,114,-
BRDA:108,108,115,-
BRDA:115,115,116,-
BRDA:115,115,117,-
BRDA:121,121,118,-
BRDA:121,121,119,-
BRDA:128,128,120,-
BRDA:128,128,121,-
BRDA:134,134,122,-
BRDA:134,134,123,-
BRDA:156,156,124,-
BRDA:156,156,125,-
BRDA:156,156,126,-
BRDA:156,156,127,-
BRF:18
BRH:0
DA:30,0
DA:31,0
DA:32,0
DA:33,0
DA:35,0
DA:36,0
DA:37,0
DA:38,0
DA:54,0
DA:56,0
DA:57,0
DA:59,0
DA:60,0
DA:61,0
DA:62,0
DA:63,0
DA:64,0
DA:65,0
DA:66,0
DA:68,0
DA:70,0
DA:72,0
DA:74,0
DA:76,0
DA:78,0
DA:79,0
DA:80,0
DA:81,0
DA:82,0
DA:83,0
DA:84,0
DA:85,0
DA:86,0
DA:87,0
DA:88,0
DA:89,0
DA:91,0
DA:99,0
DA:100,0
DA:104,0
DA:107,0
DA:108,0
DA:110,0
DA:114,0
DA:115,0
DA:117,0
DA:121,0
DA:123,0
DA:127,0
DA:128,0
DA:130,0
DA:133,0
DA:134,0
DA:135,0
DA:136,0
DA:138,0
DA:139,0
DA:140,0
DA:141,0
DA:143,0
DA:154,0
DA:155,0
DA:156,0
DA:158,0
DA:160,0
DA:162,0
LH:0
LF:66
end_of_record
SF:/home/runner/work/salidas/salidas/Salida/Controllers/VentasController.cs
FN:26,.ctor(Salida.Models.MicrosipContext)
FNDA:0,.ctor(Salida.Models.MicrosipContext)
FNF:1
FNH:0
BRF:0
BRH:0
DA:26,0
DA:28,0
DA:29,0
LH:0
LF:3
end_of_record
SF:/home/runner/work/salidas/salidas/Salida/Controllers/BaseController.cs
FN:22,.ctor(Microsoft.AspNetCore.Http.IHttpContextAccessor,Salida.Models.MicrosipContext)
FNDA:0,.ctor(Microsoft.AspNetCore.Http.IHttpContextAccessor,Salida.Models.MicrosipContext)
FNF:1
FNH:0
BRDA:27,27,128,-
BRDA:27,27,129,-
BRDA:27,27,130,-
BRDA:27,27,131,-
BRDA:27,27,132,-
BRDA:27,27,133,-
BRF:6
BRH:0
DA:22,0
DA:24,0
DA:25,0
DA:26,0
DA:27,0
DA:31,0
DA:32,0
DA:34,0
DA:35,0
DA:37,0
DA:41,0
LH:0
LF:11
end_of_record
SF:/home/runner/work/salidas/salidas/Salida/Core/Correo.cs
FN:41,Enviar()
FN:34,.ctor(Microsoft.Extensions.Configuration.IConfiguration)
FNDA:0,Enviar()
FNDA:0,.ctor(Microsoft.Extensions.Configuration.IConfiguration)
FNF:2
FNH:0
BRF:0
BRH:0
DA:34,0
DA:41,0
DA:42,0
DA:43,0
DA:44,0
DA:46,0
DA:47,0
DA:48,0
DA:49,0
DA:50,0
DA:51,0
DA:52,0
DA:53,0
DA:54,0
DA:55,0
DA:56,0
DA:57,0
DA:58,0
DA:59,0
DA:60,0
DA:63,0
DA:64,0
DA:65,0
DA:67,0
DA:68,0
DA:69,0
LH:0
LF:26
end_of_record
SF:/home/runner/work/salidas/salidas/Salida/Core/DbContextFactory.cs
FN:23,SetConnectionString(System.String)
FN:34,Create(System.String)
FNDA:0,SetConnectionString(System.String)
FNDA:0,Create(System.String)
FNF:2
FNH:0
BRDA:34,34,134,-
BRDA:34,34,135,-
BRF:2
BRH:0
DA:23,0
DA:24,0
DA:34,0
DA:38,0
DA:39,0
DA:40,0
DA:41,0
DA:43,0
DA:44,0
DA:45,0
LH:0
LF:10
end_of_record
SF:/home/runner/work/salidas/salidas/Salida/Core/Security.cs
FN:19,GetSalt()
FN:34,GetHash(System.String)
FN:49,EncryptString(System.String,System.String)
FN:83,DecryptString(System.String,System.String)
FNDA:0,GetSalt()
FNDA:0,GetHash(System.String)
FNDA:0,EncryptString(System.String,System.String)
FNDA:0,DecryptString(System.String,System.String)
FNF:4
FNH:0
BRF:0
BRH:0
DA:19,0
DA:20,0
DA:22,0
DA:23,0
DA:25,0
DA:34,0
DA:36,0
DA:37,0
DA:39,0
DA:49,0
DA:52,0
DA:54,0
DA:55,0
DA:57,0
DA:59,0
DA:61,0
DA:63,0
DA:65,0
DA:66,0
DA:68,0
DA:69,0
DA:72,0
DA:83,0
DA:84,0
DA:86,0
DA:88,0
DA:89,0
DA:90,0
DA:92,0
DA:94,0
DA:96,0
DA:98,0
DA:103,0
LH:0
LF:33
end_of_record
SF:/home/runner/work/salidas/salidas/Salida/Core/Token.cs
FN:38,GenerarToken(System.Security.Claims.Claim[],System.DateTime)
FN:55,RefrescarToken()
FN:27,.ctor(Microsoft.Extensions.Configuration.IConfiguration)
FNDA:0,GenerarToken(System.Security.Claims.Claim[],System.DateTime)
FNDA:0,RefrescarToken()
FNDA:0,.ctor(Microsoft.Extensions.Configuration.IConfiguration)
FNF:3
FNH:0
BRF:0
BRH:0
DA:27,0
DA:28,0
DA:38,0
DA:39,0
DA:40,0
DA:41,0
DA:42,0
DA:43,0
DA:44,0
DA:45,0
DA:46,0
DA:55,0
DA:56,0
DA:58,0
DA:59,0
DA:61,0
LH:0
LF:16
end_of_record
SF:/home/runner/work/salidas/salidas/Salida/DAO/AccesoDAO.cs
FN:29,.ctor(Salida.Models.MicrosipContext)
FNDA:0,.ctor(Salida.Models.MicrosipContext)
FNF:1
FNH:0
BRF:0
BRH:0
DA:29,0
DA:30,0
LH:0
LF:2
end_of_record
SF:/home/runner/work/salidas/salidas/Salida/DAO/CustomError.cs
FN:31,.ctor(System.Int32,System.String,System.String)
FNDA:0,.ctor(System.Int32,System.String,System.String)
FNF:1
FNH:0
BRF:0
BRH:0
DA:31,0
DA:32,0
DA:33,0
DA:34,0
LH:0
LF:4
end_of_record
SF:/home/runner/work/salidas/salidas/Salida/DTO/CollectionDetailDTO.cs
FN:22,get_Paid()
FN:32,get_DaysOverdue()
FNDA:0,get_Paid()
FNDA:0,get_DaysOverdue()
FNF:2
FNH:0
BRDA:22,22,136,-
BRDA:22,22,137,-
BRDA:32,32,138,-
BRDA:32,32,139,-
BRF:4
BRH:0
DA:22,0
DA:32,0
DA:33,0
DA:34,0
LH:0
LF:4
end_of_record
SF:/home/runner/work/salidas/salidas/Salida/Extensions/AuthExtensions.cs
FN:25,AddAuth(Microsoft.Extensions.DependencyInjection.IServiceCollection,Salida.DTO.JwtSettings)
FN:55,UseAuth(Microsoft.AspNetCore.Builder.IApplicationBuilder)
FNDA:0,AddAuth(Microsoft.Extensions.DependencyInjection.IServiceCollection,Salida.DTO.JwtSettings)
FNDA:0,UseAuth(Microsoft.AspNetCore.Builder.IApplicationBuilder)
FNF:2
FNH:0
BRF:0
BRH:0
DA:25,0
DA:26,0
DA:27,0
DA:28,0
DA:29,0
DA:30,0
DA:31,0
DA:32,0
DA:33,0
DA:34,0
DA:35,0
DA:36,0
DA:37,0
DA:38,0
DA:39,0
DA:40,0
DA:41,0
DA:42,0
DA:43,0
DA:45,0
DA:55,0
DA:57,0
DA:59,0
LH:0
LF:23
end_of_record
SF:/home/runner/work/salidas/salidas/Salida/Program.cs
FN:25,Main(System.String[])
FN:39,CreateHostBuilder(System.String[])
FN:55,SeedDatabase(Microsoft.Extensions.Hosting.IHost)
FNDA:0,Main(System.String[])
FNDA:0,CreateHostBuilder(System.String[])
FNDA:0,SeedDatabase(Microsoft.Extensions.Hosting.IHost)
FNF:3
FNH:0
BRF:0
BRH:0
DA:25,0
DA:26,0
DA:28,0
DA:29,0
DA:30,0
DA:31,0
DA:39,0
DA:40,0
DA:41,0
DA:42,0
DA:43,0
DA:44,0
DA:45,0
DA:46,0
DA:47,0
DA:48,0
DA:49,0
DA:50,0
DA:51,0
DA:55,0
DA:57,0
DA:60,0
DA:61,0
DA:62,0
DA:63,0
DA:65,0
DA:66,0
DA:67,0
DA:69,0
LH:0
LF:29
end_of_record
SF:/home/runner/work/salidas/salidas/Salida/Startup.cs
FN:66,ConfigureServices(Microsoft.Extensions.DependencyInjection.IServiceCollection)
FN:236,Configure(Microsoft.AspNetCore.Builder.IApplicationBuilder,Microsoft.AspNetCore.Hosting.IWebHostEnvironment)
FN:50,.ctor(Microsoft.Extensions.Configuration.IConfiguration,Microsoft.AspNetCore.Hosting.IWebHostEnvironment)
FNDA:0,ConfigureServices(Microsoft.Extensions.DependencyInjection.IServiceCollection)
FNDA:0,Configure(Microsoft.AspNetCore.Builder.IApplicationBuilder,Microsoft.AspNetCore.Hosting.IWebHostEnvironment)
FNDA:0,.ctor(Microsoft.Extensions.Configuration.IConfiguration,Microsoft.AspNetCore.Hosting.IWebHostEnvironment)
FNF:3
FNH:0
BRDA:75,75,140,-
BRDA:75,75,141,-
BRDA:79,79,142,-
BRDA:79,79,143,-
BRDA:85,85,144,-
BRDA:85,85,145,-
BRDA:85,85,146,-
BRDA:85,85,147,-
BRDA:89,89,148,-
BRDA:89,89,149,-
BRDA:119,119,150,-
BRDA:119,119,151,-
BRDA:119,119,152,-
BRDA:119,119,153,-
BRDA:119,119,154,-
BRDA:119,119,155,-
BRDA:188,188,156,-
BRDA:188,188,157,-
BRDA:196,196,158,-
BRDA:196,196,159,-
BRDA:239,239,160,-
BRDA:239,239,161,-
BRDA:248,248,162,-
BRDA:248,248,163,-
BRDA:248,248,164,-
BRDA:248,248,165,-
BRDA:248,248,166,-
BRDA:248,248,167,-
BRF:28
BRH:0
DA:50,0
DA:51,0
DA:52,0
DA:66,0
DA:67,0
DA:68,0
DA:71,0
DA:72,0
DA:75,0
DA:77,0
DA:79,0
DA:81,0
DA:85,0
DA:86,0
DA:88,0
DA:89,0
DA:91,0
DA:92,0
DA:93,0
DA:97,0
DA:98,0
DA:99,0
DA:100,0
DA:101,0
DA:102,0
DA:103,0
DA:104,0
DA:105,0
DA:106,0
DA:107,0
DA:108,0
DA:109,0
DA:110,0
DA:111,0
DA:112,0
DA:113,0
DA:114,0
DA:115,0
DA:116,0
DA:117,0
DA:118,0
DA:119,0
DA:123,0
DA:124,0
DA:126,0
DA:127,0
DA:128,0
DA:129,0
DA:130,0
DA:131,0
DA:133,0
DA:134,0
DA:135,0
DA:136,0
DA:137,0
DA:141,0
DA:142,0
DA:143,0
DA:144,0
DA:145,0
DA:146,0
DA:147,0
DA:148,0
DA:149,0
DA:150,0
DA:151,0
DA:152,0
DA:153,0
DA:155,0
DA:157,0
DA:159,0
DA:160,0
DA:161,0
DA:162,0
DA:163,0
DA:164,0
DA:165,0
DA:166,0
DA:167,0
DA:168,0
DA:169,0
DA:170,0
DA:171,0
DA:172,0
DA:173,0
DA:174,0
DA:175,0
DA:176,0
DA:177,0
DA:178,0
DA:179,0
DA:180,0
DA:183,0
DA:184,0
DA:187,0
DA:188,0
DA:190,0
DA:191,0
DA:192,0
DA:196,0
DA:198,0
DA:199,0
DA:200,0
DA:203,0
DA:204,0
DA:205,0
DA:206,0
DA:207,0
DA:208,0
DA:209,0
DA:210,0
DA:211,0
DA:212,0
DA:213,0
DA:214,0
DA:215,0
DA:216,0
DA:217,0
DA:218,0
DA:219,0
DA:220,0
DA:221,0
DA:222,0
DA:223,0
DA:224,0
DA:225,0
DA:236,0
DA:237,0
DA:239,0
DA:241,0
DA:245,0
DA:246,0
DA:248,0
DA:250,0
DA:251,0
DA:252,0
DA:253,0
DA:254,0
DA:255,0
DA:256,0
DA:257,0
DA:262,0
DA:264,0
DA:268,0
DA:269,0
DA:271,0
DA:273,0
DA:275,0
DA:276,0
DA:277,0
DA:278,0
DA:279,0
DA:280,0
DA:281,0
DA:282,0
LH:0
LF:155
end_of_record
