TN:
SF:app/global-error.jsx
FN:7,GlobalError
FN:8,(anonymous_6)
FNF:2
FNH:0
FNDA:0,GlobalError
FNDA:0,(anonymous_6)
DA:3,0
DA:4,0
DA:5,0
DA:7,0
DA:8,0
DA:9,0
LF:6
LH:0
BRF:0
BRH:0
end_of_record
TN:
SF:app/jsonld.ts
FNF:0
FNH:0
DA:1,0
DA:2,0
DA:3,0
DA:8,0
DA:56,0
DA:63,0
DA:90,0
DA:102,0
LF:8
LH:0
BRF:0
BRH:0
end_of_record
TN:
SF:app/layout.tsx
FN:30,RootLayout
FNF:1
FNH:0
FNDA:0,RootLayout
DA:2,0
DA:3,0
DA:5,0
DA:6,0
DA:7,0
DA:10,0
DA:11,0
DA:12,0
DA:14,0
DA:15,0
DA:16,0
DA:17,0
DA:18,0
DA:19,0
DA:20,0
DA:21,0
DA:23,0
DA:24,0
DA:30,0
LF:19
LH:0
BRDA:39,0,0,0
BRDA:54,1,0,0
BRF:2
BRH:0
end_of_record
TN:
SF:app/page.tsx
FN:18,Home
FNF:1
FNH:0
FNDA:0,Home
DA:6,0
DA:7,0
DA:8,0
DA:9,0
DA:10,0
DA:11,0
DA:12,0
DA:13,0
DA:14,0
DA:15,0
DA:16,0
DA:18,0
LF:12
LH:0
BRF:0
BRH:0
end_of_record
TN:
SF:app/sitemap.ts
FN:10,sitemap
FN:16,(anonymous_3)
FN:48,(anonymous_4)
FN:56,(anonymous_5)
FN:58,(anonymous_6)
FNF:5
FNH:0
FNDA:0,sitemap
FNDA:0,(anonymous_3)
FNDA:0,(anonymous_4)
FNDA:0,(anonymous_5)
FNDA:0,(anonymous_6)
DA:2,0
DA:3,0
DA:7,0
DA:8,0
DA:10,0
DA:11,0
DA:15,0
DA:17,0
DA:23,0
DA:26,0
DA:27,0
DA:28,0
DA:30,0
DA:31,0
DA:32,0
DA:33,0
DA:34,0
DA:37,0
DA:47,0
DA:48,0
DA:56,0
DA:58,0
DA:59,0
DA:60,0
DA:62,0
LF:25
LH:0
BRDA:23,0,0,0
BRDA:23,1,0,0
BRDA:23,1,1,0
BRDA:26,2,0,0
BRDA:26,2,1,0
BRDA:27,3,0,0
BRDA:27,3,1,0
BRDA:27,4,0,0
BRDA:27,4,1,0
BRDA:28,5,0,0
BRDA:28,5,1,0
BRDA:31,6,0,0
BRDA:34,7,0,0
BRDA:34,8,0,0
BRDA:34,8,1,0
BRDA:59,9,0,0
BRF:16
BRH:0
end_of_record
TN:
SF:app/actions/sync-repository-files.ts
FN:13,syncRepositoryFiles
FN:33,(anonymous_2)
FN:34,(anonymous_3)
FN:37,(anonymous_4)
FN:41,(anonymous_5)
FN:45,(anonymous_6)
FN:55,(anonymous_7)
FN:56,(anonymous_8)
FNF:8
FNH:0
FNDA:0,syncRepositoryFiles
FNDA:0,(anonymous_2)
FNDA:0,(anonymous_3)
FNDA:0,(anonymous_4)
FNDA:0,(anonymous_5)
FNDA:0,(anonymous_6)
FNDA:0,(anonymous_7)
FNDA:0,(anonymous_8)
DA:3,0
DA:4,0
DA:5,0
DA:6,0
DA:7,0
DA:13,0
DA:23,0
DA:25,0
DA:27,0
DA:30,0
DA:33,0
DA:34,0
DA:37,0
DA:40,0
DA:42,0
DA:43,0
DA:46,0
DA:47,0
DA:55,0
DA:56,0
DA:59,0
DA:67,0
DA:68,0
DA:70,0
DA:71,0
DA:72,0
DA:74,0
DA:84,0
DA:85,0
LF:29
LH:0
BRDA:43,0,0,0
BRDA:43,0,1,0
BRDA:72,1,0,0
BRF:3
BRH:0
end_of_record
TN:
SF:app/actions/aws/create-or-update-schedule.ts
FN:29,createOrUpdateSchedule
FNF:1
FNH:0
FNDA:0,createOrUpdateSchedule
DA:8,0
DA:9,0
DA:10,0
DA:11,0
DA:12,0
DA:29,0
DA:30,0
DA:33,0
DA:35,0
DA:43,0
DA:46,0
DA:47,0
DA:72,0
LF:13
LH:0
BRDA:33,0,0,0
BRDA:33,0,1,0
BRDA:48,1,0,0
BRDA:48,1,1,0
BRF:4
BRH:0
end_of_record
TN:
SF:app/actions/aws/delete-schedules.ts
FN:7,deleteSchedules
FNF:1
FNH:0
FNDA:0,deleteSchedules
DA:3,0
DA:4,0
DA:5,0
DA:7,0
DA:8,0
DA:10,0
DA:12,0
DA:17,0
DA:18,0
DA:20,0
DA:23,0
DA:24,0
DA:26,0
DA:31,0
LF:14
LH:0
BRDA:17,0,0,0
BRDA:20,1,0,0
BRDA:26,2,0,0
BRDA:31,3,0,0
BRF:4
BRH:0
end_of_record
TN:
SF:app/actions/aws/get-schedule-status.ts
FN:7,getScheduleStatus
FNF:1
FNH:0
FNDA:0,getScheduleStatus
DA:3,0
DA:4,0
DA:5,0
DA:7,0
DA:8,0
DA:10,0
DA:11,0
DA:12,0
DA:14,0
DA:15,0
LF:10
LH:0
BRDA:14,0,0,0
BRF:1
BRH:0
end_of_record
TN:
SF:app/actions/cron/expire-credits.ts
FN:12,expireCredits
FN:35,(anonymous_2)
FN:70,(anonymous_3)
FN:98,(anonymous_4)
FNF:4
FNH:4
FNDA:5,expireCredits
FNDA:7,(anonymous_2)
FNDA:7,(anonymous_3)
FNDA:4,(anonymous_4)
DA:3,1
DA:12,5
DA:13,5
DA:14,5
DA:17,5
DA:24,5
DA:26,5
DA:27,2
DA:28,2
DA:31,3
DA:34,3
DA:36,7
DA:37,7
DA:39,7
DA:40,7
DA:41,7
DA:46,3
DA:49,3
DA:50,4
DA:52,4
DA:54,4
DA:61,4
DA:62,0
DA:66,0
DA:70,7
DA:71,4
DA:76,4
DA:77,0
DA:78,0
DA:81,4
DA:87,4
DA:89,0
DA:93,3
DA:95,3
DA:98,4
DA:101,0
DA:102,0
LF:37
LH:30
BRDA:24,0,0,0
BRDA:26,1,0,2
BRDA:26,2,0,5
BRDA:26,2,1,5
BRDA:37,3,0,4
BRDA:61,4,0,0
BRDA:76,5,0,0
BRF:7
BRH:4
end_of_record
TN:
SF:app/actions/github/fetch-repository-files.ts
FN:17,fetchRepositoryFiles
FNF:1
FNH:0
FNDA:0,fetchRepositoryFiles
DA:3,0
DA:4,0
DA:5,0
DA:6,0
DA:17,0
DA:23,0
DA:25,0
DA:27,0
DA:34,0
DA:36,0
DA:37,0
DA:40,0
DA:43,0
DA:46,0
DA:48,0
DA:55,0
DA:57,0
DA:58,0
LF:18
LH:0
BRDA:21,0,0,0
BRDA:37,1,0,0
BRDA:37,2,0,0
BRDA:37,2,1,0
BRDA:40,3,0,0
BRDA:43,4,0,0
BRDA:46,5,0,0
BRDA:51,6,0,0
BRDA:51,6,1,0
BRF:9
BRH:0
end_of_record
TN:
SF:app/actions/github/get-default-branch.ts
FN:8,getDefaultBranch
FNF:1
FNH:0
FNDA:0,getDefaultBranch
DA:3,0
DA:8,0
DA:13,0
DA:15,0
DA:20,0
LF:5
LH:0
BRF:0
BRH:0
end_of_record
TN:
SF:app/actions/github/get-installed-repos.ts
FN:21,getInstalledRepos
FN:28,(anonymous_2)
FN:52,(anonymous_3)
FN:86,(anonymous_4)
FN:98,(anonymous_5)
FNF:5
FNH:0
FNDA:0,getInstalledRepos
FNDA:0,(anonymous_2)
FNDA:0,(anonymous_3)
FNDA:0,(anonymous_4)
FNDA:0,(anonymous_5)
DA:3,0
DA:4,0
DA:14,0
DA:21,0
DA:24,0
DA:27,0
DA:28,0
DA:40,0
DA:43,0
DA:44,0
DA:46,0
DA:47,0
DA:48,0
DA:51,0
DA:53,0
DA:54,0
DA:56,0
DA:57,0
DA:58,0
DA:66,0
DA:69,0
DA:70,0
DA:74,0
DA:79,0
DA:80,0
DA:82,0
DA:86,0
DA:92,0
DA:93,0
DA:98,0
LF:30
LH:0
BRDA:24,0,0,0
BRDA:24,1,0,0
BRDA:24,1,1,0
BRDA:27,2,0,0
BRDA:32,3,0,0
BRDA:32,3,1,0
BRDA:46,4,0,0
BRDA:46,5,0,0
BRDA:46,5,1,0
BRDA:57,6,0,0
BRDA:80,7,0,0
BRDA:84,8,0,0
BRDA:84,8,1,0
BRDA:85,9,0,0
BRDA:85,9,1,0
BRF:15
BRH:0
end_of_record
TN:
SF:app/actions/github/get-open-issues.ts
FN:21,getOpenIssues
FNF:1
FNH:0
FNDA:0,getOpenIssues
DA:3,0
DA:21,0
DA:26,0
DA:27,0
DA:28,0
DA:29,0
DA:31,0
DA:32,0
DA:58,0
DA:59,0
DA:60,0
DA:63,0
LF:12
LH:0
BRF:0
BRH:0
end_of_record
TN:
SF:app/actions/github/get-owner-ids.ts
FN:8,getOwnerIds
FN:23,(anonymous_2)
FNF:2
FNH:0
FNDA:0,getOwnerIds
FNDA:0,(anonymous_2)
DA:3,0
DA:8,0
DA:10,0
DA:11,0
DA:12,0
DA:15,0
DA:17,0
DA:20,0
DA:23,0
DA:24,0
DA:27,0
DA:28,0
LF:12
LH:0
BRDA:10,0,0,0
BRDA:10,1,0,0
BRDA:10,1,1,0
BRF:3
BRH:0
end_of_record
TN:
SF:app/actions/resend/index.ts
FNF:0
FNH:0
DA:1,0
DA:2,0
DA:4,0
LF:3
LH:0
BRF:0
BRH:0
end_of_record
TN:
SF:app/actions/resend/send-email.ts
FN:16,sendEmail
FNF:1
FNH:0
FNDA:0,sendEmail
DA:3,0
DA:5,0
DA:16,0
DA:17,0
DA:18,0
DA:26,0
DA:28,0
DA:32,0
DA:34,0
DA:35,0
DA:36,0
DA:39,0
DA:41,0
DA:42,0
LF:14
LH:0
BRDA:26,0,0,0
BRDA:34,1,0,0
BRDA:44,2,0,0
BRDA:44,2,1,0
BRF:4
BRH:0
end_of_record
TN:
SF:app/actions/resend/templates/generate-contact-confirmation.ts
FN:4,generateContactConfirmation
FNF:1
FNH:0
FNDA:0,generateContactConfirmation
DA:1,0
DA:4,0
DA:5,0
DA:24,0
DA:25,0
DA:28,0
DA:29,0
DA:32,0
DA:40,0
LF:9
LH:0
BRDA:13,0,0,0
BRDA:13,0,1,0
BRDA:19,1,0,0
BRDA:19,1,1,0
BRDA:20,2,0,0
BRDA:20,2,1,0
BRDA:21,3,0,0
BRDA:21,3,1,0
BRDA:24,4,0,0
BRDA:28,5,0,0
BRF:10
BRH:0
end_of_record
TN:
SF:app/actions/resend/templates/generate-welcome-email.ts
FN:3,(anonymous_1)
FNF:1
FNH:0
FNDA:0,(anonymous_1)
DA:1,0
DA:3,0
DA:5,0
LF:3
LH:0
BRF:0
BRH:0
end_of_record
TN:
SF:app/actions/slack/slack-us.ts
FN:5,slackUs
FNF:1
FNH:1
FNDA:36,slackUs
DA:3,1
DA:5,36
DA:7,36
DA:9,0
DA:11,0
DA:12,0
DA:13,0
DA:16,0
DA:17,0
DA:23,0
DA:24,0
DA:28,0
DA:30,0
DA:31,0
LF:14
LH:3
BRDA:7,0,0,36
BRDA:11,1,0,0
BRDA:23,2,0,0
BRF:3
BRH:1
end_of_record
TN:
SF:app/actions/stripe/charge-saved-payment-method.ts
FN:22,chargeSavedPaymentMethod
FNF:1
FNH:1
FNDA:43,chargeSavedPaymentMethod
DA:3,2
DA:22,43
DA:28,43
DA:30,43
DA:31,6
DA:33,6
DA:34,6
DA:35,5
DA:36,0
DA:37,0
DA:41,5
DA:46,5
DA:62,5
DA:63,5
DA:68,0
DA:75,37
DA:78,37
DA:80,37
LF:18
LH:15
BRDA:31,0,0,0
BRDA:31,1,0,6
BRDA:31,1,1,6
BRDA:34,2,0,1
BRDA:35,3,0,0
BRDA:62,4,0,5
BRDA:62,4,1,0
BRDA:75,5,0,1
BRDA:78,6,0,0
BRDA:82,7,0,37
BRDA:82,7,1,0
BRF:11
BRH:6
end_of_record
TN:
SF:app/actions/stripe/check-active-subscription.ts
FN:9,checkActiveSubscription
FNF:1
FNH:1
FNDA:9,checkActiveSubscription
DA:3,1
DA:9,9
DA:10,9
DA:11,9
DA:13,8
DA:16,6
DA:17,6
DA:19,6
DA:20,6
DA:24,2
DA:26,1
DA:27,1
LF:12
LH:12
BRDA:13,0,0,2
BRDA:17,1,0,0
BRDA:20,2,0,4
BRDA:20,3,0,6
BRDA:20,3,1,6
BRDA:20,4,0,6
BRDA:20,4,1,2
BRF:7
BRH:6
end_of_record
TN:
SF:app/actions/stripe/create-checkout-session.ts
FN:10,(anonymous_2)
FNF:1
FNH:1
FNDA:17,(anonymous_2)
DA:3,1
DA:4,1
DA:10,17
DA:21,17
DA:22,17
DA:39,17
DA:73,16
DA:75,1
LF:8
LH:8
BRDA:43,0,0,17
BRDA:43,0,1,15
BRDA:55,1,0,17
BRDA:55,1,1,0
BRF:4
BRH:3
end_of_record
TN:
SF:app/actions/stripe/create-customer-portal-configuration.ts
FN:10,(anonymous_2)
FNF:1
FNH:0
FNDA:0,(anonymous_2)
DA:3,0
DA:4,0
DA:10,0
DA:11,0
DA:30,0
LF:5
LH:0
BRDA:10,0,0,0
BRF:1
BRH:0
end_of_record
TN:
SF:app/actions/stripe/create-customer-portal-session.ts
FN:12,(anonymous_2)
FNF:1
FNH:0
FNDA:0,(anonymous_2)
DA:3,0
DA:4,0
DA:5,0
DA:6,0
DA:12,0
DA:20,0
DA:22,0
DA:23,0
DA:31,0
DA:33,0
LF:10
LH:0
BRDA:14,0,0,0
BRDA:31,1,0,0
BRF:2
BRH:0
end_of_record
TN:
SF:app/actions/stripe/create-customer.ts
FN:12,createCustomer
FNF:1
FNH:0
FNDA:0,createCustomer
DA:3,0
DA:12,0
DA:18,0
DA:20,0
DA:27,0
DA:28,0
DA:33,0
DA:40,0
DA:46,0
DA:47,0
LF:10
LH:0
BRDA:12,0,0,0
BRDA:15,1,0,0
BRDA:27,2,0,0
BRDA:49,3,0,0
BRDA:49,3,1,0
BRF:5
BRH:0
end_of_record
TN:
SF:app/actions/supabase/circleci-tokens/delete-token.ts
FN:5,(anonymous_1)
FNF:1
FNH:0
FNDA:0,(anonymous_1)
DA:3,0
DA:5,0
DA:6,0
DA:8,0
DA:10,0
LF:5
LH:0
BRDA:6,0,0,0
BRDA:10,1,0,0
BRF:2
BRH:0
end_of_record
TN:
SF:app/actions/supabase/circleci-tokens/get-token.ts
FN:5,(anonymous_1)
FNF:1
FNH:0
FNDA:0,(anonymous_1)
DA:3,0
DA:5,0
DA:6,0
DA:8,0
DA:14,0
LF:5
LH:0
BRDA:6,0,0,0
BRF:1
BRH:0
end_of_record
TN:
SF:app/actions/supabase/circleci-tokens/save-token.ts
FN:6,(anonymous_1)
FNF:1
FNH:0
FNDA:0,(anonymous_1)
DA:3,0
DA:6,0
DA:12,0
DA:14,0
DA:16,0
DA:23,0
DA:31,0
DA:32,0
LF:8
LH:0
BRDA:12,0,0,0
BRDA:12,1,0,0
BRDA:12,1,1,0
BRDA:12,1,2,0
BRDA:31,2,0,0
BRF:5
BRH:0
end_of_record
TN:
SF:app/actions/supabase/contacts/save-contact.ts
FN:6,saveContact
FNF:1
FNH:0
FNDA:0,saveContact
DA:3,0
DA:6,0
DA:11,0
DA:13,0
DA:43,0
DA:49,0
DA:51,0
DA:57,0
DA:58,0
LF:9
LH:0
BRDA:27,0,0,0
BRDA:27,0,1,0
BRDA:32,1,0,0
BRDA:32,1,1,0
BRDA:34,2,0,0
BRDA:34,2,1,0
BRDA:36,3,0,0
BRDA:36,3,1,0
BRDA:39,4,0,0
BRDA:39,4,1,0
BRDA:40,5,0,0
BRDA:40,5,1,0
BRDA:49,6,0,0
BRF:13
BRH:0
end_of_record
TN:
SF:app/actions/supabase/coverage/delete-coverage.ts
FN:8,deleteCoverage
FNF:1
FNH:0
FNDA:0,deleteCoverage
DA:3,0
DA:8,0
DA:9,0
DA:11,0
DA:13,0
DA:14,0
DA:15,0
DA:18,0
LF:8
LH:0
BRDA:9,0,0,0
BRDA:13,1,0,0
BRF:2
BRH:0
end_of_record
TN:
SF:app/actions/supabase/coverage/get-coverage.ts
FN:9,getCoverage
FNF:1
FNH:0
FNDA:0,getCoverage
DA:3,0
DA:9,0
DA:10,0
DA:16,0
DA:17,0
DA:18,0
DA:21,0
LF:7
LH:0
BRDA:16,0,0,0
BRF:1
BRH:0
end_of_record
TN:
SF:app/actions/supabase/coverage/get-repo-coverage.ts
FN:6,getRepoCoverage
FNF:1
FNH:0
FNDA:0,getRepoCoverage
DA:3,0
DA:6,0
DA:7,0
DA:14,0
DA:15,0
DA:16,0
DA:19,0
LF:7
LH:0
BRDA:14,0,0,0
BRF:1
BRH:0
end_of_record
TN:
SF:app/actions/supabase/coverage/insert-coverage.ts
FN:10,insertCoverage
FN:20,(anonymous_2)
FNF:2
FNH:0
FNDA:0,insertCoverage
FNDA:0,(anonymous_2)
DA:4,0
DA:10,0
DA:18,0
DA:20,0
DA:42,0
DA:44,0
DA:45,0
DA:46,0
DA:49,0
LF:9
LH:0
BRDA:18,0,0,0
BRDA:44,1,0,0
BRF:2
BRH:0
end_of_record
TN:
SF:app/actions/supabase/coverage/toggle-exclusion.ts
FN:8,toggleExclusion
FNF:1
FNH:0
FNDA:0,toggleExclusion
DA:3,0
DA:8,0
DA:14,0
DA:16,0
DA:24,0
DA:25,0
DA:26,0
DA:29,0
LF:8
LH:0
BRDA:14,0,0,0
BRDA:24,1,0,0
BRF:2
BRH:0
end_of_record
TN:
SF:app/actions/supabase/coverage/update-coverage.ts
FN:8,updateCoverage
FN:16,(anonymous_2)
FNF:2
FNH:0
FNDA:0,updateCoverage
FNDA:0,(anonymous_2)
DA:3,0
DA:8,0
DA:13,0
DA:16,0
DA:22,0
DA:27,0
DA:28,0
DA:29,0
DA:32,0
LF:9
LH:0
BRDA:13,0,0,0
BRDA:27,1,0,0
BRF:2
BRH:0
end_of_record
TN:
SF:app/actions/supabase/credits/get-credit-transactions.ts
FN:5,getCreditTransactions
FNF:1
FNH:1
FNDA:11,getCreditTransactions
DA:3,3
DA:5,11
DA:6,11
DA:13,11
DA:15,11
LF:5
LH:5
BRDA:5,0,0,10
BRDA:13,1,0,0
BRDA:15,2,0,11
BRDA:15,2,1,0
BRF:4
BRH:2
end_of_record
TN:
SF:app/actions/supabase/credits/insert-credits.ts
FN:8,insertCredits
FNF:1
FNH:1
FNDA:12,insertCredits
DA:4,2
DA:8,12
DA:9,12
DA:11,12
LF:4
LH:4
BRDA:11,0,0,1
BRF:1
BRH:1
end_of_record
TN:
SF:app/actions/supabase/installations/get-installations-by-owner-ids.ts
FN:10,getInstallationsByOwnerIds
FNF:1
FNH:0
FNDA:0,getInstallationsByOwnerIds
DA:3,0
DA:10,0
DA:11,0
DA:12,0
DA:15,0
DA:21,0
DA:22,0
DA:23,0
DA:26,0
LF:9
LH:0
BRDA:11,0,0,0
BRDA:21,1,0,0
BRF:2
BRH:0
end_of_record
TN:
SF:app/actions/supabase/oauth_tokens/get-oauth-token.ts
FN:5,(anonymous_1)
FNF:1
FNH:0
FNDA:0,(anonymous_1)
DA:2,0
DA:3,0
DA:5,0
DA:6,0
DA:7,0
DA:12,0
DA:13,0
DA:14,0
DA:17,0
DA:18,0
DA:19,0
DA:21,0
DA:22,0
DA:26,0
DA:27,0
DA:28,0
DA:32,0
DA:33,0
DA:34,0
DA:36,0
DA:37,0
LF:21
LH:0
BRDA:12,0,0,0
BRDA:13,1,0,0
BRDA:18,2,0,0
BRDA:18,2,1,0
BRDA:19,3,0,0
BRDA:19,4,0,0
BRDA:19,4,1,0
BRDA:32,5,0,0
BRF:8
BRH:0
end_of_record
TN:
SF:app/actions/supabase/oauth_tokens/upsert-oauth-token.ts
FN:18,(anonymous_1)
FNF:1
FNH:0
FNDA:0,(anonymous_1)
DA:1,0
DA:18,0
DA:19,0
DA:20,0
DA:32,0
DA:37,0
DA:38,0
DA:40,0
DA:41,0
LF:9
LH:0
BRDA:37,0,0,0
BRF:1
BRH:0
end_of_record
TN:
SF:app/actions/supabase/owners/check-all-auto-reloads.ts
FN:8,checkAllAutoReloads
FN:29,(anonymous_2)
FN:138,(anonymous_3)
FNF:3
FNH:3
FNDA:8,checkAllAutoReloads
FNDA:847,(anonymous_2)
FNDA:37,(anonymous_3)
DA:3,1
DA:4,1
DA:5,1
DA:6,1
DA:8,8
DA:9,8
DA:11,8
DA:25,8
DA:28,8
DA:29,847
DA:32,8
DA:34,8
DA:36,8
DA:37,37
DA:39,37
DA:41,37
DA:42,1
DA:47,1
DA:51,36
DA:56,36
DA:57,0
DA:62,0
DA:66,36
DA:68,36
DA:69,0
DA:74,0
DA:78,36
DA:90,36
DA:91,0
DA:98,0
DA:102,36
DA:109,36
DA:117,36
DA:118,0
DA:121,0
DA:123,0
DA:130,0
DA:134,0
DA:138,37
DA:139,8
DA:141,8
DA:147,0
DA:148,0
LF:43
LH:30
BRDA:25,0,0,0
BRDA:41,1,0,1
BRDA:56,2,0,0
BRDA:68,3,0,0
BRDA:90,4,0,0
BRDA:90,4,1,36
BRDA:99,5,0,0
BRDA:99,5,1,0
BRDA:105,6,0,36
BRDA:105,6,1,0
BRDA:113,7,0,36
BRDA:113,7,1,0
BRDA:117,8,0,0
BRDA:121,9,0,0
BRDA:121,9,1,0
BRF:15
BRH:4
end_of_record
TN:
SF:app/actions/supabase/owners/get-credit-balance.ts
FN:5,getCreditBalance
FNF:1
FNH:1
FNDA:4,getCreditBalance
DA:3,1
DA:5,4
DA:6,4
DA:7,4
DA:9,3
LF:5
LH:5
BRDA:7,0,0,1
BRDA:9,1,0,3
BRDA:9,1,1,1
BRF:3
BRH:3
end_of_record
TN:
SF:app/actions/supabase/owners/get-owner.ts
FN:8,getOwner
FNF:1
FNH:1
FNDA:47,getOwner
DA:3,3
DA:8,47
DA:9,47
DA:15,47
DA:17,47
LF:5
LH:5
BRDA:15,0,0,0
BRF:1
BRH:0
end_of_record
TN:
SF:app/actions/supabase/owners/get-owners.ts
FN:10,getOwners
FNF:1
FNH:0
FNDA:0,getOwners
DA:3,0
DA:10,0
DA:11,0
DA:12,0
DA:15,0
DA:20,0
DA:21,0
DA:22,0
DA:25,0
LF:9
LH:0
BRDA:11,0,0,0
BRDA:20,1,0,0
BRF:2
BRH:0
end_of_record
TN:
SF:app/actions/supabase/owners/update-auto-reload-settings.ts
FN:5,updateAutoReloadSettings
FNF:1
FNH:1
FNDA:6,updateAutoReloadSettings
DA:3,1
DA:5,6
DA:16,6
DA:26,6
DA:28,6
LF:5
LH:5
BRDA:26,0,0,0
BRDA:28,1,0,1
BRDA:28,2,0,6
BRDA:28,2,1,6
BRF:4
BRH:3
end_of_record
TN:
SF:app/actions/supabase/owners/update-spending-limit.ts
FN:5,updateSpendingLimit
FNF:1
FNH:0
FNDA:0,updateSpendingLimit
DA:3,0
DA:5,0
DA:12,0
DA:20,0
DA:22,0
LF:5
LH:0
BRDA:20,0,0,0
BRDA:22,1,0,0
BRDA:22,2,0,0
BRDA:22,2,1,0
BRF:4
BRH:0
end_of_record
TN:
SF:app/actions/supabase/owners/validate-spending-limit.ts
FN:6,validateAutoReloadSpendingLimit
FN:32,(anonymous_2)
FN:40,(anonymous_3)
FNF:3
FNH:3
FNDA:43,validateAutoReloadSpendingLimit
FNDA:8,(anonymous_2)
FNDA:7,(anonymous_3)
DA:3,2
DA:4,2
DA:6,43
DA:13,43
DA:15,43
DA:17,37
DA:25,6
DA:26,6
DA:28,6
DA:31,6
DA:33,8
DA:34,8
DA:40,7
DA:42,6
DA:45,6
DA:46,2
DA:57,4
DA:59,4
LF:18
LH:18
BRDA:15,0,0,37
BRDA:15,1,0,43
BRDA:15,1,1,43
BRDA:35,2,0,8
BRDA:35,2,1,8
BRDA:35,2,2,2
BRDA:35,2,3,7
BRDA:45,3,0,2
BRDA:66,4,0,2
BRDA:66,4,1,2
BRF:10
BRH:10
end_of_record
TN:
SF:app/actions/supabase/repositories/get-repository-settings.ts
FN:5,getRepositorySettings
FNF:1
FNH:0
FNDA:0,getRepositorySettings
DA:3,0
DA:5,0
DA:6,0
DA:7,0
DA:14,0
DA:15,0
DA:16,0
DA:30,0
DA:31,0
DA:33,0
DA:34,0
LF:11
LH:0
BRDA:14,0,0,0
BRDA:30,1,0,0
BRF:2
BRH:0
end_of_record
TN:
SF:app/actions/supabase/repositories/get-trigger-settings.ts
FN:7,getTriggerSettings
FNF:1
FNH:0
FNDA:0,getTriggerSettings
DA:4,0
DA:7,0
DA:11,0
DA:13,0
DA:20,0
DA:22,0
DA:23,0
DA:39,0
DA:41,0
DA:42,0
DA:43,0
DA:44,0
DA:45,0
DA:46,0
DA:49,0
LF:15
LH:0
BRDA:11,0,0,0
BRDA:11,1,0,0
BRDA:11,1,1,0
BRDA:20,2,0,0
BRDA:22,3,0,0
BRDA:42,4,0,0
BRF:6
BRH:0
end_of_record
TN:
SF:app/actions/supabase/repositories/save-repository-settings.ts
FN:7,saveRepositorySettings
FN:35,(anonymous_2)
FN:38,(anonymous_3)
FN:44,(anonymous_4)
FNF:4
FNH:0
FNDA:0,saveRepositorySettings
FNDA:0,(anonymous_2)
FNDA:0,(anonymous_3)
FNDA:0,(anonymous_4)
DA:4,0
DA:7,0
DA:15,0
DA:16,0
DA:17,0
DA:20,0
DA:26,0
DA:31,0
DA:32,0
DA:33,0
DA:34,0
DA:35,0
DA:37,0
DA:38,0
DA:40,0
DA:41,0
DA:42,0
DA:43,0
DA:44,0
DA:47,0
DA:48,0
DA:53,0
DA:56,0
DA:80,0
DA:82,0
DA:85,0
DA:87,0
DA:88,0
DA:90,0
DA:91,0
DA:92,0
DA:93,0
LF:32
LH:0
BRDA:17,0,0,0
BRDA:17,1,0,0
BRDA:17,1,1,0
BRDA:17,1,2,0
BRDA:17,1,3,0
BRDA:31,2,0,0
BRDA:32,3,0,0
BRDA:33,4,0,0
BRDA:34,5,0,0
BRDA:35,6,0,0
BRDA:35,6,1,0
BRDA:37,7,0,0
BRDA:38,8,0,0
BRDA:38,8,1,0
BRDA:40,9,0,0
BRDA:41,10,0,0
BRDA:42,11,0,0
BRDA:43,12,0,0
BRDA:47,13,0,0
BRDA:47,13,1,0
BRDA:53,14,0,0
BRDA:82,15,0,0
BRDA:92,16,0,0
BRF:23
BRH:0
end_of_record
TN:
SF:app/actions/supabase/repositories/save-trigger-settings.ts
FN:7,saveTriggerSettings
FNF:1
FNH:0
FNDA:0,saveTriggerSettings
DA:4,0
DA:7,0
DA:15,0
DA:16,0
DA:17,0
DA:18,0
DA:19,0
DA:21,0
DA:22,0
DA:24,0
DA:31,0
DA:49,0
DA:50,0
DA:55,0
DA:57,0
DA:76,0
DA:78,0
LF:17
LH:0
BRDA:16,0,0,0
BRDA:17,1,0,0
BRDA:18,2,0,0
BRDA:19,3,0,0
BRDA:21,4,0,0
BRDA:38,5,0,0
BRDA:38,5,1,0
BRDA:40,6,0,0
BRDA:40,6,1,0
BRDA:40,7,0,0
BRDA:40,7,1,0
BRDA:49,8,0,0
BRDA:49,8,1,0
BRDA:55,9,0,0
BRDA:78,10,0,0
BRF:15
BRH:0
end_of_record
TN:
SF:app/actions/supabase/users/get-user.ts
FN:5,getUser
FNF:1
FNH:0
FNDA:0,getUser
DA:3,0
DA:5,0
DA:6,0
DA:12,0
DA:13,0
DA:14,0
DA:17,0
LF:7
LH:0
BRDA:12,0,0,0
BRF:1
BRH:0
end_of_record
TN:
SF:app/actions/supabase/users/upsert-user.ts
FN:6,upsertUser
FNF:1
FNH:0
FNDA:0,upsertUser
DA:3,0
DA:6,0
DA:7,0
DA:8,0
DA:15,0
DA:24,0
DA:26,0
DA:32,0
DA:33,0
LF:9
LH:0
BRDA:24,0,0,0
BRDA:36,1,0,0
BRDA:36,1,1,0
BRF:3
BRH:0
end_of_record
TN:
SF:app/api/auth/[...nextauth]/route.ts
FN:33,(anonymous_4)
FN:53,(anonymous_5)
FN:102,(anonymous_6)
FNF:3
FNH:0
FNDA:0,(anonymous_4)
FNDA:0,(anonymous_5)
FNDA:0,(anonymous_6)
DA:2,0
DA:3,0
DA:4,0
DA:7,0
DA:8,0
DA:9,0
DA:10,0
DA:11,0
DA:12,0
DA:13,0
DA:14,0
DA:15,0
DA:17,0
DA:34,0
DA:54,0
DA:56,0
DA:57,0
DA:58,0
DA:59,0
DA:60,0
DA:63,0
DA:64,0
DA:67,0
DA:68,0
DA:69,0
DA:72,0
DA:73,0
DA:76,0
DA:77,0
DA:78,0
DA:86,0
DA:87,0
DA:91,0
DA:92,0
DA:93,0
DA:94,0
DA:97,0
DA:103,0
DA:104,0
DA:105,0
DA:106,0
DA:107,0
DA:109,0
DA:111,0
DA:118,0
LF:45
LH:0
BRDA:36,0,0,0
BRDA:36,0,1,0
BRDA:54,1,0,0
BRDA:54,2,0,0
BRDA:54,2,1,0
BRDA:63,3,0,0
BRDA:63,3,1,0
BRDA:64,4,0,0
BRDA:64,4,1,0
BRDA:73,5,0,0
BRDA:76,6,0,0
BRDA:76,7,0,0
BRDA:76,7,1,0
BRDA:86,8,0,0
BRDA:91,9,0,0
BRDA:91,9,1,0
BRDA:91,10,0,0
BRDA:91,10,1,0
BRDA:93,11,0,0
BRF:19
BRH:0
end_of_record
TN:
SF:app/api/cron/auto-reload/route.ts
FN:5,GET
FNF:1
FNH:0
FNDA:0,GET
DA:1,0
DA:2,0
DA:3,0
DA:5,0
DA:6,0
DA:8,0
DA:9,0
DA:11,0
DA:13,0
DA:15,0
DA:17,0
DA:22,0
DA:23,0
LF:13
LH:0
BRDA:9,0,0,0
BRDA:26,1,0,0
BRDA:26,1,1,0
BRF:3
BRH:0
end_of_record
TN:
SF:app/api/cron/expire-credits/route.ts
FN:5,POST
FN:34,GET
FNF:2
FNH:0
FNDA:0,POST
FNDA:0,GET
DA:1,0
DA:2,0
DA:3,0
DA:5,0
DA:6,0
DA:8,0
DA:9,0
DA:12,0
DA:14,0
DA:21,0
DA:23,0
DA:34,0
DA:35,0
LF:13
LH:0
BRDA:9,0,0,0
BRDA:26,1,0,0
BRDA:26,1,1,0
BRF:3
BRH:0
end_of_record
TN:
SF:app/api/github/index.ts
FN:8,(anonymous_4)
FN:27,(anonymous_5)
FN:39,(anonymous_6)
FNF:3
FNH:0
FNDA:0,(anonymous_4)
FNDA:0,(anonymous_5)
FNDA:0,(anonymous_6)
DA:1,0
DA:2,0
DA:3,0
DA:6,0
DA:8,0
DA:9,0
DA:10,0
DA:12,0
DA:13,0
DA:14,0
DA:15,0
DA:17,0
DA:21,0
DA:24,0
DA:27,0
DA:28,0
DA:29,0
DA:31,0
DA:32,0
DA:33,0
DA:36,0
DA:39,0
DA:40,0
LF:23
LH:0
BRDA:12,0,0,0
BRDA:15,1,0,0
BRDA:15,2,0,0
BRDA:15,2,1,0
BRDA:31,3,0,0
BRF:5
BRH:0
end_of_record
TN:
SF:app/api/github/create-coverage-issues/route.ts
FN:41,POST
FN:96,(anonymous_2)
FN:128,(anonymous_3)
FN:198,(anonymous_4)
FNF:4
FNH:0
FNDA:0,POST
FNDA:0,(anonymous_2)
FNDA:0,(anonymous_3)
FNDA:0,(anonymous_4)
DA:1,0
DA:2,0
DA:3,0
DA:4,0
DA:5,0
DA:41,0
DA:42,0
DA:44,0
DA:46,0
DA:47,0
DA:53,0
DA:56,0
DA:59,0
DA:60,0
DA:61,0
DA:62,0
DA:64,0
DA:65,0
DA:86,0
DA:88,0
DA:89,0
DA:90,0
DA:91,0
DA:96,0
DA:99,0
DA:100,0
DA:101,0
DA:120,0
DA:122,0
DA:127,0
DA:139,0
DA:140,0
DA:142,0
DA:143,0
DA:146,0
DA:150,0
DA:167,0
DA:189,0
DA:197,0
DA:199,0
DA:203,0
DA:205,0
DA:206,0
LF:43
LH:0
BRDA:46,0,0,0
BRDA:46,1,0,0
BRDA:46,1,1,0
BRDA:46,1,2,0
BRDA:46,1,3,0
BRDA:83,2,0,0
BRDA:83,2,1,0
BRDA:86,3,0,0
BRDA:88,4,0,0
BRDA:88,4,1,0
BRDA:90,5,0,0
BRDA:90,5,1,0
BRDA:91,6,0,0
BRDA:91,6,1,0
BRDA:96,7,0,0
BRDA:96,7,1,0
BRDA:96,8,0,0
BRDA:96,8,1,0
BRDA:99,9,0,0
BRDA:99,10,0,0
BRDA:99,10,1,0
BRDA:99,10,2,0
BRDA:142,11,0,0
BRDA:142,11,1,0
BRDA:143,12,0,0
BRDA:143,12,1,0
BRDA:146,13,0,0
BRDA:146,13,1,0
BRDA:152,14,0,0
BRDA:152,14,1,0
BRDA:153,15,0,0
BRDA:153,15,1,0
BRDA:154,16,0,0
BRDA:154,16,1,0
BRDA:155,17,0,0
BRDA:155,17,1,0
BRDA:183,18,0,0
BRDA:183,18,1,0
BRDA:184,19,0,0
BRDA:184,19,1,0
BRF:40
BRH:0
end_of_record
TN:
SF:app/api/github/get-branches/route.ts
FN:13,POST
FN:47,(anonymous_2)
FNF:2
FNH:0
FNDA:0,POST
FNDA:0,(anonymous_2)
DA:1,0
DA:2,0
DA:13,0
DA:14,0
DA:15,0
DA:17,0
DA:18,0
DA:19,0
DA:22,0
DA:25,0
DA:30,0
DA:31,0
DA:33,0
DA:34,0
DA:41,0
DA:43,0
DA:44,0
DA:47,0
DA:52,0
DA:54,0
DA:55,0
LF:21
LH:0
BRDA:17,0,0,0
BRDA:17,1,0,0
BRDA:17,1,1,0
BRDA:17,1,2,0
BRDA:41,2,0,0
BRF:5
BRH:0
end_of_record
TN:
SF:app/api/github/validate-file-path/route.ts
FN:8,POST
FN:39,(anonymous_2)
FNF:2
FNH:0
FNDA:0,POST
FNDA:0,(anonymous_2)
DA:1,0
DA:2,0
DA:3,0
DA:6,0
DA:8,0
DA:9,0
DA:11,0
DA:12,0
DA:14,0
DA:15,0
DA:18,0
DA:19,0
DA:21,0
DA:22,0
DA:23,0
DA:27,0
DA:37,0
DA:38,0
DA:39,0
DA:42,0
DA:43,0
DA:46,0
DA:49,0
DA:50,0
DA:52,0
DA:53,0
DA:57,0
DA:60,0
DA:62,0
DA:69,0
DA:72,0
DA:73,0
DA:77,0
DA:78,0
DA:81,0
DA:82,0
DA:84,0
DA:85,0
LF:38
LH:0
BRDA:14,0,0,0
BRDA:14,1,0,0
BRDA:14,1,1,0
BRDA:14,1,2,0
BRDA:21,2,0,0
BRDA:21,3,0,0
BRDA:21,3,1,0
BRDA:42,4,0,0
BRDA:52,5,0,0
BRDA:72,6,0,0
BRF:10
BRH:0
end_of_record
TN:
SF:app/api/jira/callback/route.ts
FN:12,GET
FNF:1
FNH:0
FNDA:0,GET
DA:2,0
DA:3,0
DA:9,0
DA:10,0
DA:12,0
DA:13,0
DA:14,0
DA:15,0
DA:19,0
DA:21,0
DA:24,0
DA:35,0
DA:39,0
DA:45,0
DA:47,0
DA:48,0
LF:16
LH:0
BRDA:19,0,0,0
BRDA:19,1,0,0
BRDA:19,1,1,0
BRF:3
BRH:0
end_of_record
TN:
SF:app/api/jira/connect/route.ts
FN:4,GET
FNF:1
FNH:0
FNDA:0,GET
DA:1,0
DA:2,0
DA:4,0
DA:6,0
DA:7,0
DA:8,0
DA:13,0
DA:14,0
DA:15,0
DA:16,0
DA:17,0
LF:11
LH:0
BRDA:8,0,0,0
BRF:1
BRH:0
end_of_record
TN:
SF:app/api/jira/disconnect/route.ts
FN:4,POST
FNF:1
FNH:0
FNDA:0,POST
DA:1,0
DA:2,0
DA:4,0
DA:5,0
DA:6,0
DA:8,0
DA:14,0
DA:16,0
DA:18,0
DA:19,0
LF:10
LH:0
BRDA:14,0,0,0
BRF:1
BRH:0
end_of_record
TN:
SF:app/api/jira/get-projects/route.ts
FN:5,GET
FNF:1
FNH:0
FNDA:0,GET
DA:1,0
DA:2,0
DA:3,0
DA:5,0
DA:6,0
DA:7,0
DA:8,0
DA:10,0
DA:12,0
DA:13,0
DA:15,0
DA:16,0
DA:18,0
DA:19,0
LF:14
LH:0
BRDA:8,0,0,0
BRDA:13,1,0,0
BRF:2
BRH:0
end_of_record
TN:
SF:app/api/jira/refresh/route.ts
FN:5,POST
FNF:1
FNH:0
FNDA:0,POST
DA:1,0
DA:2,0
DA:3,0
DA:5,0
DA:6,0
DA:7,0
DA:8,0
DA:9,0
DA:17,0
DA:28,0
DA:29,0
DA:30,0
DA:36,0
DA:39,0
DA:49,0
DA:51,0
DA:52,0
DA:53,0
LF:18
LH:0
BRDA:8,0,0,0
BRDA:8,1,0,0
BRDA:8,1,1,0
BRDA:28,2,0,0
BRDA:52,3,0,0
BRDA:52,3,1,0
BRF:6
BRH:0
end_of_record
TN:
SF:app/api/jira/status/route.ts
FN:4,GET
FNF:1
FNH:0
FNDA:0,GET
DA:1,0
DA:2,0
DA:4,0
DA:5,0
DA:6,0
DA:8,0
DA:11,0
DA:13,0
DA:15,0
DA:16,0
LF:10
LH:0
BRDA:6,0,0,0
BRF:1
BRH:0
end_of_record
TN:
SF:app/api/stripe/webhook/route.ts
FN:11,POST
FN:48,(anonymous_6)
FNF:2
FNH:0
FNDA:0,POST
FNDA:0,(anonymous_6)
DA:1,0
DA:2,0
DA:6,0
DA:7,0
DA:8,0
DA:9,0
DA:11,0
DA:12,0
DA:13,0
DA:14,0
DA:16,0
DA:20,0
DA:22,0
DA:24,0
DA:25,0
DA:28,0
DA:29,0
DA:30,0
DA:31,0
DA:36,0
DA:37,0
DA:39,0
DA:40,0
DA:41,0
DA:44,0
DA:45,0
DA:48,0
DA:49,0
DA:55,0
DA:56,0
DA:57,0
DA:60,0
DA:69,0
DA:70,0
DA:71,0
DA:78,0
DA:80,0
DA:81,0
LF:38
LH:0
BRDA:16,0,0,0
BRDA:29,1,0,0
BRDA:39,2,0,0
BRDA:39,3,0,0
BRDA:39,3,1,0
BRDA:55,4,0,0
BRDA:63,5,0,0
BRDA:63,5,1,0
BRDA:70,6,0,0
BRDA:70,6,1,0
BRF:10
BRH:0
end_of_record
TN:
SF:app/api/structured-rules-default/route.ts
FN:3,GET
FNF:1
FNH:0
FNDA:0,GET
DA:1,0
DA:3,0
DA:4,0
LF:3
LH:0
BRF:0
BRH:0
end_of_record
TN:
SF:app/api/supabase/delete-jira-github-link/route.ts
FN:4,DELETE
FNF:1
FNH:0
FNDA:0,DELETE
DA:1,0
DA:2,0
DA:4,0
DA:5,0
DA:6,0
DA:7,0
DA:8,0
DA:10,0
DA:17,0
DA:19,0
DA:21,0
LF:11
LH:0
BRDA:7,0,0,0
BRDA:7,1,0,0
BRDA:7,1,1,0
BRDA:7,1,2,0
BRDA:7,1,3,0
BRDA:17,2,0,0
BRF:6
BRH:0
end_of_record
TN:
SF:app/api/supabase/get-installation-id/route.ts
FN:4,GET
FNF:1
FNH:0
FNDA:0,GET
DA:1,0
DA:2,0
DA:4,0
DA:5,0
DA:6,0
DA:7,0
DA:8,0
DA:9,0
DA:10,0
DA:13,0
DA:22,0
DA:23,0
DA:24,0
DA:27,0
DA:29,0
DA:31,0
LF:16
LH:0
BRDA:8,0,0,0
BRDA:22,1,0,0
BRDA:27,2,0,0
BRDA:27,2,1,0
BRF:4
BRH:0
end_of_record
TN:
SF:app/api/supabase/get-jira-github-link/route.ts
FN:4,GET
FNF:1
FNH:0
FNDA:0,GET
DA:1,0
DA:2,0
DA:4,0
DA:5,0
DA:6,0
DA:7,0
DA:9,0
DA:11,0
LF:8
LH:0
BRDA:7,0,0,0
BRF:1
BRH:0
end_of_record
TN:
SF:app/api/supabase/get-oauth-token/route.ts
FN:4,GET
FNF:1
FNH:0
FNDA:0,GET
DA:1,0
DA:2,0
DA:4,0
DA:5,0
DA:6,0
DA:7,0
DA:8,0
DA:9,0
DA:10,0
DA:12,0
DA:13,0
DA:15,0
DA:16,0
LF:13
LH:0
BRDA:9,0,0,0
BRDA:9,1,0,0
BRDA:9,1,1,0
BRF:3
BRH:0
end_of_record
TN:
SF:app/api/supabase/get-usage-stats/route.ts
FN:6,POST
FN:40,(anonymous_2)
FN:43,(anonymous_3)
FN:48,(anonymous_4)
FN:52,(anonymous_5)
FN:53,(anonymous_6)
FN:61,(anonymous_7)
FN:62,(anonymous_8)
FN:66,(anonymous_9)
FN:67,(anonymous_10)
FNF:10
FNH:0
FNDA:0,POST
FNDA:0,(anonymous_2)
FNDA:0,(anonymous_3)
FNDA:0,(anonymous_4)
FNDA:0,(anonymous_5)
FNDA:0,(anonymous_6)
FNDA:0,(anonymous_7)
FNDA:0,(anonymous_8)
FNDA:0,(anonymous_9)
FNDA:0,(anonymous_10)
DA:1,0
DA:4,0
DA:6,0
DA:7,0
DA:8,0
DA:9,0
DA:11,0
DA:12,0
DA:13,0
DA:14,0
DA:17,0
DA:22,0
DA:23,0
DA:25,0
DA:28,0
DA:35,0
DA:36,0
DA:38,0
DA:40,0
DA:42,0
DA:43,0
DA:44,0
DA:47,0
DA:48,0
DA:50,0
DA:52,0
DA:53,0
DA:55,0
DA:56,0
DA:59,0
DA:61,0
DA:62,0
DA:64,0
DA:66,0
DA:67,0
DA:69,0
DA:70,0
DA:72,0
DA:82,0
DA:87,0
DA:88,0
LF:41
LH:0
BRDA:11,0,0,0
BRDA:12,1,0,0
BRDA:13,2,0,0
BRDA:13,3,0,0
BRDA:13,3,1,0
BRDA:22,4,0,0
BRDA:35,5,0,0
BRDA:66,6,0,0
BRDA:66,6,1,0
BRDA:83,7,0,0
BRDA:83,7,1,0
BRF:11
BRH:0
end_of_record
TN:
SF:app/api/supabase/upsert-jira-github-link/route.ts
FN:17,POST
FN:35,(anonymous_2)
FNF:2
FNH:0
FNDA:0,POST
FNDA:0,(anonymous_2)
DA:1,0
DA:2,0
DA:17,0
DA:18,0
DA:19,0
DA:21,0
DA:35,0
DA:36,0
DA:37,0
DA:43,0
DA:54,0
DA:55,0
DA:57,0
DA:58,0
LF:14
LH:0
BRDA:36,0,0,0
BRDA:54,1,0,0
BRF:2
BRH:0
end_of_record
TN:
SF:app/api/validate-file-path/route.ts
FN:8,POST
FNF:1
FNH:0
FNDA:0,POST
DA:1,0
DA:2,0
DA:3,0
DA:6,0
DA:8,0
DA:9,0
DA:11,0
DA:12,0
DA:14,0
DA:15,0
DA:21,0
DA:22,0
DA:24,0
DA:25,0
DA:26,0
DA:30,0
DA:31,0
DA:33,0
DA:34,0
DA:38,0
DA:41,0
DA:43,0
DA:50,0
DA:53,0
DA:54,0
DA:58,0
DA:59,0
DA:62,0
DA:63,0
DA:65,0
DA:66,0
LF:31
LH:0
BRDA:14,0,0,0
BRDA:14,1,0,0
BRDA:14,1,1,0
BRDA:14,1,2,0
BRDA:14,1,3,0
BRDA:24,2,0,0
BRDA:24,3,0,0
BRDA:24,3,1,0
BRDA:33,4,0,0
BRDA:53,5,0,0
BRF:10
BRH:0
end_of_record
TN:
SF:app/api/validate-url/route.ts
FN:3,POST
FN:30,(anonymous_2)
FNF:2
FNH:0
FNDA:0,POST
FNDA:0,(anonymous_2)
DA:1,0
DA:3,0
DA:4,0
DA:5,0
DA:8,0
DA:9,0
DA:12,0
DA:14,0
DA:16,0
DA:20,0
DA:21,0
DA:28,0
DA:29,0
DA:30,0
DA:32,0
DA:38,0
DA:41,0
DA:42,0
DA:44,0
DA:50,0
DA:61,0
DA:62,0
LF:22
LH:0
BRDA:8,0,0,0
BRDA:8,1,0,0
BRDA:8,1,1,0
BRDA:20,2,0,0
BRDA:41,3,0,0
BRDA:41,3,1,0
BRDA:54,4,0,0
BRDA:54,4,1,0
BRF:8
BRH:0
end_of_record
TN:
SF:app/blog/jsonld.ts
FNF:0
FNH:0
DA:1,0
DA:2,0
DA:3,0
DA:4,0
DA:9,0
LF:5
LH:0
BRF:0
BRH:0
end_of_record
TN:
SF:app/blog/layout.tsx
FN:24,BlogLayout
FNF:1
FNH:0
FNDA:0,BlogLayout
DA:1,0
DA:2,0
DA:3,0
DA:4,0
DA:5,0
DA:6,0
DA:8,0
DA:24,0
LF:8
LH:0
BRF:0
BRH:0
end_of_record
TN:
SF:app/blog/page.tsx
FN:4,BlogIndex
FN:11,(anonymous_3)
FNF:2
FNH:0
FNDA:0,BlogIndex
FNDA:0,(anonymous_3)
DA:1,0
DA:2,0
DA:4,0
DA:5,0
DA:12,0
LF:5
LH:0
BRF:0
BRH:0
end_of_record
TN:
SF:app/blog/[slug]/jsonld.ts
FN:4,createBlogPostJsonLd
FNF:1
FNH:0
FNDA:0,createBlogPostJsonLd
DA:1,0
DA:2,0
DA:4,0
DA:5,0
LF:4
LH:0
BRDA:16,0,0,0
BRDA:16,0,1,0
BRDA:17,1,0,0
BRDA:17,1,1,0
BRDA:21,2,0,0
BRDA:21,2,1,0
BRF:6
BRH:0
end_of_record
TN:
SF:app/blog/[slug]/layout.tsx
FN:13,generateMetadata
FN:35,BlogPostLayout
FNF:2
FNH:0
FNDA:0,generateMetadata
FNDA:0,BlogPostLayout
DA:1,0
DA:2,0
DA:3,0
DA:4,0
DA:5,0
DA:6,0
DA:13,0
DA:14,0
DA:15,0
DA:17,0
DA:18,0
DA:25,0
DA:35,0
DA:36,0
DA:37,0
DA:39,0
DA:40,0
DA:44,0
LF:18
LH:0
BRDA:17,0,0,0
BRDA:29,1,0,0
BRDA:29,1,1,0
BRDA:39,2,0,0
BRF:4
BRH:0
end_of_record
TN:
SF:app/blog/[slug]/page.tsx
FN:4,BlogPost
FN:15,(anonymous_5)
FN:15,(anonymous_6)
FNF:3
FNH:0
FNDA:0,BlogPost
FNDA:0,(anonymous_5)
FNDA:0,(anonymous_6)
DA:1,0
DA:2,0
DA:4,0
DA:5,0
DA:6,0
DA:8,0
DA:11,0
DA:14,0
DA:15,0
DA:23,0
DA:24,0
LF:11
LH:0
BRDA:8,0,0,0
BRDA:11,1,0,0
BRDA:11,1,1,0
BRF:3
BRH:0
end_of_record
TN:
SF:app/blog/utils/get-blog-post-from-posts.ts
FN:4,getBlogPostFromPosts
FN:10,(anonymous_3)
FNF:2
FNH:0
FNDA:0,getBlogPostFromPosts
FNDA:0,(anonymous_3)
DA:1,0
DA:2,0
DA:4,0
DA:5,0
DA:7,0
DA:10,0
DA:12,0
DA:13,0
DA:15,0
DA:16,0
DA:17,0
DA:19,0
DA:21,0
DA:23,0
DA:26,0
DA:27,0
DA:28,0
DA:31,0
DA:32,0
DA:36,0
LF:20
LH:0
BRDA:7,0,0,0
BRDA:19,1,0,0
BRDA:23,2,0,0
BRDA:23,3,0,0
BRDA:23,3,1,0
BRDA:23,3,2,0
BRDA:26,4,0,0
BRDA:26,4,1,0
BRDA:27,5,0,0
BRF:9
BRH:0
end_of_record
TN:
SF:app/blog/utils/get-blog-posts.ts
FN:4,getBlogPosts
FN:13,(anonymous_3)
FN:14,(anonymous_4)
FN:38,(anonymous_5)
FN:39,(anonymous_6)
FN:40,(anonymous_7)
FN:42,(anonymous_8)
FNF:7
FNH:0
FNDA:0,getBlogPosts
FNDA:0,(anonymous_3)
FNDA:0,(anonymous_4)
FNDA:0,(anonymous_5)
FNDA:0,(anonymous_6)
FNDA:0,(anonymous_7)
FNDA:0,(anonymous_8)
DA:1,0
DA:2,0
DA:4,0
DA:5,0
DA:7,0
DA:9,0
DA:11,0
DA:13,0
DA:15,0
DA:16,0
DA:18,0
DA:19,0
DA:20,0
DA:21,0
DA:23,0
DA:24,0
DA:27,0
DA:29,0
DA:31,0
DA:32,0
DA:37,0
DA:38,0
DA:39,0
DA:40,0
DA:42,0
LF:25
LH:0
BRDA:7,0,0,0
BRDA:20,1,0,0
BRDA:23,2,0,0
BRDA:23,3,0,0
BRDA:23,3,1,0
BRDA:23,3,2,0
BRDA:27,4,0,0
BRDA:27,4,1,0
BRF:8
BRH:0
end_of_record
TN:
SF:app/components/AuthControls.tsx
FN:13,AuthControls
FN:21,(anonymous_3)
FNF:2
FNH:0
FNDA:0,AuthControls
FNDA:0,(anonymous_3)
DA:2,0
DA:3,0
DA:6,0
DA:7,0
DA:13,0
DA:14,0
DA:15,0
DA:21,0
LF:8
LH:0
BRDA:13,0,0,0
BRDA:19,1,0,0
BRDA:21,2,0,0
BRDA:21,2,1,0
BRDA:21,3,0,0
BRDA:21,3,1,0
BRDA:27,4,0,0
BRF:7
BRH:0
end_of_record
TN:
SF:app/components/ConfirmationModal.tsx
FN:13,ConfirmationModal
FN:28,(anonymous_2)
FNF:2
FNH:0
FNDA:0,ConfirmationModal
FNDA:0,(anonymous_2)
DA:13,0
DA:24,0
DA:28,0
LF:3
LH:0
BRDA:17,0,0,0
BRDA:18,1,0,0
BRDA:21,2,0,0
BRDA:22,3,0,0
BRDA:24,4,0,0
BRDA:44,5,0,0
BRDA:44,5,1,0
BRDA:47,6,0,0
BRDA:47,6,1,0
BRF:9
BRH:0
end_of_record
TN:
SF:app/components/DocsLink.tsx
FN:8,DocsLink
FNF:1
FNH:0
FNDA:0,DocsLink
DA:1,0
DA:8,0
LF:2
LH:0
BRDA:8,0,0,0
BRF:1
BRH:0
end_of_record
TN:
SF:app/components/ErrorBanner.tsx
FN:5,ErrorBanner
FNF:1
FNH:0
FNDA:0,ErrorBanner
DA:5,0
DA:6,0
LF:2
LH:0
BRDA:6,0,0,0
BRF:1
BRH:0
end_of_record
TN:
SF:app/components/FilterSelect.tsx
FN:12,FilterSelect
FN:25,(anonymous_2)
FN:29,(anonymous_3)
FNF:3
FNH:0
FNDA:0,FilterSelect
FNDA:0,(anonymous_2)
FNDA:0,(anonymous_3)
DA:12,0
DA:25,0
DA:30,0
LF:3
LH:0
BRDA:17,0,0,0
BRDA:18,1,0,0
BRF:2
BRH:0
end_of_record
TN:
SF:app/components/Footer.tsx
FN:14,Footer
FN:21,(anonymous_3)
FN:55,(anonymous_4)
FN:81,(anonymous_5)
FN:98,(anonymous_6)
FN:115,(anonymous_7)
FN:132,(anonymous_8)
FNF:7
FNH:0
FNDA:0,Footer
FNDA:0,(anonymous_3)
FNDA:0,(anonymous_4)
FNDA:0,(anonymous_5)
FNDA:0,(anonymous_6)
FNDA:0,(anonymous_7)
FNDA:0,(anonymous_8)
DA:4,0
DA:5,0
DA:6,0
DA:7,0
DA:10,0
DA:11,0
DA:12,0
DA:14,0
DA:15,0
DA:16,0
DA:17,0
DA:18,0
DA:20,0
DA:22,0
DA:23,0
DA:24,0
DA:29,0
DA:56,0
DA:82,0
DA:99,0
DA:116,0
DA:133,0
LF:22
LH:0
BRDA:17,0,0,0
BRDA:17,0,1,0
BRDA:18,1,0,0
BRDA:22,2,0,0
BRF:4
BRH:0
end_of_record
TN:
SF:app/components/InstallationSuccessPopup.tsx
FN:7,InstallationSuccessPopup
FN:13,(anonymous_2)
FN:27,(anonymous_3)
FNF:3
FNH:0
FNDA:0,InstallationSuccessPopup
FNDA:0,(anonymous_2)
FNDA:0,(anonymous_3)
DA:3,0
DA:4,0
DA:7,0
DA:8,0
DA:9,0
DA:10,0
DA:11,0
DA:13,0
DA:14,0
DA:15,0
DA:18,0
DA:19,0
DA:22,0
DA:23,0
DA:27,0
DA:28,0
DA:31,0
LF:17
LH:0
BRDA:18,0,0,0
BRDA:18,1,0,0
BRDA:18,1,1,0
BRDA:31,2,0,0
BRF:4
BRH:0
end_of_record
TN:
SF:app/components/Intercom.tsx
FN:16,IntercomMessenger
FN:18,(anonymous_3)
FNF:2
FNH:0
FNDA:0,IntercomMessenger
FNDA:0,(anonymous_3)
DA:4,0
DA:5,0
DA:6,0
DA:9,0
DA:10,0
DA:16,0
DA:17,0
DA:18,0
DA:19,0
DA:20,0
DA:25,0
DA:61,0
LF:12
LH:0
BRDA:19,0,0,0
BRDA:19,0,1,0
BRDA:20,1,0,0
BRDA:20,1,1,0
BRDA:29,2,0,0
BRDA:29,2,1,0
BRDA:30,3,0,0
BRDA:30,3,1,0
BRF:8
BRH:0
end_of_record
TN:
SF:app/components/JsonLdScript.tsx
FN:13,(anonymous_2)
FNF:1
FNH:0
FNDA:0,(anonymous_2)
DA:2,0
DA:13,0
DA:24,0
LF:3
LH:0
BRDA:13,0,0,0
BRF:1
BRH:0
end_of_record
TN:
SF:app/components/LoadingSpinner.tsx
FN:1,LoadingSpinner
FNF:1
FNH:1
FNDA:1,LoadingSpinner
DA:1,1
LF:1
LH:1
BRF:0
BRH:0
end_of_record
TN:
SF:app/components/Modal.tsx
FN:12,Modal
FNF:1
FNH:0
FNDA:0,Modal
DA:1,0
DA:2,0
DA:3,0
DA:12,0
LF:4
LH:0
BRDA:17,0,0,0
BRDA:22,1,0,0
BRDA:29,2,0,0
BRDA:40,3,0,0
BRDA:50,4,0,0
BRF:5
BRH:0
end_of_record
TN:
SF:app/components/PostHog.tsx
FN:14,PostHogWrapper
FNF:1
FNH:0
FNDA:0,PostHogWrapper
DA:2,0
DA:3,0
DA:4,0
DA:5,0
DA:7,0
DA:8,0
DA:14,0
LF:7
LH:0
BRDA:7,0,0,0
BRDA:7,1,0,0
BRDA:7,1,1,0
BRDA:7,1,2,0
BRDA:7,1,3,0
BRF:5
BRH:0
end_of_record
TN:
SF:app/components/SessionProvider.tsx
FN:8,(anonymous_2)
FNF:1
FNH:0
FNDA:0,(anonymous_2)
DA:2,0
DA:4,0
DA:8,0
DA:12,0
LF:4
LH:0
BRF:0
BRH:0
end_of_record
TN:
SF:app/components/SpinnerIcon.tsx
FN:5,SpinnerIcon
FNF:1
FNH:0
FNDA:0,SpinnerIcon
DA:5,0
LF:1
LH:0
BRDA:5,0,0,0
BRDA:8,1,0,0
BRDA:8,1,1,0
BRF:3
BRH:0
end_of_record
TN:
SF:app/components/SuccessPopup.tsx
FN:9,SuccessPopup
FN:10,(anonymous_2)
FN:11,(anonymous_3)
FN:15,(anonymous_4)
FNF:4
FNH:0
FNDA:0,SuccessPopup
FNDA:0,(anonymous_2)
FNDA:0,(anonymous_3)
FNDA:0,(anonymous_4)
DA:1,0
DA:9,0
DA:10,0
DA:11,0
DA:12,0
DA:15,0
LF:6
LH:0
BRDA:9,0,0,0
BRF:1
BRH:0
end_of_record
TN:
SF:app/components/Toast.tsx
FN:13,Toast
FN:14,(anonymous_3)
FN:16,(anonymous_4)
FN:20,(anonymous_5)
FN:24,(anonymous_6)
FN:37,(anonymous_7)
FN:50,(anonymous_8)
FNF:7
FNH:0
FNDA:0,Toast
FNDA:0,(anonymous_3)
FNDA:0,(anonymous_4)
FNDA:0,(anonymous_5)
FNDA:0,(anonymous_6)
FNDA:0,(anonymous_7)
FNDA:0,(anonymous_8)
DA:1,0
DA:2,0
DA:3,0
DA:4,0
DA:13,0
DA:14,0
DA:15,0
DA:16,0
DA:17,0
DA:20,0
DA:24,0
DA:25,0
DA:27,0
DA:29,0
DA:31,0
DA:33,0
DA:37,0
DA:38,0
DA:40,0
DA:42,0
DA:44,0
DA:46,0
DA:50,0
DA:51,0
DA:67,0
LF:25
LH:0
BRDA:13,0,0,0
BRDA:15,1,0,0
BRDA:25,2,0,0
BRDA:25,2,1,0
BRDA:25,2,2,0
BRDA:25,2,3,0
BRDA:38,3,0,0
BRDA:38,3,1,0
BRDA:38,3,2,0
BRDA:38,3,3,0
BRDA:51,4,0,0
BRF:11
BRH:0
end_of_record
TN:
SF:app/components/buttons/Install.tsx
FN:15,(anonymous_2)
FN:25,(anonymous_3)
FNF:2
FNH:0
FNDA:0,(anonymous_2)
FNDA:0,(anonymous_3)
DA:4,0
DA:5,0
DA:8,0
DA:9,0
DA:15,0
DA:16,0
DA:17,0
DA:26,0
DA:49,0
LF:9
LH:0
BRDA:17,0,0,0
BRDA:17,0,1,0
BRF:2
BRH:0
end_of_record
TN:
SF:app/components/buttons/SNS.tsx
FN:16,(anonymous_2)
FN:24,(anonymous_3)
FNF:2
FNH:0
FNDA:0,(anonymous_2)
FNDA:0,(anonymous_3)
DA:8,0
DA:9,0
DA:10,0
DA:11,0
DA:14,0
DA:16,0
DA:17,0
DA:18,0
DA:25,0
DA:61,0
LF:10
LH:0
BRF:0
BRH:0
end_of_record
TN:
SF:app/components/contexts/Account.tsx
FN:22,(anonymous_4)
FN:40,(anonymous_5)
FN:41,(anonymous_6)
FN:42,(anonymous_7)
FN:45,AccountContextWrapper
FN:64,(anonymous_9)
FN:71,(anonymous_10)
FN:81,(anonymous_11)
FN:103,(anonymous_12)
FN:120,(anonymous_13)
FN:121,(anonymous_14)
FN:151,(anonymous_15)
FN:171,(anonymous_16)
FN:178,(anonymous_17)
FN:181,(anonymous_18)
FN:184,(anonymous_19)
FN:210,(anonymous_20)
FN:213,(anonymous_21)
FN:229,(anonymous_22)
FN:238,(anonymous_23)
FN:242,(anonymous_24)
FN:251,(anonymous_25)
FN:263,(anonymous_26)
FN:295,(anonymous_27)
FN:308,useAccountContext
FNF:25
FNH:0
FNDA:0,(anonymous_4)
FNDA:0,(anonymous_5)
FNDA:0,(anonymous_6)
FNDA:0,(anonymous_7)
FNDA:0,AccountContextWrapper
FNDA:0,(anonymous_9)
FNDA:0,(anonymous_10)
FNDA:0,(anonymous_11)
FNDA:0,(anonymous_12)
FNDA:0,(anonymous_13)
FNDA:0,(anonymous_14)
FNDA:0,(anonymous_15)
FNDA:0,(anonymous_16)
FNDA:0,(anonymous_17)
FNDA:0,(anonymous_18)
FNDA:0,(anonymous_19)
FNDA:0,(anonymous_20)
FNDA:0,(anonymous_21)
FNDA:0,(anonymous_22)
FNDA:0,(anonymous_23)
FNDA:0,(anonymous_24)
FNDA:0,(anonymous_25)
FNDA:0,(anonymous_26)
FNDA:0,(anonymous_27)
FNDA:0,useAccountContext
DA:4,0
DA:5,0
DA:6,0
DA:9,0
DA:10,0
DA:11,0
DA:12,0
DA:13,0
DA:14,0
DA:15,0
DA:18,0
DA:20,0
DA:45,0
DA:46,0
DA:49,0
DA:50,0
DA:51,0
DA:52,0
DA:53,0
DA:54,0
DA:55,0
DA:56,0
DA:59,0
DA:62,0
DA:63,0
DA:64,0
DA:65,0
DA:66,0
DA:68,0
DA:70,0
DA:71,0
DA:72,0
DA:73,0
DA:75,0
DA:77,0
DA:78,0
DA:81,0
DA:82,0
DA:85,0
DA:86,0
DA:87,0
DA:90,0
DA:91,0
DA:92,0
DA:93,0
DA:94,0
DA:95,0
DA:96,0
DA:97,0
DA:98,0
DA:99,0
DA:103,0
DA:104,0
DA:107,0
DA:110,0
DA:116,0
DA:119,0
DA:121,0
DA:122,0
DA:123,0
DA:127,0
DA:142,0
DA:145,0
DA:147,0
DA:149,0
DA:150,0
DA:151,0
DA:154,0
DA:156,0
DA:157,0
DA:159,0
DA:161,0
DA:162,0
DA:166,0
DA:167,0
DA:170,0
DA:171,0
DA:173,0
DA:174,0
DA:175,0
DA:178,0
DA:179,0
DA:180,0
DA:181,0
DA:182,0
DA:183,0
DA:184,0
DA:186,0
DA:187,0
DA:188,0
DA:189,0
DA:190,0
DA:191,0
DA:195,0
DA:196,0
DA:200,0
DA:203,0
DA:210,0
DA:211,0
DA:213,0
DA:214,0
DA:215,0
DA:216,0
DA:219,0
DA:220,0
DA:221,0
DA:222,0
DA:224,0
DA:225,0
DA:229,0
DA:230,0
DA:231,0
DA:232,0
DA:238,0
DA:239,0
DA:241,0
DA:242,0
DA:243,0
DA:244,0
DA:245,0
DA:251,0
DA:252,0
DA:254,0
DA:255,0
DA:257,0
DA:258,0
DA:263,0
DA:264,0
DA:266,0
DA:267,0
DA:269,0
DA:296,0
DA:297,0
DA:308,0
DA:309,0
LF:135
LH:0
BRDA:65,0,0,0
BRDA:72,1,0,0
BRDA:82,2,0,0
BRDA:85,3,0,0
BRDA:85,4,0,0
BRDA:85,4,1,0
BRDA:91,5,0,0
BRDA:91,5,1,0
BRDA:92,6,0,0
BRDA:92,6,1,0
BRDA:97,7,0,0
BRDA:97,7,1,0
BRDA:104,8,0,0
BRDA:104,9,0,0
BRDA:104,9,1,0
BRDA:104,9,2,0
BRDA:122,10,0,0
BRDA:122,10,1,0
BRDA:123,11,0,0
BRDA:123,11,1,0
BRDA:149,12,0,0
BRDA:149,12,1,0
BRDA:154,13,0,0
BRDA:154,14,0,0
BRDA:154,14,1,0
BRDA:159,15,0,0
BRDA:166,16,0,0
BRDA:173,17,0,0
BRDA:179,18,0,0
BRDA:181,19,0,0
BRDA:181,19,1,0
BRDA:181,20,0,0
BRDA:181,20,1,0
BRDA:186,21,0,0
BRDA:187,22,0,0
BRDA:204,23,0,0
BRDA:204,23,1,0
BRDA:211,24,0,0
BRDA:211,25,0,0
BRDA:211,25,1,0
BRDA:214,26,0,0
BRDA:219,27,0,0
BRDA:219,27,1,0
BRDA:230,28,0,0
BRDA:239,29,0,0
BRDA:239,30,0,0
BRDA:239,30,1,0
BRDA:243,31,0,0
BRDA:254,32,0,0
BRDA:254,32,1,0
BRDA:266,33,0,0
BRDA:266,33,1,0
BRDA:286,34,0,0
BRDA:286,34,1,0
BRF:54
BRH:0
end_of_record
TN:
SF:app/components/docs/DocsContact.tsx
FN:11,DocsContact
FNF:1
FNH:0
FNDA:0,DocsContact
DA:1,0
DA:2,0
DA:11,0
LF:3
LH:0
BRDA:12,0,0,0
BRDA:13,1,0,0
BRDA:14,2,0,0
BRDA:15,3,0,0
BRF:4
BRH:0
end_of_record
TN:
SF:app/components/docs/DocsNavigation.tsx
FN:14,DocsNavigation
FNF:1
FNH:0
FNDA:0,DocsNavigation
DA:1,0
DA:2,0
DA:14,0
LF:3
LH:0
BRDA:18,0,0,0
BRDA:18,0,1,0
BRDA:30,1,0,0
BRDA:30,1,1,0
BRF:4
BRH:0
end_of_record
TN:
SF:app/components/home/Demo.tsx
FN:3,(anonymous_2)
FNF:1
FNH:0
FNDA:0,(anonymous_2)
DA:1,0
DA:3,0
DA:26,0
LF:3
LH:0
BRF:0
BRH:0
end_of_record
TN:
SF:app/components/home/FAQ.tsx
FN:23,(anonymous_2)
FN:30,(anonymous_3)
FN:34,(anonymous_4)
FN:35,(anonymous_5)
FN:49,(anonymous_6)
FN:52,(anonymous_7)
FN:66,(anonymous_8)
FN:70,(anonymous_9)
FNF:8
FNH:0
FNDA:0,(anonymous_2)
FNDA:0,(anonymous_3)
FNDA:0,(anonymous_4)
FNDA:0,(anonymous_5)
FNDA:0,(anonymous_6)
FNDA:0,(anonymous_7)
FNDA:0,(anonymous_8)
FNDA:0,(anonymous_9)
DA:4,0
DA:7,0
DA:8,0
DA:9,0
DA:11,0
DA:23,0
DA:24,0
DA:25,0
DA:26,0
DA:27,0
DA:30,0
DA:31,0
DA:32,0
DA:34,0
DA:35,0
DA:50,0
DA:52,0
DA:67,0
DA:70,0
DA:97,0
LF:20
LH:0
BRDA:25,0,0,0
BRDA:30,1,0,0
BRDA:54,2,0,0
BRDA:54,2,1,0
BRDA:74,3,0,0
BRDA:74,3,1,0
BRDA:85,4,0,0
BRDA:85,4,1,0
BRF:8
BRH:0
end_of_record
TN:
SF:app/components/home/Hero.tsx
FN:7,(anonymous_2)
FN:12,(anonymous_3)
FN:20,(anonymous_4)
FN:31,(anonymous_5)
FN:35,(anonymous_6)
FN:48,(anonymous_7)
FN:52,(anonymous_8)
FN:76,(anonymous_9)
FN:77,(anonymous_10)
FN:102,(anonymous_11)
FNF:10
FNH:0
FNDA:0,(anonymous_2)
FNDA:0,(anonymous_3)
FNDA:0,(anonymous_4)
FNDA:0,(anonymous_5)
FNDA:0,(anonymous_6)
FNDA:0,(anonymous_7)
FNDA:0,(anonymous_8)
FNDA:0,(anonymous_9)
FNDA:0,(anonymous_10)
FNDA:0,(anonymous_11)
DA:2,0
DA:3,0
DA:4,0
DA:7,0
DA:8,0
DA:9,0
DA:10,0
DA:12,0
DA:13,0
DA:14,0
DA:16,0
DA:17,0
DA:20,0
DA:21,0
DA:22,0
DA:23,0
DA:24,0
DA:27,0
DA:28,0
DA:31,0
DA:32,0
DA:33,0
DA:35,0
DA:48,0
DA:49,0
DA:52,0
DA:54,0
DA:55,0
DA:58,0
DA:59,0
DA:62,0
DA:63,0
DA:66,0
DA:67,0
DA:68,0
DA:69,0
DA:70,0
DA:71,0
DA:72,0
DA:76,0
DA:77,0
DA:78,0
DA:79,0
DA:80,0
DA:82,0
DA:83,0
DA:84,0
DA:85,0
DA:86,0
DA:87,0
DA:88,0
DA:89,0
DA:90,0
DA:91,0
DA:96,0
DA:99,0
DA:100,0
DA:102,0
DA:103,0
DA:104,0
DA:105,0
DA:164,0
LF:62
LH:0
BRDA:14,0,0,0
BRDA:17,1,0,0
BRDA:22,2,0,0
BRDA:33,3,0,0
BRDA:33,3,1,0
BRDA:43,4,0,0
BRDA:43,4,1,0
BRDA:58,5,0,0
BRDA:58,6,0,0
BRDA:58,6,1,0
BRDA:59,7,0,0
BRDA:59,8,0,0
BRDA:59,8,1,0
BRDA:82,9,0,0
BRDA:104,10,0,0
BRF:15
BRH:0
end_of_record
TN:
SF:app/components/home/HowItWorks.tsx
FN:59,(anonymous_2)
FN:70,(anonymous_3)
FNF:2
FNH:0
FNDA:0,(anonymous_2)
FNDA:0,(anonymous_3)
DA:2,0
DA:3,0
DA:6,0
DA:8,0
DA:59,0
DA:71,0
DA:90,0
LF:7
LH:0
BRDA:74,0,0,0
BRF:1
BRH:0
end_of_record
TN:
SF:app/components/home/HowToGetStarted.tsx
FN:10,HowToGetStarted
FN:15,(anonymous_3)
FN:30,(anonymous_4)
FN:68,(anonymous_5)
FNF:4
FNH:0
FNDA:0,HowToGetStarted
FNDA:0,(anonymous_3)
FNDA:0,(anonymous_4)
FNDA:0,(anonymous_5)
DA:2,0
DA:3,0
DA:6,0
DA:7,0
DA:8,0
DA:10,0
DA:11,0
DA:12,0
DA:15,0
DA:16,0
DA:18,0
DA:19,0
DA:21,0
DA:24,0
DA:31,0
DA:69,0
LF:16
LH:0
BRDA:16,0,0,0
BRDA:18,1,0,0
BRDA:18,2,0,0
BRDA:18,2,1,0
BRDA:82,3,0,0
BRDA:82,3,1,0
BRDA:85,4,0,0
BRDA:85,4,1,0
BRF:8
BRH:0
end_of_record
TN:
SF:app/components/home/OwnerSelectorModal.tsx
FN:8,OwnerSelectorModal
FN:24,selectOwner
FN:27,(anonymous_3)
FN:39,(anonymous_4)
FN:69,(anonymous_5)
FN:87,(anonymous_6)
FN:94,(anonymous_7)
FN:110,(anonymous_8)
FNF:8
FNH:0
FNDA:0,OwnerSelectorModal
FNDA:0,selectOwner
FNDA:0,(anonymous_3)
FNDA:0,(anonymous_4)
FNDA:0,(anonymous_5)
FNDA:0,(anonymous_6)
FNDA:0,(anonymous_7)
FNDA:0,(anonymous_8)
DA:3,0
DA:4,0
DA:5,0
DA:8,0
DA:22,0
DA:25,0
DA:27,0
DA:28,0
DA:30,0
DA:33,0
DA:36,0
DA:39,0
DA:40,0
DA:41,0
DA:42,0
DA:43,0
DA:46,0
DA:47,0
DA:50,0
DA:71,0
DA:88,0
DA:95,0
DA:111,0
LF:23
LH:0
BRDA:25,0,0,0
BRDA:28,1,0,0
BRDA:40,2,0,0
BRDA:40,3,0,0
BRDA:40,3,1,0
BRDA:50,4,0,0
BRDA:65,5,0,0
BRDA:84,6,0,0
BRDA:90,7,0,0
BRDA:98,8,0,0
BRDA:98,8,1,0
BRDA:106,9,0,0
BRDA:114,10,0,0
BRDA:114,10,1,0
BRF:14
BRH:0
end_of_record
TN:
SF:app/components/home/Pricing.tsx
FN:16,Pricing
FNF:1
FNH:0
FNDA:0,Pricing
DA:4,0
DA:7,0
DA:13,0
DA:14,0
DA:16,0
LF:5
LH:0
BRF:0
BRH:0
end_of_record
TN:
SF:app/components/home/PricingPlan.tsx
FN:30,(anonymous_2)
FN:79,(anonymous_3)
FN:96,(anonymous_4)
FN:123,(anonymous_5)
FNF:4
FNH:0
FNDA:0,(anonymous_2)
FNDA:0,(anonymous_3)
FNDA:0,(anonymous_4)
FNDA:0,(anonymous_5)
DA:1,0
DA:2,0
DA:3,0
DA:4,0
DA:5,0
DA:6,0
DA:30,0
DA:39,0
DA:42,0
DA:80,0
DA:97,0
DA:98,0
DA:124,0
DA:125,0
LF:14
LH:0
BRDA:32,0,0,0
BRDA:51,1,0,0
BRDA:51,1,1,0
BRDA:53,2,0,0
BRDA:53,2,1,0
BRDA:57,3,0,0
BRDA:66,4,0,0
BRDA:91,5,0,0
BRDA:93,6,0,0
BRDA:97,7,0,0
BRDA:100,8,0,0
BRDA:100,8,1,0
BRDA:109,9,0,0
BRDA:124,10,0,0
BRDA:127,11,0,0
BRDA:127,11,1,0
BRDA:135,12,0,0
BRDA:135,12,1,0
BRDA:139,13,0,0
BRF:19
BRH:0
end_of_record
TN:
SF:app/components/home/UseCases.tsx
FN:30,(anonymous_4)
FN:43,(anonymous_5)
FN:49,(anonymous_6)
FN:50,(anonymous_7)
FN:53,(anonymous_8)
FN:54,(anonymous_9)
FN:58,(anonymous_10)
FN:63,(anonymous_11)
FN:67,(anonymous_12)
FN:79,(anonymous_13)
FN:83,(anonymous_14)
FN:85,(anonymous_15)
FN:89,(anonymous_16)
FN:91,(anonymous_17)
FN:96,(anonymous_18)
FN:101,(anonymous_19)
FN:125,(anonymous_20)
FN:126,(anonymous_21)
FN:130,(anonymous_22)
FN:141,(anonymous_23)
FN:156,(anonymous_24)
FN:181,(anonymous_25)
FN:184,(anonymous_26)
FN:197,(anonymous_27)
FNF:24
FNH:0
FNDA:0,(anonymous_4)
FNDA:0,(anonymous_5)
FNDA:0,(anonymous_6)
FNDA:0,(anonymous_7)
FNDA:0,(anonymous_8)
FNDA:0,(anonymous_9)
FNDA:0,(anonymous_10)
FNDA:0,(anonymous_11)
FNDA:0,(anonymous_12)
FNDA:0,(anonymous_13)
FNDA:0,(anonymous_14)
FNDA:0,(anonymous_15)
FNDA:0,(anonymous_16)
FNDA:0,(anonymous_17)
FNDA:0,(anonymous_18)
FNDA:0,(anonymous_19)
FNDA:0,(anonymous_20)
FNDA:0,(anonymous_21)
FNDA:0,(anonymous_22)
FNDA:0,(anonymous_23)
FNDA:0,(anonymous_24)
FNDA:0,(anonymous_25)
FNDA:0,(anonymous_26)
FNDA:0,(anonymous_27)
DA:1,0
DA:3,0
DA:30,0
DA:32,0
DA:33,0
DA:34,0
DA:35,0
DA:36,0
DA:39,0
DA:40,0
DA:43,0
DA:44,0
DA:45,0
DA:46,0
DA:49,0
DA:50,0
DA:53,0
DA:54,0
DA:58,0
DA:59,0
DA:60,0
DA:63,0
DA:64,0
DA:67,0
DA:68,0
DA:70,0
DA:73,0
DA:75,0
DA:79,0
DA:83,0
DA:84,0
DA:85,0
DA:89,0
DA:90,0
DA:91,0
DA:92,0
DA:96,0
DA:97,0
DA:101,0
DA:102,0
DA:103,0
DA:104,0
DA:105,0
DA:106,0
DA:125,0
DA:126,0
DA:131,0
DA:142,0
DA:157,0
DA:158,0
DA:182,0
DA:185,0
DA:186,0
DA:198,0
DA:199,0
DA:220,0
LF:56
LH:0
BRDA:50,0,0,0
BRDA:50,0,1,0
BRDA:54,1,0,0
BRDA:54,1,1,0
BRDA:68,2,0,0
BRDA:73,3,0,0
BRDA:90,4,0,0
BRDA:90,5,0,0
BRDA:90,5,1,0
BRDA:97,6,0,0
BRDA:102,7,0,0
BRDA:103,8,0,0
BRDA:104,9,0,0
BRDA:104,10,0,0
BRDA:104,10,1,0
BRDA:105,11,0,0
BRDA:105,12,0,0
BRDA:105,12,1,0
BRDA:106,13,0,0
BRDA:106,13,1,0
BRDA:142,14,0,0
BRDA:142,14,1,0
BRDA:189,15,0,0
BRDA:189,15,1,0
BRDA:189,16,0,0
BRDA:189,16,1,0
BRF:26
BRH:0
end_of_record
TN:
SF:app/components/home/WhatGitAutoDoes.tsx
FN:37,(anonymous_2)
FN:46,(anonymous_3)
FNF:2
FNH:0
FNDA:0,(anonymous_2)
FNDA:0,(anonymous_3)
DA:1,0
DA:2,0
DA:3,0
DA:4,0
DA:6,0
DA:37,0
DA:47,0
DA:80,0
LF:8
LH:0
BRF:0
BRH:0
end_of_record
TN:
SF:app/components/home/WhyGitAuto.tsx
FN:30,(anonymous_1)
FN:39,(anonymous_2)
FNF:2
FNH:0
FNDA:0,(anonymous_1)
FNDA:0,(anonymous_2)
DA:1,0
DA:2,0
DA:4,0
DA:30,0
DA:40,0
DA:67,0
LF:6
LH:0
BRF:0
BRH:0
end_of_record
TN:
SF:app/components/icons/CheckIcon.tsx
FNF:0
FNH:0
DA:7,0
LF:1
LH:0
BRF:0
BRH:0
end_of_record
TN:
SF:app/components/icons/CheckMark.tsx
FN:1,CheckMark
FNF:1
FNH:0
FNDA:0,CheckMark
DA:1,0
LF:1
LH:0
BRF:0
BRH:0
end_of_record
TN:
SF:app/components/icons/Chevron.tsx
FNF:0
FNH:0
DA:13,0
LF:1
LH:0
BRDA:3,0,0,0
BRDA:3,0,1,0
BRF:2
BRH:0
end_of_record
TN:
SF:app/components/icons/ExternalLinkIcon.tsx
FNF:0
FNH:0
DA:12,0
LF:1
LH:0
BRF:0
BRH:0
end_of_record
TN:
SF:app/components/icons/EyeIcon.tsx
FNF:0
FNH:0
DA:5,0
DA:22,0
LF:2
LH:0
BRDA:5,0,0,0
BRDA:22,1,0,0
BRF:2
BRH:0
end_of_record
TN:
SF:app/components/icons/SortIcon.tsx
FNF:0
FNH:0
DA:9,0
LF:1
LH:0
BRDA:6,0,0,0
BRDA:6,0,1,0
BRF:2
BRH:0
end_of_record
TN:
SF:app/components/icons/SpinnerIcon.tsx
FN:5,(anonymous_1)
FNF:1
FNH:0
FNDA:0,(anonymous_1)
DA:5,0
DA:6,0
DA:15,0
LF:3
LH:0
BRDA:5,0,0,0
BRDA:6,1,0,0
BRDA:6,1,1,0
BRF:3
BRH:0
end_of_record
TN:
SF:app/components/icons/TrashIcon.tsx
FNF:0
FNH:0
DA:5,0
LF:1
LH:0
BRDA:5,0,0,0
BRF:1
BRH:0
end_of_record
TN:
SF:app/components/icons/XIcon.tsx
FNF:0
FNH:0
DA:7,0
LF:1
LH:0
BRF:0
BRH:0
end_of_record
TN:
SF:app/components/navigations/Hamburger.tsx
FN:11,HamburgerMenu
FN:18,(anonymous_3)
FNF:2
FNH:0
FNDA:0,HamburgerMenu
FNDA:0,(anonymous_3)
DA:2,0
DA:11,0
DA:18,0
LF:3
LH:0
BRDA:20,0,0,0
BRDA:20,0,1,0
BRDA:20,0,2,0
BRDA:21,1,0,0
BRDA:21,1,1,0
BRDA:28,2,0,0
BRDA:28,2,1,0
BRF:7
BRH:0
end_of_record
TN:
SF:app/components/navigations/MobileMenu.tsx
FN:21,MobileDrawer
FN:40,(anonymous_3)
FN:49,(anonymous_4)
FN:49,(anonymous_5)
FN:53,(anonymous_6)
FN:63,(anonymous_7)
FN:89,(anonymous_8)
FN:108,(anonymous_9)
FN:114,(anonymous_10)
FN:124,(anonymous_11)
FNF:10
FNH:0
FNDA:0,MobileDrawer
FNDA:0,(anonymous_3)
FNDA:0,(anonymous_4)
FNDA:0,(anonymous_5)
FNDA:0,(anonymous_6)
FNDA:0,(anonymous_7)
FNDA:0,(anonymous_8)
FNDA:0,(anonymous_9)
FNDA:0,(anonymous_10)
FNDA:0,(anonymous_11)
DA:4,0
DA:5,0
DA:6,0
DA:7,0
DA:10,0
DA:11,0
DA:12,0
DA:13,0
DA:14,0
DA:21,0
DA:22,0
DA:23,0
DA:24,0
DA:35,0
DA:40,0
DA:49,0
DA:50,0
DA:53,0
DA:64,0
DA:90,0
DA:91,0
DA:95,0
DA:97,0
DA:108,0
DA:114,0
DA:124,0
LF:26
LH:0
BRDA:39,0,0,0
BRDA:44,1,0,0
BRDA:44,1,1,0
BRDA:60,2,0,0
BRDA:66,3,0,0
BRDA:66,3,1,0
BRDA:66,4,0,0
BRDA:66,4,1,0
BRDA:77,5,0,0
BRDA:79,6,0,0
BRDA:79,6,1,0
BRDA:79,6,2,0
BRDA:79,6,3,0
BRDA:79,6,4,0
BRDA:79,6,5,0
BRDA:79,6,6,0
BRDA:106,7,0,0
BRDA:106,7,1,0
BRF:18
BRH:0
end_of_record
TN:
SF:app/components/navigations/Navbar.tsx
FN:16,Navbar
FN:33,(anonymous_3)
FN:33,(anonymous_4)
FNF:3
FNH:0
FNDA:0,Navbar
FNDA:0,(anonymous_3)
FNDA:0,(anonymous_4)
DA:3,0
DA:4,0
DA:5,0
DA:6,0
DA:7,0
DA:10,0
DA:11,0
DA:12,0
DA:13,0
DA:14,0
DA:16,0
DA:17,0
DA:18,0
DA:20,0
DA:22,0
DA:24,0
DA:33,0
DA:34,0
LF:18
LH:0
BRDA:18,0,0,0
BRDA:18,0,1,0
BRDA:24,1,0,0
BRF:3
BRH:0
end_of_record
TN:
SF:app/components/navigations/ProfileIcon.tsx
FN:20,(anonymous_2)
FN:40,(anonymous_3)
FN:41,(anonymous_4)
FN:47,(anonymous_5)
FN:68,(anonymous_6)
FN:82,(anonymous_7)
FN:114,(anonymous_8)
FN:133,(anonymous_9)
FN:144,(anonymous_10)
FN:153,(anonymous_11)
FNF:10
FNH:0
FNDA:0,(anonymous_2)
FNDA:0,(anonymous_3)
FNDA:0,(anonymous_4)
FNDA:0,(anonymous_5)
FNDA:0,(anonymous_6)
FNDA:0,(anonymous_7)
FNDA:0,(anonymous_8)
FNDA:0,(anonymous_9)
FNDA:0,(anonymous_10)
FNDA:0,(anonymous_11)
DA:4,0
DA:5,0
DA:7,0
DA:8,0
DA:11,0
DA:12,0
DA:13,0
DA:20,0
DA:21,0
DA:22,0
DA:23,0
DA:24,0
DA:36,0
DA:38,0
DA:40,0
DA:41,0
DA:42,0
DA:43,0
DA:46,0
DA:47,0
DA:51,0
DA:68,0
DA:83,0
DA:92,0
DA:102,0
DA:115,0
DA:116,0
DA:120,0
DA:122,0
DA:134,0
DA:135,0
DA:144,0
DA:153,0
DA:159,0
LF:34
LH:0
BRDA:20,0,0,0
BRDA:42,1,0,0
BRDA:42,2,0,0
BRDA:42,2,1,0
BRDA:51,3,0,0
BRDA:58,4,0,0
BRDA:58,4,1,0
BRDA:59,5,0,0
BRDA:59,5,1,0
BRDA:76,6,0,0
BRDA:76,6,1,0
BRDA:77,7,0,0
BRDA:77,7,1,0
BRDA:80,8,0,0
BRDA:83,9,0,0
BRDA:84,10,0,0
BRDA:84,10,1,0
BRDA:84,10,2,0
BRDA:84,10,3,0
BRDA:84,10,4,0
BRDA:84,10,5,0
BRDA:84,10,6,0
BRDA:105,11,0,0
BRDA:105,11,1,0
BRDA:105,11,2,0
BRDA:105,11,3,0
BRDA:105,11,4,0
BRDA:105,11,5,0
BRDA:105,11,6,0
BRDA:130,12,0,0
BRDA:130,12,1,0
BRF:31
BRH:0
end_of_record
TN:
SF:app/components/navigations/ScrollNav.tsx
FN:23,ScrollNav
FN:26,(anonymous_4)
FN:34,(anonymous_5)
FN:35,(anonymous_6)
FN:45,(anonymous_7)
FN:51,(anonymous_8)
FN:52,(anonymous_9)
FN:62,(anonymous_10)
FNF:8
FNH:0
FNDA:0,ScrollNav
FNDA:0,(anonymous_4)
FNDA:0,(anonymous_5)
FNDA:0,(anonymous_6)
FNDA:0,(anonymous_7)
FNDA:0,(anonymous_8)
FNDA:0,(anonymous_9)
FNDA:0,(anonymous_10)
DA:3,0
DA:12,0
DA:23,0
DA:24,0
DA:26,0
DA:28,0
DA:34,0
DA:35,0
DA:36,0
DA:37,0
DA:42,0
DA:45,0
DA:46,0
DA:47,0
DA:51,0
DA:52,0
DA:53,0
DA:54,0
DA:63,0
LF:19
LH:0
BRDA:23,0,0,0
BRDA:36,1,0,0
BRDA:47,2,0,0
BRDA:54,3,0,0
BRDA:71,4,0,0
BRDA:71,4,1,0
BRF:6
BRH:0
end_of_record
TN:
SF:app/components/videos/Demo.tsx
FN:3,(anonymous_1)
FNF:1
FNH:0
FNDA:0,(anonymous_1)
DA:1,0
DA:3,0
DA:13,0
LF:3
LH:0
BRF:0
BRH:0
end_of_record
TN:
SF:app/contact/constants.ts
FNF:0
FNH:0
DA:1,0
DA:10,0
DA:20,0
DA:31,0
LF:4
LH:0
BRF:0
BRH:0
end_of_record
TN:
SF:app/contact/jsonld.ts
FNF:0
FNH:0
DA:1,0
DA:2,0
DA:3,0
DA:4,0
DA:9,0
LF:5
LH:0
BRF:0
BRH:0
end_of_record
TN:
SF:app/contact/layout.tsx
FN:24,ContactLayout
FNF:1
FNH:0
FNDA:0,ContactLayout
DA:1,0
DA:2,0
DA:3,0
DA:4,0
DA:5,0
DA:6,0
DA:8,0
DA:24,0
LF:8
LH:0
BRF:0
BRH:0
end_of_record
TN:
SF:app/contact/page.tsx
FN:32,ContactPage
FN:52,(anonymous_3)
FN:90,(anonymous_4)
FN:139,(anonymous_5)
FN:163,(anonymous_6)
FN:175,(anonymous_7)
FN:187,(anonymous_8)
FN:237,(anonymous_9)
FN:247,(anonymous_10)
FNF:9
FNH:0
FNDA:0,ContactPage
FNDA:0,(anonymous_3)
FNDA:0,(anonymous_4)
FNDA:0,(anonymous_5)
FNDA:0,(anonymous_6)
FNDA:0,(anonymous_7)
FNDA:0,(anonymous_8)
FNDA:0,(anonymous_9)
FNDA:0,(anonymous_10)
DA:4,0
DA:7,0
DA:8,0
DA:9,0
DA:10,0
DA:11,0
DA:12,0
DA:13,0
DA:16,0
DA:17,0
DA:18,0
DA:24,0
DA:25,0
DA:27,0
DA:32,0
DA:34,0
DA:37,0
DA:38,0
DA:39,0
DA:40,0
DA:42,0
DA:43,0
DA:44,0
DA:45,0
DA:48,0
DA:49,0
DA:52,0
DA:54,0
DA:56,0
DA:58,0
DA:59,0
DA:62,0
DA:69,0
DA:77,0
DA:78,0
DA:81,0
DA:83,0
DA:86,0
DA:90,0
DA:91,0
DA:92,0
DA:139,0
DA:163,0
DA:175,0
DA:187,0
DA:237,0
DA:247,0
LF:47
LH:0
BRDA:56,0,0,0
BRDA:56,0,1,0
BRDA:56,1,0,0
BRDA:56,1,1,0
BRDA:77,2,0,0
BRDA:91,3,0,0
BRDA:98,4,0,0
BRDA:110,5,0,0
BRDA:218,6,0,0
BRDA:232,7,0,0
BRDA:242,8,0,0
BRDA:246,9,0,0
BRDA:246,9,1,0
BRF:13
BRH:0
end_of_record
TN:
SF:app/contact/components/FormField.tsx
FN:17,FormField
FN:36,(anonymous_2)
FN:69,(anonymous_3)
FN:83,(anonymous_4)
FNF:4
FNH:0
FNDA:0,FormField
FNDA:0,(anonymous_2)
FNDA:0,(anonymous_3)
FNDA:0,(anonymous_4)
DA:17,0
DA:33,0
DA:36,0
DA:37,0
DA:39,0
DA:70,0
DA:83,0
LF:7
LH:0
BRDA:20,0,0,0
BRDA:21,1,0,0
BRDA:24,2,0,0
BRDA:25,3,0,0
BRDA:28,4,0,0
BRDA:29,5,0,0
BRDA:37,6,0,0
BRDA:45,7,0,0
BRDA:45,7,1,0
BRDA:49,8,0,0
BRDA:58,9,0,0
BRDA:67,10,0,0
BRDA:67,10,1,0
BRDA:77,11,0,0
BRF:14
BRH:0
end_of_record
TN:
SF:app/contact/components/SubmitButton.tsx
FN:5,SubmitButton
FNF:1
FNH:0
FNDA:0,SubmitButton
DA:3,0
DA:5,0
DA:6,0
LF:3
LH:0
BRDA:13,0,0,0
BRDA:13,0,1,0
BRDA:16,1,0,0
BRDA:16,1,1,0
BRF:4
BRH:0
end_of_record
TN:
SF:app/contact/utils/format-message.ts
FN:3,formatContactMessage
FNF:1
FNH:0
FNDA:0,formatContactMessage
DA:3,0
DA:4,0
DA:31,0
DA:32,0
DA:36,0
DA:37,0
DA:40,0
LF:7
LH:0
BRDA:11,0,0,0
BRDA:11,0,1,0
BRDA:19,1,0,0
BRDA:19,1,1,0
BRDA:22,2,0,0
BRDA:22,2,1,0
BRDA:25,3,0,0
BRDA:25,3,1,0
BRDA:31,4,0,0
BRDA:36,5,0,0
BRF:10
BRH:0
end_of_record
TN:
SF:app/dashboard/layout.tsx
FNF:0
FNH:0
DA:1,0
LF:1
LH:0
BRF:0
BRH:0
end_of_record
TN:
SF:app/dashboard/charts/jsonld.ts
FNF:0
FNH:0
DA:1,0
DA:2,0
DA:3,0
DA:4,0
DA:6,0
LF:5
LH:0
BRF:0
BRH:0
end_of_record
TN:
SF:app/dashboard/charts/layout.tsx
FN:22,ChartsDashboardLayout
FNF:1
FNH:0
FNDA:0,ChartsDashboardLayout
DA:1,0
DA:2,0
DA:3,0
DA:4,0
DA:5,0
DA:6,0
DA:8,0
DA:22,0
LF:8
LH:0
BRF:0
BRH:0
end_of_record
TN:
SF:app/dashboard/charts/page.tsx
FN:18,ChartsPage
FN:26,(anonymous_3)
FN:27,(anonymous_4)
FNF:3
FNH:0
FNDA:0,ChartsPage
FNDA:0,(anonymous_3)
FNDA:0,(anonymous_4)
DA:3,0
DA:4,0
DA:5,0
DA:6,0
DA:7,0
DA:8,0
DA:9,0
DA:10,0
DA:14,0
DA:15,0
DA:16,0
DA:18,0
DA:19,0
DA:21,0
DA:22,0
DA:23,0
DA:24,0
DA:26,0
DA:27,0
DA:28,0
DA:29,0
DA:30,0
DA:33,0
DA:34,0
DA:35,0
DA:36,0
DA:38,0
DA:40,0
DA:41,0
DA:42,0
DA:44,0
DA:45,0
DA:48,0
DA:49,0
DA:52,0
DA:53,0
DA:54,0
DA:56,0
DA:60,0
LF:39
LH:0
BRDA:28,0,0,0
BRDA:28,1,0,0
BRDA:28,1,1,0
BRDA:38,2,0,0
BRDA:38,2,1,0
BRDA:73,3,0,0
BRDA:73,3,1,0
BRDA:75,4,0,0
BRDA:75,4,1,0
BRDA:82,5,0,0
BRF:10
BRH:0
end_of_record
TN:
SF:app/dashboard/charts/components/CoverageChart.tsx
FN:20,CoverageChart
FN:23,(anonymous_2)
FN:52,(anonymous_3)
FNF:3
FNH:0
FNDA:0,CoverageChart
FNDA:0,(anonymous_2)
FNDA:0,(anonymous_3)
DA:12,0
DA:20,0
DA:21,0
DA:23,0
DA:24,0
DA:25,0
DA:27,0
DA:52,0
LF:8
LH:0
BRDA:20,0,0,0
BRDA:21,1,0,0
BRDA:40,2,0,0
BRF:3
BRH:0
end_of_record
TN:
SF:app/dashboard/charts/components/CoverageStats.tsx
FN:9,CoverageStats
FN:15,(anonymous_2)
FN:30,(anonymous_3)
FNF:3
FNH:0
FNDA:0,CoverageStats
FNDA:0,(anonymous_2)
FNDA:0,(anonymous_3)
DA:2,0
DA:9,0
DA:10,0
DA:12,0
DA:13,0
DA:15,0
DA:16,0
DA:17,0
DA:20,0
DA:24,0
DA:28,0
DA:30,0
DA:31,0
DA:32,0
DA:33,0
LF:15
LH:0
BRDA:9,0,0,0
BRDA:10,1,0,0
BRDA:13,2,0,0
BRDA:13,2,1,0
BRDA:16,3,0,0
BRDA:22,4,0,0
BRDA:22,4,1,0
BRDA:26,5,0,0
BRDA:26,5,1,0
BRDA:28,6,0,0
BRDA:28,6,1,0
BRDA:31,7,0,0
BRDA:32,8,0,0
BRDA:32,8,1,0
BRDA:33,9,0,0
BRDA:33,9,1,0
BRDA:44,10,0,0
BRF:17
BRH:0
end_of_record
TN:
SF:app/dashboard/charts/utils/generate-dummy-data.ts
FN:3,generateDummyData
FNF:1
FNH:0
FNDA:0,generateDummyData
DA:3,0
DA:4,0
DA:5,0
DA:8,0
DA:9,0
DA:10,0
DA:16,0
DA:18,0
DA:19,0
DA:20,0
DA:21,0
DA:22,0
DA:25,0
DA:26,0
DA:27,0
DA:28,0
DA:32,0
DA:38,0
DA:55,0
LF:19
LH:0
BRDA:16,0,0,0
BRDA:16,0,1,0
BRDA:44,1,0,0
BRDA:44,1,1,0
BRF:4
BRH:0
end_of_record
TN:
SF:app/dashboard/coverage/jsonld.ts
FNF:0
FNH:0
DA:1,0
DA:2,0
DA:3,0
DA:4,0
DA:9,0
LF:5
LH:0
BRF:0
BRH:0
end_of_record
TN:
SF:app/dashboard/coverage/layout.tsx
FN:23,CoverageDashboardLayout
FNF:1
FNH:0
FNDA:0,CoverageDashboardLayout
DA:2,0
DA:3,0
DA:4,0
DA:5,0
DA:6,0
DA:7,0
DA:9,0
DA:23,0
LF:8
LH:0
BRF:0
BRH:0
end_of_record
TN:
SF:app/dashboard/coverage/page.tsx
FN:47,CoveragePage
FN:88,(anonymous_3)
FN:97,(anonymous_4)
FN:104,(anonymous_5)
FN:105,(anonymous_6)
FN:154,(anonymous_7)
FN:159,(anonymous_8)
FN:176,(anonymous_9)
FN:202,(anonymous_10)
FN:207,(anonymous_11)
FN:212,(anonymous_12)
FN:218,(anonymous_13)
FN:223,(anonymous_14)
FN:295,(anonymous_15)
FN:309,(anonymous_16)
FN:310,(anonymous_17)
FN:327,(anonymous_18)
FN:330,(anonymous_19)
FN:366,(anonymous_20)
FN:372,(anonymous_21)
FN:382,(anonymous_22)
FN:387,(anonymous_23)
FN:404,(anonymous_24)
FNF:23
FNH:0
FNDA:0,CoveragePage
FNDA:0,(anonymous_3)
FNDA:0,(anonymous_4)
FNDA:0,(anonymous_5)
FNDA:0,(anonymous_6)
FNDA:0,(anonymous_7)
FNDA:0,(anonymous_8)
FNDA:0,(anonymous_9)
FNDA:0,(anonymous_10)
FNDA:0,(anonymous_11)
FNDA:0,(anonymous_12)
FNDA:0,(anonymous_13)
FNDA:0,(anonymous_14)
FNDA:0,(anonymous_15)
FNDA:0,(anonymous_16)
FNDA:0,(anonymous_17)
FNDA:0,(anonymous_18)
FNDA:0,(anonymous_19)
FNDA:0,(anonymous_20)
FNDA:0,(anonymous_21)
FNDA:0,(anonymous_22)
FNDA:0,(anonymous_23)
FNDA:0,(anonymous_24)
DA:4,0
DA:7,0
DA:8,0
DA:11,0
DA:12,0
DA:13,0
DA:14,0
DA:15,0
DA:16,0
DA:17,0
DA:18,0
DA:19,0
DA:20,0
DA:24,0
DA:25,0
DA:26,0
DA:27,0
DA:35,0
DA:36,0
DA:37,0
DA:38,0
DA:39,0
DA:40,0
DA:41,0
DA:42,0
DA:44,0
DA:45,0
DA:47,0
DA:56,0
DA:59,0
DA:60,0
DA:61,0
DA:64,0
DA:65,0
DA:66,0
DA:67,0
DA:70,0
DA:71,0
DA:72,0
DA:73,0
DA:76,0
DA:77,0
DA:78,0
DA:79,0
DA:80,0
DA:81,0
DA:82,0
DA:83,0
DA:84,0
DA:85,0
DA:88,0
DA:89,0
DA:90,0
DA:92,0
DA:93,0
DA:97,0
DA:98,0
DA:99,0
DA:100,0
DA:104,0
DA:105,0
DA:106,0
DA:107,0
DA:108,0
DA:112,0
DA:122,0
DA:124,0
DA:126,0
DA:127,0
DA:129,0
DA:140,0
DA:143,0
DA:144,0
DA:154,0
DA:156,0
DA:157,0
DA:158,0
DA:159,0
DA:164,0
DA:176,0
DA:177,0
DA:179,0
DA:191,0
DA:202,0
DA:205,0
DA:207,0
DA:208,0
DA:209,0
DA:212,0
DA:213,0
DA:214,0
DA:215,0
DA:218,0
DA:219,0
DA:220,0
DA:223,0
DA:224,0
DA:226,0
DA:227,0
DA:228,0
DA:230,0
DA:233,0
DA:242,0
DA:243,0
DA:245,0
DA:247,0
DA:296,0
DA:297,0
DA:298,0
DA:299,0
DA:310,0
DA:311,0
DA:327,0
DA:331,0
DA:332,0
DA:333,0
DA:336,0
DA:367,0
DA:372,0
DA:383,0
DA:387,0
DA:404,0
LF:122
LH:0
BRDA:92,0,0,0
BRDA:93,1,0,0
BRDA:98,2,0,0
BRDA:98,2,1,0
BRDA:99,3,0,0
BRDA:99,3,1,0
BRDA:100,4,0,0
BRDA:100,4,1,0
BRDA:106,5,0,0
BRDA:106,6,0,0
BRDA:106,6,1,0
BRDA:122,7,0,0
BRDA:122,8,0,0
BRDA:122,8,1,0
BRDA:122,8,2,0
BRDA:122,8,3,0
BRDA:127,9,0,0
BRDA:140,10,0,0
BRDA:143,11,0,0
BRDA:143,12,0,0
BRDA:143,12,1,0
BRDA:143,12,2,0
BRDA:154,13,0,0
BRDA:157,14,0,0
BRDA:177,15,0,0
BRDA:177,16,0,0
BRDA:177,16,1,0
BRDA:177,16,2,0
BRDA:224,17,0,0
BRDA:224,18,0,0
BRDA:224,18,1,0
BRDA:224,18,2,0
BRDA:245,19,0,0
BRDA:245,19,1,0
BRDA:263,20,0,0
BRDA:308,21,0,0
BRDA:308,21,1,0
BRDA:311,22,0,0
BRDA:311,22,1,0
BRDA:331,23,0,0
BRDA:331,24,0,0
BRDA:331,24,1,0
BRDA:331,24,2,0
BRDA:375,25,0,0
BRDA:375,25,1,0
BRDA:398,26,0,0
BRDA:398,26,1,0
BRDA:400,27,0,0
BRDA:409,28,0,0
BRDA:409,28,1,0
BRDA:409,28,2,0
BRDA:412,29,0,0
BRDA:412,29,1,0
BRDA:414,30,0,0
BRDA:414,30,1,0
BRF:55
BRH:0
end_of_record
TN:
SF:app/dashboard/coverage/components/ActionsDropdown.tsx
FN:15,ActionsDropdown
FN:25,(anonymous_3)
FN:26,(anonymous_4)
FN:30,(anonymous_6)
FN:69,(anonymous_7)
FN:86,(anonymous_8)
FNF:6
FNH:0
FNDA:0,ActionsDropdown
FNDA:0,(anonymous_3)
FNDA:0,(anonymous_4)
FNDA:0,(anonymous_6)
FNDA:0,(anonymous_7)
FNDA:0,(anonymous_8)
DA:1,0
DA:15,0
DA:25,0
DA:26,0
DA:31,0
DA:32,0
DA:70,0
DA:71,0
DA:87,0
DA:88,0
LF:10
LH:0
BRDA:35,0,0,0
BRDA:35,0,1,0
BRDA:35,0,2,0
BRDA:37,1,0,0
BRDA:37,1,1,0
BRDA:40,2,0,0
BRDA:40,2,1,0
BRDA:54,3,0,0
BRDA:54,3,1,0
BRDA:54,4,0,0
BRDA:54,4,1,0
BRDA:64,5,0,0
BRDA:74,6,0,0
BRDA:74,6,1,0
BRDA:74,6,2,0
BRDA:76,7,0,0
BRDA:76,7,1,0
BRDA:91,8,0,0
BRDA:91,8,1,0
BRDA:91,8,2,0
BRDA:93,9,0,0
BRDA:93,9,1,0
BRDA:103,10,0,0
BRDA:107,11,0,0
BRF:24
BRH:0
end_of_record
TN:
SF:app/dashboard/coverage/components/CoverageStats.tsx
FN:10,CoverageStats
FN:15,(anonymous_2)
FNF:2
FNH:0
FNDA:0,CoverageStats
FNDA:0,(anonymous_2)
DA:2,0
DA:3,0
DA:10,0
DA:16,0
LF:4
LH:0
BRDA:20,0,0,0
BRF:1
BRH:0
end_of_record
TN:
SF:app/dashboard/coverage/components/TableHeader.tsx
FN:16,TableHeader
FN:38,(anonymous_4)
FN:59,(anonymous_5)
FN:61,(anonymous_6)
FN:62,(anonymous_7)
FNF:5
FNH:0
FNDA:0,TableHeader
FNDA:0,(anonymous_4)
FNDA:0,(anonymous_5)
FNDA:0,(anonymous_6)
FNDA:0,(anonymous_7)
DA:2,0
DA:3,0
DA:4,0
DA:16,0
DA:38,0
DA:59,0
DA:61,0
DA:62,0
LF:8
LH:0
BRDA:28,0,0,0
BRDA:38,1,0,0
BRDA:38,1,1,0
BRDA:38,2,0,0
BRDA:38,2,1,0
BRDA:42,3,0,0
BRDA:42,3,1,0
BRDA:46,4,0,0
BRDA:46,4,1,0
BRDA:58,5,0,0
BRDA:58,5,1,0
BRDA:58,5,2,0
BRF:12
BRH:0
end_of_record
TN:
SF:app/dashboard/coverage/components/TableRow.tsx
FN:19,TableRow
FN:41,(anonymous_3)
FNF:2
FNH:0
FNDA:0,TableRow
FNDA:0,(anonymous_3)
DA:2,0
DA:4,0
DA:5,0
DA:9,0
DA:10,0
DA:19,0
DA:25,0
DA:26,0
DA:41,0
LF:9
LH:0
BRDA:32,0,0,0
BRDA:32,0,1,0
BRDA:34,1,0,0
BRDA:34,1,1,0
BRDA:39,2,0,0
BRDA:39,2,1,0
BRDA:41,3,0,0
BRDA:41,3,1,0
BRDA:43,4,0,0
BRDA:51,5,0,0
BRDA:51,5,1,0
BRDA:52,6,0,0
BRDA:52,6,1,0
BRDA:70,7,0,0
BRDA:70,7,1,0
BRDA:75,8,0,0
BRDA:75,8,1,0
BRDA:80,9,0,0
BRDA:80,9,1,0
BRDA:85,10,0,0
BRDA:85,10,1,0
BRDA:90,11,0,0
BRDA:90,11,1,0
BRDA:92,12,0,0
BRDA:92,12,1,0
BRF:25
BRH:0
end_of_record
TN:
SF:app/dashboard/coverage/constants/filter-options.ts
FN:4,(anonymous_7)
FN:6,(anonymous_8)
FN:10,(anonymous_9)
FN:12,(anonymous_10)
FN:33,(anonymous_11)
FN:37,(anonymous_12)
FNF:6
FNH:0
FNDA:0,(anonymous_7)
FNDA:0,(anonymous_8)
FNDA:0,(anonymous_9)
FNDA:0,(anonymous_10)
FNDA:0,(anonymous_11)
FNDA:0,(anonymous_12)
DA:4,0
DA:6,0
DA:10,0
DA:12,0
DA:19,0
DA:25,0
DA:33,0
DA:35,0
DA:37,0
DA:43,0
LF:10
LH:0
BRF:0
BRH:0
end_of_record
TN:
SF:app/dashboard/coverage/constants/sync-messages.ts
FNF:0
FNH:0
DA:2,0
LF:1
LH:0
BRF:0
BRH:0
end_of_record
TN:
SF:app/dashboard/coverage/handlers/fetch-coverage-data.ts
FN:7,fetchCoverageData
FN:32,(anonymous_2)
FNF:2
FNH:0
FNDA:0,fetchCoverageData
FNDA:0,(anonymous_2)
DA:1,0
DA:7,0
DA:15,0
DA:16,0
DA:17,0
DA:20,0
DA:21,0
DA:22,0
DA:25,0
DA:26,0
DA:29,0
DA:30,0
DA:32,0
DA:33,0
DA:34,0
DA:36,0
DA:38,0
DA:40,0
DA:41,0
DA:42,0
DA:44,0
LF:21
LH:0
BRDA:15,0,0,0
BRDA:15,1,0,0
BRDA:15,1,1,0
BRDA:33,2,0,0
BRDA:34,3,0,0
BRF:5
BRH:0
end_of_record
TN:
SF:app/dashboard/coverage/handlers/fetch-open-issues.ts
FN:8,fetchOpenIssues
FN:25,(anonymous_2)
FNF:2
FNH:0
FNDA:0,fetchOpenIssues
FNDA:0,(anonymous_2)
DA:1,0
DA:3,0
DA:8,0
DA:17,0
DA:18,0
DA:19,0
DA:20,0
DA:23,0
DA:24,0
DA:25,0
DA:26,0
DA:27,0
DA:29,0
DA:33,0
DA:34,0
DA:36,0
LF:16
LH:0
BRDA:24,0,0,0
BRDA:26,1,0,0
BRDA:26,1,1,0
BRF:3
BRH:0
end_of_record
TN:
SF:app/dashboard/coverage/handlers/handle-create-issues.ts
FN:8,handleCreateIssues
FN:39,(anonymous_2)
FN:58,(anonymous_3)
FN:59,(anonymous_4)
FN:60,(anonymous_5)
FNF:5
FNH:0
FNDA:0,handleCreateIssues
FNDA:0,(anonymous_2)
FNDA:0,(anonymous_3)
FNDA:0,(anonymous_4)
FNDA:0,(anonymous_5)
DA:3,0
DA:8,0
DA:35,0
DA:37,0
DA:38,0
DA:39,0
DA:41,0
DA:58,0
DA:59,0
DA:60,0
DA:61,0
DA:62,0
DA:66,0
DA:67,0
DA:69,0
DA:70,0
DA:76,0
LF:17
LH:0
BRDA:15,0,0,0
BRDA:35,1,0,0
BRDA:61,2,0,0
BRDA:71,3,0,0
BRDA:71,3,1,0
BRDA:71,4,0,0
BRDA:71,4,1,0
BRDA:71,4,2,0
BRF:8
BRH:0
end_of_record
TN:
SF:app/dashboard/coverage/handlers/handle-parent-issue-change.ts
FN:7,handleParentIssueChange
FN:12,(anonymous_2)
FNF:2
FNH:0
FNDA:0,handleParentIssueChange
FNDA:0,(anonymous_2)
DA:2,0
DA:7,0
DA:12,0
DA:13,0
DA:16,0
DA:17,0
DA:19,0
LF:7
LH:0
BRDA:13,0,0,0
BRDA:13,0,1,0
BRDA:16,1,0,0
BRDA:16,1,1,0
BRF:4
BRH:0
end_of_record
TN:
SF:app/dashboard/coverage/handlers/handle-select-all.ts
FN:6,handleSelectAll
FN:11,(anonymous_2)
FN:15,(anonymous_3)
FN:18,(anonymous_4)
FNF:4
FNH:0
FNDA:0,handleSelectAll
FNDA:0,(anonymous_2)
FNDA:0,(anonymous_3)
FNDA:0,(anonymous_4)
DA:6,0
DA:11,0
DA:13,0
DA:15,0
DA:17,0
DA:18,0
DA:20,0
LF:7
LH:0
BRDA:13,0,0,0
BRDA:13,0,1,0
BRDA:13,0,2,0
BRDA:17,1,0,0
BRDA:17,1,1,0
BRF:5
BRH:0
end_of_record
TN:
SF:app/dashboard/coverage/handlers/handle-select-row.ts
FN:4,handleSelectRow
FN:10,(anonymous_2)
FNF:2
FNH:0
FNDA:0,handleSelectRow
FNDA:0,(anonymous_2)
DA:4,0
DA:9,0
DA:10,0
DA:12,0
LF:4
LH:0
BRDA:9,0,0,0
BRDA:9,0,1,0
BRF:2
BRH:0
end_of_record
TN:
SF:app/dashboard/coverage/handlers/handle-sort.ts
FN:7,handleSort
FNF:1
FNH:0
FNDA:0,handleSort
DA:2,0
DA:7,0
DA:15,0
DA:17,0
DA:18,0
DA:19,0
DA:22,0
DA:28,0
DA:29,0
DA:30,0
DA:31,0
DA:32,0
LF:12
LH:0
BRDA:15,0,0,0
BRDA:15,0,1,0
BRDA:17,1,0,0
BRDA:17,1,1,0
BRDA:28,2,0,0
BRDA:28,2,1,0
BRF:6
BRH:0
end_of_record
TN:
SF:app/dashboard/coverage/utils/filter-and-sort-data.ts
FN:7,filterAndSortData
FN:19,(anonymous_2)
FN:22,(anonymous_3)
FN:26,(anonymous_4)
FN:30,(anonymous_5)
FN:32,(anonymous_6)
FN:36,(anonymous_7)
FNF:7
FNH:0
FNDA:0,filterAndSortData
FNDA:0,(anonymous_2)
FNDA:0,(anonymous_3)
FNDA:0,(anonymous_4)
FNDA:0,(anonymous_5)
FNDA:0,(anonymous_6)
FNDA:0,(anonymous_7)
DA:7,0
DA:16,0
DA:19,0
DA:22,0
DA:25,0
DA:26,0
DA:29,0
DA:30,0
DA:31,0
DA:32,0
DA:36,0
DA:37,0
DA:38,0
DA:40,0
DA:41,0
DA:43,0
DA:44,0
DA:46,0
DA:49,0
LF:19
LH:0
BRDA:19,0,0,0
BRDA:22,1,0,0
BRDA:25,2,0,0
BRDA:26,3,0,0
BRDA:26,3,1,0
BRDA:29,4,0,0
BRDA:29,4,1,0
BRDA:31,5,0,0
BRDA:40,6,0,0
BRDA:40,7,0,0
BRDA:40,7,1,0
BRDA:41,8,0,0
BRDA:41,8,1,0
BRDA:43,9,0,0
BRDA:43,10,0,0
BRDA:43,10,1,0
BRDA:44,11,0,0
BRDA:44,11,1,0
BRF:18
BRH:0
end_of_record
TN:
SF:app/dashboard/coverage/utils/get-latest-update.ts
FN:7,getLatestUpdate
FN:10,(anonymous_2)
FNF:2
FNH:0
FNDA:0,getLatestUpdate
FNDA:0,(anonymous_2)
DA:2,0
DA:7,0
DA:8,0
DA:10,0
DA:11,0
DA:12,0
DA:15,0
LF:7
LH:0
BRDA:8,0,0,0
BRDA:12,1,0,0
BRDA:12,1,1,0
BRF:3
BRH:0
end_of_record
TN:
SF:app/dashboard/coverage/utils/get-level-counts.ts
FN:6,getLevelCounts
FN:8,(anonymous_2)
FNF:2
FNH:0
FNDA:0,getLevelCounts
FNDA:0,(anonymous_2)
DA:6,0
DA:7,0
DA:8,0
DA:9,0
DA:11,0
LF:5
LH:0
BRDA:9,0,0,0
BRF:1
BRH:0
end_of_record
TN:
SF:app/dashboard/coverage/utils/get-level-style.ts
FN:4,getLevelStyle
FNF:1
FNH:0
FNDA:0,getLevelStyle
DA:4,0
DA:5,0
DA:7,0
DA:9,0
DA:11,0
DA:13,0
LF:6
LH:0
BRDA:5,0,0,0
BRDA:5,0,1,0
BRDA:5,0,2,0
BRDA:5,0,3,0
BRF:4
BRH:0
end_of_record
TN:
SF:app/dashboard/coverage/utils/get-metric-header.ts
FN:6,getMetricHeader
FNF:1
FNH:0
FNDA:0,getMetricHeader
DA:6,0
DA:7,0
DA:9,0
DA:11,0
DA:13,0
DA:15,0
DA:17,0
LF:7
LH:0
BRDA:7,0,0,0
BRDA:7,0,1,0
BRDA:7,0,2,0
BRDA:7,0,3,0
BRDA:7,0,4,0
BRF:5
BRH:0
end_of_record
TN:
SF:app/dashboard/coverage/utils/get-metric-value.ts
FN:7,getMetricValue
FNF:1
FNH:0
FNDA:0,getMetricValue
DA:7,0
DA:8,0
DA:10,0
DA:12,0
DA:14,0
DA:16,0
DA:18,0
LF:7
LH:0
BRDA:8,0,0,0
BRDA:8,0,1,0
BRDA:8,0,2,0
BRDA:8,0,3,0
BRDA:8,0,4,0
BRDA:10,1,0,0
BRDA:10,1,1,0
BRDA:12,2,0,0
BRDA:12,2,1,0
BRDA:14,3,0,0
BRDA:14,3,1,0
BRDA:16,4,0,0
BRDA:16,4,1,0
BRF:13
BRH:0
end_of_record
TN:
SF:app/dashboard/coverage/utils/get-sort-field-for-metric.ts
FN:6,getSortFieldForMetric
FNF:1
FNH:0
FNDA:0,getSortFieldForMetric
DA:6,0
DA:7,0
DA:9,0
DA:11,0
DA:13,0
DA:15,0
DA:17,0
LF:7
LH:0
BRDA:7,0,0,0
BRDA:7,0,1,0
BRDA:7,0,2,0
BRDA:7,0,3,0
BRDA:7,0,4,0
BRF:5
BRH:0
end_of_record
TN:
SF:app/dashboard/credits/jsonld.ts
FNF:0
FNH:0
DA:1,0
DA:2,0
DA:3,0
DA:4,0
DA:7,0
DA:8,0
DA:22,0
LF:7
LH:0
BRF:0
BRH:0
end_of_record
TN:
SF:app/dashboard/credits/layout.tsx
FN:24,CreditsLayout
FNF:1
FNH:0
FNDA:0,CreditsLayout
DA:2,0
DA:3,0
DA:4,0
DA:5,0
DA:6,0
DA:7,0
DA:9,0
DA:24,0
LF:8
LH:0
BRF:0
BRH:0
end_of_record
TN:
SF:app/dashboard/credits/page.tsx
FN:22,CreditsPage
FN:33,(anonymous_3)
FN:44,(anonymous_4)
FN:54,(anonymous_5)
FN:71,(anonymous_6)
FN:76,(anonymous_7)
FN:104,(anonymous_8)
FN:113,(anonymous_9)
FNF:8
FNH:0
FNDA:0,CreditsPage
FNDA:0,(anonymous_3)
FNDA:0,(anonymous_4)
FNDA:0,(anonymous_5)
FNDA:0,(anonymous_6)
FNDA:0,(anonymous_7)
FNDA:0,(anonymous_8)
FNDA:0,(anonymous_9)
DA:4,0
DA:5,0
DA:6,0
DA:9,0
DA:10,0
DA:11,0
DA:12,0
DA:13,0
DA:14,0
DA:17,0
DA:18,0
DA:19,0
DA:20,0
DA:22,0
DA:23,0
DA:24,0
DA:25,0
DA:26,0
DA:27,0
DA:28,0
DA:29,0
DA:30,0
DA:33,0
DA:34,0
DA:35,0
DA:36,0
DA:37,0
DA:40,0
DA:41,0
DA:44,0
DA:45,0
DA:46,0
DA:49,0
DA:50,0
DA:54,0
DA:55,0
DA:56,0
DA:57,0
DA:60,0
DA:61,0
DA:62,0
DA:64,0
DA:65,0
DA:67,0
DA:71,0
DA:72,0
DA:76,0
DA:77,0
DA:78,0
DA:104,0
DA:113,0
LF:51
LH:0
BRDA:35,0,0,0
BRDA:35,0,1,0
BRDA:45,1,0,0
BRDA:55,2,0,0
BRDA:77,3,0,0
BRDA:77,4,0,0
BRDA:77,4,1,0
BRDA:88,5,0,0
BRDA:88,5,1,0
BRDA:89,6,0,0
BRDA:100,7,0,0
BRDA:109,8,0,0
BRDA:118,9,0,0
BRF:13
BRH:0
end_of_record
TN:
SF:app/dashboard/credits/components/AutoReloadSettings.tsx
FN:9,AutoReloadSettings
FN:17,(anonymous_2)
FN:18,(anonymous_3)
FN:39,(anonymous_4)
FN:58,(anonymous_5)
FN:69,(anonymous_6)
FN:76,(anonymous_7)
FN:80,(anonymous_8)
FN:99,(anonymous_9)
FN:126,(anonymous_10)
FN:151,(anonymous_11)
FN:165,(anonymous_12)
FNF:12
FNH:0
FNDA:0,AutoReloadSettings
FNDA:0,(anonymous_2)
FNDA:0,(anonymous_3)
FNDA:0,(anonymous_4)
FNDA:0,(anonymous_5)
FNDA:0,(anonymous_6)
FNDA:0,(anonymous_7)
FNDA:0,(anonymous_8)
FNDA:0,(anonymous_9)
FNDA:0,(anonymous_10)
FNDA:0,(anonymous_11)
FNDA:0,(anonymous_12)
DA:3,0
DA:4,0
DA:5,0
DA:6,0
DA:7,0
DA:9,0
DA:10,0
DA:11,0
DA:12,0
DA:13,0
DA:14,0
DA:15,0
DA:17,0
DA:18,0
DA:19,0
DA:21,0
DA:22,0
DA:23,0
DA:24,0
DA:25,0
DA:26,0
DA:27,0
DA:30,0
DA:32,0
DA:36,0
DA:39,0
DA:40,0
DA:42,0
DA:43,0
DA:44,0
DA:50,0
DA:52,0
DA:54,0
DA:58,0
DA:59,0
DA:61,0
DA:64,0
DA:70,0
DA:72,0
DA:76,0
DA:77,0
DA:80,0
DA:81,0
DA:99,0
DA:126,0
DA:151,0
DA:165,0
LF:47
LH:0
BRDA:19,0,0,0
BRDA:24,1,0,0
BRDA:40,2,0,0
BRDA:46,3,0,0
BRDA:46,3,1,0
BRDA:47,4,0,0
BRDA:47,4,1,0
BRDA:48,5,0,0
BRDA:48,5,1,0
BRDA:59,6,0,0
BRDA:100,7,0,0
BRDA:100,7,1,0
BRDA:102,8,0,0
BRDA:102,8,1,0
BRDA:103,9,0,0
BRDA:103,9,1,0
BRDA:103,10,0,0
BRDA:103,10,1,0
BRDA:107,11,0,0
BRDA:107,11,1,0
BRDA:114,12,0,0
BRDA:114,12,1,0
BRDA:119,13,0,0
BRDA:119,13,1,0
BRDA:128,14,0,0
BRDA:128,14,1,0
BRDA:128,14,2,0
BRDA:130,15,0,0
BRDA:130,15,1,0
BRDA:130,16,0,0
BRDA:130,16,1,0
BRDA:130,16,2,0
BRDA:139,17,0,0
BRDA:139,17,1,0
BRDA:144,18,0,0
BRDA:144,18,1,0
BRDA:153,19,0,0
BRDA:153,19,1,0
BRDA:153,19,2,0
BRDA:155,20,0,0
BRDA:155,20,1,0
BRDA:155,21,0,0
BRDA:155,21,1,0
BRDA:155,21,2,0
BRDA:166,22,0,0
BRDA:166,22,1,0
BRDA:166,22,2,0
BRDA:166,22,3,0
BRDA:169,23,0,0
BRDA:169,23,1,0
BRF:50
BRH:0
end_of_record
TN:
SF:app/dashboard/credits/components/CreditBalanceCard.tsx
FN:11,CreditBalanceCard
FNF:1
FNH:0
FNDA:0,CreditBalanceCard
DA:3,0
DA:4,0
DA:11,0
DA:12,0
LF:4
LH:0
BRF:0
BRH:0
end_of_record
TN:
SF:app/dashboard/credits/components/CreditPurchaseButton.tsx
FN:12,CreditPurchaseButton
FN:18,(anonymous_3)
FN:22,(anonymous_4)
FN:30,(anonymous_5)
FN:64,(anonymous_6)
FNF:5
FNH:0
FNDA:0,CreditPurchaseButton
FNDA:0,(anonymous_3)
FNDA:0,(anonymous_4)
FNDA:0,(anonymous_5)
FNDA:0,(anonymous_6)
DA:3,0
DA:4,0
DA:5,0
DA:6,0
DA:12,0
DA:13,0
DA:14,0
DA:16,0
DA:18,0
DA:19,0
DA:21,0
DA:22,0
DA:25,0
DA:28,0
DA:30,0
DA:31,0
DA:33,0
DA:34,0
DA:35,0
DA:36,0
DA:40,0
DA:42,0
DA:44,0
DA:47,0
DA:64,0
LF:25
LH:0
BRDA:12,0,0,0
BRDA:19,1,0,0
BRDA:19,2,0,0
BRDA:19,2,1,0
BRDA:28,3,0,0
BRDA:28,3,1,0
BRDA:31,4,0,0
BRDA:33,5,0,0
BRDA:33,5,1,0
BRDA:33,6,0,0
BRDA:33,6,1,0
BRDA:55,7,0,0
BRDA:55,7,1,0
BRDA:58,8,0,0
BRDA:58,8,1,0
BRDA:58,9,0,0
BRDA:58,9,1,0
BRDA:61,10,0,0
BRDA:61,10,1,0
BRF:19
BRH:0
end_of_record
TN:
SF:app/dashboard/credits/components/CreditPurchaseModal.tsx
FN:20,CreditPurchaseModal
FN:47,(anonymous_5)
FN:48,(anonymous_6)
FN:55,(anonymous_7)
FN:61,(anonymous_8)
FN:67,handlePurchase
FN:149,(anonymous_10)
FN:192,(anonymous_11)
FN:210,(anonymous_12)
FNF:9
FNH:0
FNDA:0,CreditPurchaseModal
FNDA:0,(anonymous_5)
FNDA:0,(anonymous_6)
FNDA:0,(anonymous_7)
FNDA:0,(anonymous_8)
FNDA:0,handlePurchase
FNDA:0,(anonymous_10)
FNDA:0,(anonymous_11)
FNDA:0,(anonymous_12)
DA:3,0
DA:4,0
DA:5,0
DA:6,0
DA:7,0
DA:8,0
DA:9,0
DA:10,0
DA:11,0
DA:12,0
DA:13,0
DA:20,0
DA:21,0
DA:22,0
DA:23,0
DA:24,0
DA:27,0
DA:30,0
DA:33,0
DA:44,0
DA:47,0
DA:48,0
DA:49,0
DA:51,0
DA:52,0
DA:53,0
DA:55,0
DA:56,0
DA:57,0
DA:61,0
DA:62,0
DA:63,0
DA:64,0
DA:68,0
DA:70,0
DA:71,0
DA:72,0
DA:73,0
DA:74,0
DA:77,0
DA:85,0
DA:86,0
DA:87,0
DA:88,0
DA:91,0
DA:92,0
DA:93,0
DA:96,0
DA:103,0
DA:116,0
DA:117,0
DA:120,0
DA:121,0
DA:123,0
DA:127,0
DA:149,0
DA:192,0
DA:210,0
DA:254,0
LF:59
LH:0
BRDA:49,0,0,0
BRDA:51,1,0,0
BRDA:64,2,0,0
BRDA:64,2,1,0
BRDA:64,3,0,0
BRDA:64,3,1,0
BRDA:71,4,0,0
BRDA:72,5,0,0
BRDA:72,5,1,0
BRDA:86,6,0,0
BRDA:86,7,0,0
BRDA:86,7,1,0
BRDA:91,8,0,0
BRDA:91,9,0,0
BRDA:91,9,1,0
BRDA:91,9,2,0
BRDA:92,10,0,0
BRDA:93,11,0,0
BRDA:116,12,0,0
BRDA:127,13,0,0
BRDA:153,14,0,0
BRDA:153,14,1,0
BRDA:160,15,0,0
BRDA:239,16,0,0
BRDA:239,16,1,0
BRDA:241,17,0,0
BRDA:241,17,1,0
BRDA:241,18,0,0
BRDA:241,18,1,0
BRDA:244,19,0,0
BRDA:244,19,1,0
BRF:31
BRH:0
end_of_record
TN:
SF:app/dashboard/credits/components/CreditTransactionHistory.tsx
FN:11,CreditTransactionHistory
FN:16,(anonymous_2)
FN:17,(anonymous_3)
FN:68,(anonymous_4)
FNF:4
FNH:0
FNDA:0,CreditTransactionHistory
FNDA:0,(anonymous_2)
FNDA:0,(anonymous_3)
FNDA:0,(anonymous_4)
DA:3,0
DA:4,0
DA:6,0
DA:7,0
DA:11,0
DA:12,0
DA:13,0
DA:14,0
DA:16,0
DA:17,0
DA:18,0
DA:19,0
DA:20,0
DA:23,0
DA:24,0
DA:25,0
DA:27,0
DA:29,0
DA:33,0
DA:36,0
DA:69,0
LF:21
LH:0
BRDA:18,0,0,0
BRDA:36,1,0,0
BRDA:74,2,0,0
BRDA:74,2,1,0
BRDA:75,3,0,0
BRDA:75,3,1,0
BRDA:76,4,0,0
BRDA:76,4,1,0
BRDA:77,5,0,0
BRDA:77,5,1,0
BRDA:78,6,0,0
BRDA:78,6,1,0
BRDA:79,7,0,0
BRDA:79,7,1,0
BRDA:80,8,0,0
BRDA:80,8,1,0
BRDA:81,9,0,0
BRDA:81,9,1,0
BRDA:86,10,0,0
BRDA:86,10,1,0
BRDA:86,11,0,0
BRDA:86,11,1,0
BRDA:86,11,2,0
BRDA:90,12,0,0
BRDA:90,12,1,0
BRDA:90,13,0,0
BRDA:90,13,1,0
BRDA:100,14,0,0
BRDA:100,14,1,0
BRDA:106,15,0,0
BRDA:106,15,1,0
BRDA:109,16,0,0
BRDA:109,16,1,0
BRF:33
BRH:0
end_of_record
TN:
SF:app/dashboard/credits/components/SpendingLimitSettings.tsx
FN:9,SpendingLimitSettings
FN:18,(anonymous_2)
FN:19,(anonymous_3)
FN:40,(anonymous_4)
FN:57,(anonymous_5)
FN:66,(anonymous_6)
FN:73,(anonymous_7)
FN:93,(anonymous_8)
FN:120,(anonymous_9)
FNF:9
FNH:0
FNDA:0,SpendingLimitSettings
FNDA:0,(anonymous_2)
FNDA:0,(anonymous_3)
FNDA:0,(anonymous_4)
FNDA:0,(anonymous_5)
FNDA:0,(anonymous_6)
FNDA:0,(anonymous_7)
FNDA:0,(anonymous_8)
FNDA:0,(anonymous_9)
DA:3,0
DA:4,0
DA:5,0
DA:6,0
DA:7,0
DA:9,0
DA:10,0
DA:11,0
DA:14,0
DA:15,0
DA:16,0
DA:18,0
DA:19,0
DA:20,0
DA:22,0
DA:23,0
DA:24,0
DA:25,0
DA:26,0
DA:27,0
DA:28,0
DA:31,0
DA:33,0
DA:37,0
DA:40,0
DA:41,0
DA:43,0
DA:44,0
DA:45,0
DA:49,0
DA:51,0
DA:53,0
DA:57,0
DA:58,0
DA:61,0
DA:63,0
DA:67,0
DA:69,0
DA:73,0
DA:75,0
DA:79,0
DA:93,0
DA:121,0
LF:43
LH:0
BRDA:20,0,0,0
BRDA:25,1,0,0
BRDA:28,2,0,0
BRDA:28,2,1,0
BRDA:41,3,0,0
BRDA:47,4,0,0
BRDA:47,4,1,0
BRDA:61,5,0,0
BRDA:65,6,0,0
BRDA:65,6,1,0
BRDA:75,7,0,0
BRDA:75,7,1,0
BRDA:79,8,0,0
BRDA:79,8,1,0
BRDA:94,9,0,0
BRDA:94,9,1,0
BRDA:96,10,0,0
BRDA:96,10,1,0
BRDA:97,11,0,0
BRDA:97,11,1,0
BRDA:97,12,0,0
BRDA:97,12,1,0
BRDA:101,13,0,0
BRDA:101,13,1,0
BRDA:108,14,0,0
BRDA:108,14,1,0
BRDA:113,15,0,0
BRDA:113,15,1,0
BRDA:119,16,0,0
BRDA:119,16,1,0
BRDA:121,17,0,0
BRDA:121,17,1,0
BRDA:124,18,0,0
BRDA:124,18,1,0
BRDA:124,18,2,0
BRDA:126,19,0,0
BRDA:126,19,1,0
BRDA:126,20,0,0
BRDA:126,20,1,0
BRDA:126,20,2,0
BRDA:128,21,0,0
BRDA:128,21,1,0
BRDA:128,22,0,0
BRDA:128,22,1,0
BRDA:128,22,2,0
BRDA:136,23,0,0
BRDA:136,23,1,0
BRDA:136,23,2,0
BRDA:151,24,0,0
BRDA:151,24,1,0
BRDA:151,24,2,0
BRDA:151,24,3,0
BRDA:151,24,4,0
BRDA:154,25,0,0
BRDA:154,25,1,0
BRF:55
BRH:0
end_of_record
TN:
SF:app/dashboard/usage/jsonld.ts
FNF:0
FNH:0
DA:1,0
DA:2,0
DA:3,0
DA:4,0
DA:7,0
DA:8,0
DA:22,0
LF:7
LH:0
BRF:0
BRH:0
end_of_record
TN:
SF:app/dashboard/usage/layout.tsx
FN:24,UsageDashboardLayout
FNF:1
FNH:0
FNDA:0,UsageDashboardLayout
DA:2,0
DA:3,0
DA:4,0
DA:5,0
DA:6,0
DA:7,0
DA:9,0
DA:24,0
LF:8
LH:0
BRF:0
BRH:0
end_of_record
TN:
SF:app/dashboard/usage/page.tsx
FN:17,UsagePage
FN:24,(anonymous_3)
FN:25,(anonymous_4)
FN:64,(anonymous_5)
FN:69,(anonymous_6)
FN:77,(anonymous_7)
FNF:6
FNH:0
FNDA:0,UsagePage
FNDA:0,(anonymous_3)
FNDA:0,(anonymous_4)
FNDA:0,(anonymous_5)
FNDA:0,(anonymous_6)
FNDA:0,(anonymous_7)
DA:3,0
DA:6,0
DA:7,0
DA:11,0
DA:12,0
DA:13,0
DA:14,0
DA:15,0
DA:17,0
DA:18,0
DA:19,0
DA:20,0
DA:21,0
DA:22,0
DA:24,0
DA:25,0
DA:26,0
DA:27,0
DA:28,0
DA:31,0
DA:32,0
DA:33,0
DA:36,0
DA:37,0
DA:38,0
DA:41,0
DA:52,0
DA:54,0
DA:55,0
DA:57,0
DA:61,0
DA:64,0
DA:65,0
DA:66,0
DA:69,0
DA:70,0
DA:77,0
DA:78,0
DA:80,0
DA:81,0
DA:82,0
DA:86,0
DA:88,0
DA:90,0
LF:44
LH:0
BRDA:26,0,0,0
BRDA:65,1,0,0
BRDA:78,2,0,0
BRDA:115,3,0,0
BRDA:121,4,0,0
BRDA:121,4,1,0
BRDA:146,5,0,0
BRDA:163,6,0,0
BRDA:163,6,1,0
BRDA:164,7,0,0
BRDA:164,7,1,0
BRDA:168,8,0,0
BRDA:168,8,1,0
BRDA:169,9,0,0
BRDA:169,9,1,0
BRDA:174,10,0,0
BRDA:174,10,1,0
BRDA:175,11,0,0
BRDA:175,11,1,0
BRDA:179,12,0,0
BRDA:179,12,1,0
BRDA:180,13,0,0
BRDA:180,13,1,0
BRDA:184,14,0,0
BRDA:184,14,1,0
BRDA:185,15,0,0
BRDA:185,15,1,0
BRDA:189,16,0,0
BRDA:189,16,1,0
BRDA:190,17,0,0
BRDA:190,17,1,0
BRDA:194,18,0,0
BRDA:194,18,1,0
BRF:33
BRH:0
end_of_record
TN:
SF:app/docs/layout.tsx
FN:44,DocsLayout
FN:57,(anonymous_3)
FN:61,(anonymous_4)
FN:86,(anonymous_5)
FN:89,(anonymous_6)
FN:90,(anonymous_7)
FNF:6
FNH:0
FNDA:0,DocsLayout
FNDA:0,(anonymous_3)
FNDA:0,(anonymous_4)
FNDA:0,(anonymous_5)
FNDA:0,(anonymous_6)
FNDA:0,(anonymous_7)
DA:2,0
DA:3,0
DA:4,0
DA:6,0
DA:44,0
DA:45,0
DA:58,0
DA:62,0
DA:86,0
DA:90,0
DA:91,0
LF:11
LH:0
BRDA:66,0,0,0
BRDA:66,0,1,0
BRF:2
BRH:0
end_of_record
TN:
SF:app/docs/coverage/CodeBlock.tsx
FN:10,CodeBlock
FN:15,(anonymous_5)
FN:17,(anonymous_6)
FN:18,(anonymous_7)
FN:19,(anonymous_8)
FN:20,(anonymous_9)
FN:21,(anonymous_10)
FN:22,(anonymous_11)
FN:23,(anonymous_12)
FN:24,(anonymous_13)
FN:60,(anonymous_14)
FN:63,(anonymous_15)
FNF:12
FNH:0
FNDA:0,CodeBlock
FNDA:0,(anonymous_5)
FNDA:0,(anonymous_6)
FNDA:0,(anonymous_7)
FNDA:0,(anonymous_8)
FNDA:0,(anonymous_9)
FNDA:0,(anonymous_10)
FNDA:0,(anonymous_11)
FNDA:0,(anonymous_12)
FNDA:0,(anonymous_13)
FNDA:0,(anonymous_14)
FNDA:0,(anonymous_15)
DA:2,0
DA:10,0
DA:11,0
DA:12,0
DA:13,0
DA:15,0
DA:16,0
DA:17,0
DA:18,0
DA:19,0
DA:20,0
DA:21,0
DA:22,0
DA:23,0
DA:24,0
DA:26,0
DA:27,0
DA:30,0
DA:33,0
DA:61,0
DA:62,0
DA:63,0
LF:22
LH:0
BRDA:33,0,0,0
BRDA:36,1,0,0
BRDA:52,2,0,0
BRDA:67,3,0,0
BRDA:67,3,1,0
BRF:5
BRH:0
end_of_record
TN:
SF:app/docs/coverage/CommonConfiguration.tsx
FN:17,CommonConfiguration
FN:32,(anonymous_2)
FN:56,(anonymous_3)
FNF:3
FNH:0
FNDA:0,CommonConfiguration
FNDA:0,(anonymous_2)
FNDA:0,(anonymous_3)
DA:3,0
DA:17,0
DA:33,0
DA:57,0
LF:4
LH:0
BRDA:26,0,0,0
BRF:1
BRH:0
end_of_record
TN:
SF:app/docs/coverage/KeyRequirements.tsx
FN:7,KeyRequirements
FNF:1
FNH:0
FNDA:0,KeyRequirements
DA:7,0
LF:1
LH:0
BRDA:7,0,0,0
BRF:1
BRH:0
end_of_record
TN:
SF:app/docs/coverage/jsonld.ts
FNF:0
FNH:0
DA:1,0
DA:2,0
DA:3,0
DA:4,0
DA:6,0
LF:5
LH:0
BRF:0
BRH:0
end_of_record
TN:
SF:app/docs/coverage/layout.tsx
FN:30,CoverageDocsLayout
FNF:1
FNH:0
FNDA:0,CoverageDocsLayout
DA:2,0
DA:3,0
DA:4,0
DA:5,0
DA:6,0
DA:7,0
DA:9,0
DA:30,0
LF:8
LH:0
BRF:0
BRH:0
end_of_record
TN:
SF:app/docs/coverage/page.tsx
FN:7,DocsPage
FNF:1
FNH:0
FNDA:0,DocsPage
DA:1,0
DA:2,0
DA:3,0
DA:4,0
DA:5,0
DA:7,0
LF:6
LH:0
BRF:0
BRH:0
end_of_record
TN:
SF:app/docs/coverage/charts/jsonld.ts
FNF:0
FNH:0
DA:1,0
DA:2,0
DA:3,0
DA:4,0
DA:7,0
DA:9,0
LF:6
LH:0
BRF:0
BRH:0
end_of_record
TN:
SF:app/docs/coverage/charts/layout.tsx
FN:25,CoverageChartsLayout
FNF:1
FNH:0
FNDA:0,CoverageChartsLayout
DA:1,0
DA:2,0
DA:3,0
DA:4,0
DA:5,0
DA:6,0
DA:8,0
DA:25,0
LF:8
LH:0
BRF:0
BRH:0
end_of_record
TN:
SF:app/docs/coverage/charts/page.tsx
FN:7,CoverageChartsPage
FNF:1
FNH:0
FNDA:0,CoverageChartsPage
DA:1,0
DA:2,0
DA:3,0
DA:4,0
DA:5,0
DA:7,0
LF:6
LH:0
BRF:0
BRH:0
end_of_record
TN:
SF:app/docs/coverage/flutter/jsonld.ts
FNF:0
FNH:0
DA:1,0
DA:2,0
DA:3,0
DA:6,0
DA:8,0
LF:5
LH:0
BRF:0
BRH:0
end_of_record
TN:
SF:app/docs/coverage/flutter/layout.tsx
FN:25,FlutterCoverageLayout
FNF:1
FNH:0
FNDA:0,FlutterCoverageLayout
DA:1,0
DA:2,0
DA:3,0
DA:4,0
DA:5,0
DA:6,0
DA:8,0
DA:25,0
LF:8
LH:0
BRF:0
BRH:0
end_of_record
TN:
SF:app/docs/coverage/flutter/page.tsx
FN:10,FlutterConfigurationPage
FNF:1
FNH:0
FNDA:0,FlutterConfigurationPage
DA:1,0
DA:2,0
DA:3,0
DA:4,0
DA:5,0
DA:6,0
DA:7,0
DA:8,0
DA:10,0
LF:9
LH:0
BRF:0
BRH:0
end_of_record
TN:
SF:app/docs/coverage/flutter/code/config.ts
FNF:0
FNH:0
DA:1,0
LF:1
LH:0
BRF:0
BRH:0
end_of_record
TN:
SF:app/docs/coverage/flutter/code/workflow.ts
FNF:0
FNH:0
DA:1,0
LF:1
LH:0
BRF:0
BRH:0
end_of_record
TN:
SF:app/docs/coverage/javascript/jsonld.ts
FNF:0
FNH:0
DA:1,0
DA:2,0
DA:3,0
DA:4,0
DA:6,0
LF:5
LH:0
BRF:0
BRH:0
end_of_record
TN:
SF:app/docs/coverage/javascript/layout.tsx
FN:25,JavaScriptCoverageLayout
FNF:1
FNH:0
FNDA:0,JavaScriptCoverageLayout
DA:1,0
DA:2,0
DA:3,0
DA:4,0
DA:5,0
DA:6,0
DA:8,0
DA:25,0
LF:8
LH:0
BRF:0
BRH:0
end_of_record
TN:
SF:app/docs/coverage/javascript/page.tsx
FN:11,JavaScriptConfigurationPage
FNF:1
FNH:0
FNDA:0,JavaScriptConfigurationPage
DA:1,0
DA:2,0
DA:3,0
DA:4,0
DA:5,0
DA:6,0
DA:7,0
DA:8,0
DA:9,0
DA:11,0
LF:10
LH:0
BRF:0
BRH:0
end_of_record
TN:
SF:app/docs/coverage/javascript/code/jest.ts
FNF:0
FNH:0
DA:1,0
DA:7,0
LF:2
LH:0
BRF:0
BRH:0
end_of_record
TN:
SF:app/docs/coverage/javascript/code/vitest.ts
FNF:0
FNH:0
DA:1,0
DA:7,0
LF:2
LH:0
BRF:0
BRH:0
end_of_record
TN:
SF:app/docs/coverage/javascript/code/workflow.ts
FNF:0
FNH:0
DA:1,0
LF:1
[...]
BRDA:131,8,1,0
BRDA:142,9,0,0
BRDA:142,9,1,0
BRDA:159,10,0,0
BRDA:162,11,0,0
BRDA:162,11,1,0
BRF:18
BRH:0
end_of_record
TN:
SF:app/settings/integrations/jira/JiraForm.tsx
FN:28,JiraForm
FN:36,(anonymous_2)
FN:37,(anonymous_3)
FN:39,(anonymous_4)
FN:41,(anonymous_5)
FN:46,(anonymous_6)
FN:54,(anonymous_7)
FN:70,(anonymous_8)
FN:83,(anonymous_9)
FN:99,(anonymous_10)
FN:112,(anonymous_11)
FN:126,(anonymous_12)
FN:139,(anonymous_13)
FN:153,(anonymous_14)
FN:176,(anonymous_15)
FNF:15
FNH:0
FNDA:0,JiraForm
FNDA:0,(anonymous_2)
FNDA:0,(anonymous_3)
FNDA:0,(anonymous_4)
FNDA:0,(anonymous_5)
FNDA:0,(anonymous_6)
FNDA:0,(anonymous_7)
FNDA:0,(anonymous_8)
FNDA:0,(anonymous_9)
FNDA:0,(anonymous_10)
FNDA:0,(anonymous_11)
FNDA:0,(anonymous_12)
FNDA:0,(anonymous_13)
FNDA:0,(anonymous_14)
FNDA:0,(anonymous_15)
DA:3,0
DA:4,0
DA:28,0
DA:36,0
DA:37,0
DA:39,0
DA:40,0
DA:41,0
DA:47,0
DA:55,0
DA:71,0
DA:84,0
DA:100,0
DA:113,0
DA:127,0
DA:140,0
DA:154,0
DA:176,0
LF:18
LH:0
BRDA:37,0,0,0
BRDA:37,0,1,0
BRDA:40,1,0,0
BRDA:40,1,1,0
BRDA:41,2,0,0
BRDA:41,2,1,0
BRDA:58,3,0,0
BRDA:58,3,1,0
BRDA:60,4,0,0
BRDA:60,4,1,0
BRDA:67,5,0,0
BRDA:67,5,1,0
BRDA:87,6,0,0
BRDA:87,6,1,0
BRDA:87,7,0,0
BRDA:87,7,1,0
BRDA:89,8,0,0
BRDA:89,8,1,0
BRDA:96,9,0,0
BRDA:96,9,1,0
BRDA:116,10,0,0
BRDA:116,10,1,0
BRDA:118,11,0,0
BRDA:118,11,1,0
BRDA:125,12,0,0
BRDA:125,12,1,0
BRDA:143,13,0,0
BRDA:143,13,1,0
BRDA:143,14,0,0
BRDA:143,14,1,0
BRDA:145,15,0,0
BRDA:145,15,1,0
BRF:32
BRH:0
end_of_record
TN:
SF:app/settings/integrations/jira/JiraHeader.tsx
FN:38,JiraHeader
FN:73,(anonymous_3)
FNF:2
FNH:0
FNDA:0,JiraHeader
FNDA:0,(anonymous_3)
DA:3,0
DA:4,0
DA:5,0
DA:6,0
DA:14,0
DA:38,0
DA:39,0
DA:74,0
LF:8
LH:0
BRDA:56,0,0,0
BRDA:56,0,1,0
BRDA:58,1,0,0
BRDA:58,1,1,0
BRDA:61,2,0,0
BRDA:61,2,1,0
BRDA:63,3,0,0
BRDA:63,3,1,0
BRF:8
BRH:0
end_of_record
TN:
SF:app/settings/integrations/jira/jsonld.ts
FNF:0
FNH:0
DA:1,0
DA:2,0
DA:3,0
DA:4,0
DA:7,0
DA:9,0
LF:6
LH:0
BRF:0
BRH:0
end_of_record
TN:
SF:app/settings/integrations/jira/layout.tsx
FN:22,JiraIntegrationLayout
FNF:1
FNH:0
FNDA:0,JiraIntegrationLayout
DA:1,0
DA:2,0
DA:3,0
DA:4,0
DA:5,0
DA:6,0
DA:8,0
DA:22,0
LF:8
LH:0
BRF:0
BRH:0
end_of_record
TN:
SF:app/settings/integrations/jira/page.tsx
FN:8,JiraIntegrationPage
FNF:1
FNH:0
FNDA:0,JiraIntegrationPage
DA:3,0
DA:4,0
DA:5,0
DA:6,0
DA:8,0
DA:9,0
DA:10,0
LF:7
LH:0
BRF:0
BRH:0
end_of_record
TN:
SF:app/settings/integrations/jira/useIntegrations.ts
FN:12,useIntegrations
FN:23,(anonymous_2)
FN:28,(anonymous_3)
FN:44,(anonymous_4)
FN:48,(anonymous_5)
FN:61,(anonymous_6)
FNF:6
FNH:0
FNDA:0,useIntegrations
FNDA:0,(anonymous_2)
FNDA:0,(anonymous_3)
FNDA:0,(anonymous_4)
FNDA:0,(anonymous_5)
FNDA:0,(anonymous_6)
DA:4,0
DA:5,0
DA:9,0
DA:12,0
DA:13,0
DA:14,0
DA:15,0
DA:16,0
DA:17,0
DA:20,0
DA:23,0
DA:24,0
DA:25,0
DA:28,0
DA:29,0
DA:30,0
DA:34,0
DA:35,0
DA:36,0
DA:38,0
DA:44,0
DA:45,0
DA:46,0
DA:48,0
DA:49,0
DA:50,0
DA:51,0
DA:52,0
DA:53,0
DA:54,0
DA:56,0
DA:61,0
DA:62,0
DA:63,0
DA:64,0
DA:65,0
DA:66,0
DA:71,0
DA:73,0
DA:74,0
DA:75,0
DA:78,0
DA:80,0
DA:84,0
LF:44
LH:0
BRDA:24,0,0,0
BRDA:45,1,0,0
BRDA:53,2,0,0
BRDA:62,3,0,0
BRDA:65,4,0,0
BRDA:65,4,1,0
BRF:6
BRH:0
end_of_record
TN:
SF:app/settings/integrations/jira/useRows.ts
FN:16,(anonymous_1)
FN:24,useRows
FN:28,(anonymous_3)
FN:31,(anonymous_4)
FN:38,(anonymous_5)
FN:61,(anonymous_6)
FN:63,(anonymous_7)
FN:68,(anonymous_8)
FN:69,(anonymous_9)
FN:70,(anonymous_10)
FN:72,(anonymous_11)
FN:96,(anonymous_12)
FN:105,(anonymous_13)
FN:129,(anonymous_14)
FN:136,(anonymous_15)
FN:137,(anonymous_16)
FN:138,(anonymous_17)
FN:140,(anonymous_18)
FNF:18
FNH:0
FNDA:0,(anonymous_1)
FNDA:0,useRows
FNDA:0,(anonymous_3)
FNDA:0,(anonymous_4)
FNDA:0,(anonymous_5)
FNDA:0,(anonymous_6)
FNDA:0,(anonymous_7)
FNDA:0,(anonymous_8)
FNDA:0,(anonymous_9)
FNDA:0,(anonymous_10)
FNDA:0,(anonymous_11)
FNDA:0,(anonymous_12)
FNDA:0,(anonymous_13)
FNDA:0,(anonymous_14)
FNDA:0,(anonymous_15)
FNDA:0,(anonymous_16)
FNDA:0,(anonymous_17)
FNDA:0,(anonymous_18)
DA:3,0
DA:4,0
DA:16,0
DA:24,0
DA:25,0
DA:26,0
DA:28,0
DA:30,0
DA:31,0
DA:32,0
DA:33,0
DA:34,0
DA:36,0
DA:37,0
DA:44,0
DA:52,0
DA:55,0
DA:56,0
DA:61,0
DA:63,0
DA:68,0
DA:69,0
DA:70,0
DA:71,0
DA:72,0
DA:74,0
DA:76,0
DA:77,0
DA:94,0
DA:95,0
DA:96,0
DA:97,0
DA:98,0
DA:101,0
DA:105,0
DA:112,0
DA:113,0
DA:116,0
DA:117,0
DA:119,0
DA:122,0
DA:123,0
DA:124,0
DA:125,0
DA:129,0
DA:134,0
DA:135,0
DA:136,0
DA:137,0
DA:138,0
DA:139,0
DA:140,0
DA:142,0
DA:144,0
DA:155,0
DA:156,0
DA:157,0
DA:158,0
DA:161,0
DA:165,0
LF:60
LH:0
BRDA:36,0,0,0
BRDA:36,1,0,0
BRDA:36,1,1,0
BRDA:49,2,0,0
BRDA:49,2,1,0
BRDA:74,3,0,0
BRDA:74,4,0,0
BRDA:74,4,1,0
BRDA:74,4,2,0
BRDA:74,4,3,0
BRDA:74,4,4,0
BRDA:94,5,0,0
BRDA:116,6,0,0
BRDA:117,7,0,0
BRDA:124,8,0,0
BRDA:124,9,0,0
BRDA:124,9,1,0
BRDA:124,9,2,0
BRDA:124,9,3,0
BRDA:142,10,0,0
BRDA:142,11,0,0
BRDA:142,11,1,0
BRDA:142,11,2,0
BRDA:142,11,3,0
BRDA:155,12,0,0
BRDA:158,13,0,0
BRDA:158,13,1,0
BRF:27
BRH:0
end_of_record
TN:
SF:app/settings/references/jsonld.ts
FNF:0
FNH:0
DA:1,0
DA:2,0
DA:3,0
DA:4,0
DA:6,0
LF:5
LH:0
BRF:0
BRH:0
end_of_record
TN:
SF:app/settings/references/layout.tsx
FN:22,ReferencesLayout
FNF:1
FNH:0
FNDA:0,ReferencesLayout
DA:1,0
DA:2,0
DA:3,0
DA:4,0
DA:5,0
DA:6,0
DA:8,0
DA:22,0
LF:8
LH:0
BRF:0
BRH:0
end_of_record
TN:
SF:app/settings/references/page.tsx
FN:17,ReferencesPage
FN:35,(anonymous_3)
FN:36,(anonymous_4)
FN:70,(anonymous_5)
FN:71,(anonymous_6)
FN:75,(anonymous_7)
FN:77,(anonymous_8)
FN:81,(anonymous_9)
FN:91,(anonymous_10)
FN:93,(anonymous_11)
FN:97,(anonymous_12)
FN:103,(anonymous_13)
FN:105,(anonymous_14)
FN:109,(anonymous_15)
FN:138,(anonymous_16)
FN:140,(anonymous_17)
FN:144,(anonymous_18)
FN:151,(anonymous_19)
FN:153,(anonymous_20)
FN:154,(anonymous_21)
FN:160,(anonymous_22)
FN:164,(anonymous_23)
FN:172,(anonymous_24)
FN:184,(anonymous_25)
FN:185,(anonymous_26)
FN:187,(anonymous_27)
FN:225,(anonymous_28)
FN:231,(anonymous_29)
FN:236,(anonymous_30)
FN:238,(anonymous_31)
FN:295,(anonymous_32)
FN:300,(anonymous_33)
FN:302,(anonymous_34)
FN:307,(anonymous_35)
FN:330,(anonymous_36)
FN:362,(anonymous_37)
FN:368,(anonymous_38)
FN:373,(anonymous_39)
FN:375,(anonymous_40)
FN:430,(anonymous_41)
FN:435,(anonymous_42)
FN:449,(anonymous_43)
FN:485,(anonymous_44)
FN:492,(anonymous_45)
FNF:44
FNH:0
FNDA:0,ReferencesPage
FNDA:0,(anonymous_3)
FNDA:0,(anonymous_4)
FNDA:0,(anonymous_5)
FNDA:0,(anonymous_6)
FNDA:0,(anonymous_7)
FNDA:0,(anonymous_8)
FNDA:0,(anonymous_9)
FNDA:0,(anonymous_10)
FNDA:0,(anonymous_11)
FNDA:0,(anonymous_12)
FNDA:0,(anonymous_13)
FNDA:0,(anonymous_14)
FNDA:0,(anonymous_15)
FNDA:0,(anonymous_16)
FNDA:0,(anonymous_17)
FNDA:0,(anonymous_18)
FNDA:0,(anonymous_19)
FNDA:0,(anonymous_20)
FNDA:0,(anonymous_21)
FNDA:0,(anonymous_22)
FNDA:0,(anonymous_23)
FNDA:0,(anonymous_24)
FNDA:0,(anonymous_25)
FNDA:0,(anonymous_26)
FNDA:0,(anonymous_27)
FNDA:0,(anonymous_28)
FNDA:0,(anonymous_29)
FNDA:0,(anonymous_30)
FNDA:0,(anonymous_31)
FNDA:0,(anonymous_32)
FNDA:0,(anonymous_33)
FNDA:0,(anonymous_34)
FNDA:0,(anonymous_35)
FNDA:0,(anonymous_36)
FNDA:0,(anonymous_37)
FNDA:0,(anonymous_38)
FNDA:0,(anonymous_39)
FNDA:0,(anonymous_40)
FNDA:0,(anonymous_41)
FNDA:0,(anonymous_42)
FNDA:0,(anonymous_43)
FNDA:0,(anonymous_44)
FNDA:0,(anonymous_45)
DA:3,0
DA:6,0
DA:7,0
DA:8,0
DA:9,0
DA:12,0
DA:13,0
DA:14,0
DA:17,0
DA:18,0
DA:19,0
DA:21,0
DA:22,0
DA:26,0
DA:27,0
DA:30,0
DA:35,0
DA:36,0
DA:37,0
DA:38,0
DA:39,0
DA:42,0
DA:43,0
DA:44,0
DA:45,0
DA:46,0
DA:47,0
DA:54,0
DA:60,0
DA:62,0
DA:66,0
DA:70,0
DA:71,0
DA:75,0
DA:76,0
DA:77,0
DA:78,0
DA:81,0
DA:83,0
DA:84,0
DA:90,0
DA:91,0
DA:93,0
DA:96,0
DA:97,0
DA:102,0
DA:104,0
DA:105,0
DA:106,0
DA:109,0
DA:111,0
DA:113,0
DA:116,0
DA:117,0
DA:120,0
DA:121,0
DA:122,0
DA:126,0
DA:137,0
DA:138,0
DA:140,0
DA:143,0
DA:144,0
DA:151,0
DA:153,0
DA:154,0
DA:157,0
DA:160,0
DA:163,0
DA:164,0
DA:168,0
DA:172,0
DA:173,0
DA:176,0
DA:177,0
DA:178,0
DA:181,0
DA:184,0
DA:185,0
DA:187,0
DA:188,0
DA:189,0
DA:198,0
DA:199,0
DA:226,0
DA:232,0
DA:233,0
DA:234,0
DA:236,0
DA:239,0
DA:241,0
DA:242,0
DA:243,0
DA:246,0
DA:247,0
DA:296,0
DA:297,0
DA:298,0
DA:300,0
DA:302,0
DA:303,0
DA:304,0
DA:306,0
DA:307,0
DA:308,0
DA:309,0
DA:310,0
DA:312,0
DA:315,0
DA:317,0
DA:331,0
DA:332,0
DA:333,0
DA:334,0
DA:335,0
DA:363,0
DA:369,0
DA:370,0
DA:371,0
DA:373,0
DA:376,0
DA:377,0
DA:378,0
DA:379,0
DA:382,0
DA:383,0
DA:431,0
DA:432,0
DA:433,0
DA:435,0
DA:436,0
DA:450,0
DA:451,0
DA:452,0
DA:453,0
DA:454,0
DA:485,0
DA:492,0
LF:138
LH:0
BRDA:37,0,0,0
BRDA:37,1,0,0
BRDA:37,1,1,0
BRDA:46,2,0,0
BRDA:46,2,1,0
BRDA:49,3,0,0
BRDA:49,3,1,0
BRDA:49,4,0,0
BRDA:49,4,1,0
BRDA:51,5,0,0
BRDA:51,5,1,0
BRDA:51,6,0,0
BRDA:51,6,1,0
BRDA:76,7,0,0
BRDA:76,8,0,0
BRDA:76,8,1,0
BRDA:90,9,0,0
BRDA:90,9,1,0
BRDA:104,10,0,0
BRDA:104,11,0,0
BRDA:104,11,1,0
BRDA:116,12,0,0
BRDA:121,13,0,0
BRDA:137,14,0,0
BRDA:137,14,1,0
BRDA:157,15,0,0
BRDA:157,16,0,0
BRDA:157,16,1,0
BRDA:168,17,0,0
BRDA:168,17,1,0
BRDA:173,18,0,0
BRDA:173,19,0,0
BRDA:173,19,1,0
BRDA:173,19,2,0
BRDA:173,19,3,0
BRDA:176,20,0,0
BRDA:184,21,0,0
BRDA:184,21,1,0
BRDA:185,22,0,0
BRDA:185,22,1,0
BRDA:208,23,0,0
BRDA:246,24,0,0
BRDA:253,25,0,0
BRDA:253,25,1,0
BRDA:255,26,0,0
BRDA:257,27,0,0
BRDA:260,28,0,0
BRDA:275,29,0,0
BRDA:293,30,0,0
BRDA:296,31,0,0
BRDA:309,32,0,0
BRDA:309,32,1,0
BRDA:320,33,0,0
BRDA:320,33,1,0
BRDA:331,34,0,0
BRDA:332,35,0,0
BRDA:334,36,0,0
BRDA:338,37,0,0
BRDA:338,37,1,0
BRDA:338,37,2,0
BRDA:338,37,3,0
BRDA:338,37,4,0
BRDA:382,38,0,0
BRDA:388,39,0,0
BRDA:388,39,1,0
BRDA:390,40,0,0
BRDA:392,41,0,0
BRDA:395,42,0,0
BRDA:410,43,0,0
BRDA:428,44,0,0
BRDA:431,45,0,0
BRDA:439,46,0,0
BRDA:439,46,1,0
BRDA:450,47,0,0
BRDA:451,48,0,0
BRDA:453,49,0,0
BRDA:457,50,0,0
BRDA:457,50,1,0
BRDA:457,50,2,0
BRDA:457,50,3,0
BRDA:457,50,4,0
BRDA:482,51,0,0
BRDA:482,51,1,0
BRDA:482,51,2,0
BRDA:484,52,0,0
BRDA:485,53,0,0
BRDA:485,53,1,0
BRDA:491,54,0,0
BRDA:492,55,0,0
BRDA:492,55,1,0
BRDA:502,56,0,0
BRDA:502,56,1,0
BRF:92
BRH:0
end_of_record
TN:
SF:app/settings/rules/StructuredRulesSection.tsx
FN:27,StructuredRulesSection
FN:33,(anonymous_3)
FN:41,(anonymous_4)
FN:48,(anonymous_5)
FN:54,(anonymous_6)
FN:81,(anonymous_7)
FN:102,(anonymous_8)
FN:128,(anonymous_9)
FN:132,(anonymous_10)
FN:175,(anonymous_11)
FN:192,(anonymous_12)
FNF:11
FNH:0
FNDA:0,StructuredRulesSection
FNDA:0,(anonymous_3)
FNDA:0,(anonymous_4)
FNDA:0,(anonymous_5)
FNDA:0,(anonymous_6)
FNDA:0,(anonymous_7)
FNDA:0,(anonymous_8)
FNDA:0,(anonymous_9)
FNDA:0,(anonymous_10)
FNDA:0,(anonymous_11)
FNDA:0,(anonymous_12)
DA:3,0
DA:4,0
DA:5,0
DA:6,0
DA:18,0
DA:27,0
DA:32,0
DA:34,0
DA:35,0
DA:40,0
DA:42,0
DA:47,0
DA:49,0
DA:54,0
DA:66,0
DA:67,0
DA:68,0
DA:69,0
DA:73,0
DA:74,0
DA:75,0
DA:81,0
DA:103,0
DA:116,0
DA:117,0
DA:118,0
DA:129,0
DA:132,0
DA:161,0
DA:162,0
DA:163,0
DA:175,0
DA:187,0
DA:193,0
LF:34
LH:0
BRDA:30,0,0,0
BRDA:66,1,0,0
BRDA:66,2,0,0
BRDA:66,2,1,0
BRDA:68,3,0,0
BRDA:73,4,0,0
BRDA:84,5,0,0
BRDA:84,5,1,0
BRDA:85,6,0,0
BRDA:85,6,1,0
BRDA:89,7,0,0
BRDA:89,7,1,0
BRDA:99,8,0,0
BRDA:100,9,0,0
BRDA:116,10,0,0
BRDA:116,11,0,0
BRDA:116,11,1,0
BRDA:123,12,0,0
BRDA:135,13,0,0
BRDA:135,13,1,0
BRDA:138,14,0,0
BRDA:138,14,1,0
BRDA:146,15,0,0
BRDA:146,15,1,0
BRDA:161,16,0,0
BRDA:168,17,0,0
BRDA:179,18,0,0
BRDA:179,18,1,0
BRDA:202,19,0,0
BRF:29
BRH:0
end_of_record
TN:
SF:app/settings/rules/jsonld.ts
FNF:0
FNH:0
DA:1,0
DA:2,0
DA:3,0
DA:4,0
DA:6,0
LF:5
LH:0
BRF:0
BRH:0
end_of_record
TN:
SF:app/settings/rules/layout.tsx
FN:22,RulesLayout
FNF:1
FNH:0
FNDA:0,RulesLayout
DA:1,0
DA:2,0
DA:3,0
DA:4,0
DA:5,0
DA:6,0
DA:8,0
DA:22,0
LF:8
LH:0
BRF:0
BRH:0
end_of_record
TN:
SF:app/settings/rules/page.tsx
FN:23,RulesPage
FN:54,(anonymous_3)
FN:60,(anonymous_4)
FN:99,(anonymous_5)
FN:102,(anonymous_6)
FN:130,(anonymous_7)
FN:135,(anonymous_8)
FN:140,(anonymous_9)
FN:142,(anonymous_10)
FN:147,(anonymous_11)
FN:148,(anonymous_12)
FN:156,(anonymous_13)
FN:157,(anonymous_14)
FN:167,(anonymous_15)
FN:168,(anonymous_16)
FN:180,(anonymous_17)
FN:201,(anonymous_18)
FN:206,(anonymous_19)
FN:225,(anonymous_20)
FN:232,(anonymous_21)
FN:277,(anonymous_22)
FN:282,(anonymous_23)
FNF:22
FNH:0
FNDA:0,RulesPage
FNDA:0,(anonymous_3)
FNDA:0,(anonymous_4)
FNDA:0,(anonymous_5)
FNDA:0,(anonymous_6)
FNDA:0,(anonymous_7)
FNDA:0,(anonymous_8)
FNDA:0,(anonymous_9)
FNDA:0,(anonymous_10)
FNDA:0,(anonymous_11)
FNDA:0,(anonymous_12)
FNDA:0,(anonymous_13)
FNDA:0,(anonymous_14)
FNDA:0,(anonymous_15)
FNDA:0,(anonymous_16)
FNDA:0,(anonymous_17)
FNDA:0,(anonymous_18)
FNDA:0,(anonymous_19)
FNDA:0,(anonymous_20)
FNDA:0,(anonymous_21)
FNDA:0,(anonymous_22)
FNDA:0,(anonymous_23)
DA:3,0
DA:6,0
DA:7,0
DA:9,0
DA:10,0
DA:11,0
DA:12,0
DA:13,0
DA:14,0
DA:15,0
DA:19,0
DA:21,0
DA:23,0
DA:33,0
DA:36,0
DA:37,0
DA:38,0
DA:39,0
DA:42,0
DA:49,0
DA:50,0
DA:51,0
DA:54,0
DA:55,0
DA:56,0
DA:57,0
DA:60,0
DA:61,0
DA:62,0
DA:63,0
DA:64,0
DA:65,0
DA:66,0
DA:67,0
DA:79,0
DA:80,0
DA:83,0
DA:84,0
DA:86,0
DA:87,0
DA:88,0
DA:89,0
DA:90,0
DA:95,0
DA:99,0
DA:100,0
DA:102,0
DA:103,0
DA:104,0
DA:105,0
DA:115,0
DA:117,0
DA:118,0
DA:120,0
DA:122,0
DA:126,0
DA:130,0
DA:131,0
DA:134,0
DA:135,0
DA:137,0
DA:140,0
DA:141,0
DA:142,0
DA:147,0
DA:148,0
DA:151,0
DA:152,0
DA:153,0
DA:156,0
DA:157,0
DA:166,0
DA:168,0
DA:174,0
DA:175,0
DA:180,0
DA:181,0
DA:182,0
DA:191,0
DA:192,0
DA:201,0
DA:202,0
DA:204,0
DA:206,0
DA:207,0
DA:208,0
DA:217,0
DA:218,0
DA:224,0
DA:226,0
DA:232,0
DA:277,0
DA:283,0
LF:93
LH:0
BRDA:55,0,0,0
BRDA:55,1,0,0
BRDA:55,1,1,0
BRDA:66,2,0,0
BRDA:68,3,0,0
BRDA:68,3,1,0
BRDA:69,4,0,0
BRDA:69,4,1,0
BRDA:71,5,0,0
BRDA:71,5,1,0
BRDA:71,6,0,0
BRDA:71,6,1,0
BRDA:71,6,2,0
BRDA:71,6,3,0
BRDA:71,6,4,0
BRDA:89,7,0,0
BRDA:100,8,0,0
BRDA:100,9,0,0
BRDA:100,9,1,0
BRDA:100,9,2,0
BRDA:115,10,0,0
BRDA:131,11,0,0
BRDA:131,12,0,0
BRDA:131,12,1,0
BRDA:135,13,0,0
BRDA:135,13,1,0
BRDA:137,14,0,0
BRDA:141,15,0,0
BRDA:151,16,0,0
BRDA:152,17,0,0
BRDA:167,18,0,0
BRDA:174,19,0,0
BRDA:174,20,0,0
BRDA:174,20,1,0
BRDA:174,20,2,0
BRDA:174,20,3,0
BRDA:174,20,4,0
BRDA:202,21,0,0
BRDA:202,22,0,0
BRDA:202,22,1,0
BRDA:202,22,2,0
BRDA:202,22,3,0
BRDA:236,23,0,0
BRDA:236,23,1,0
BRDA:239,24,0,0
BRDA:248,25,0,0
BRDA:248,25,1,0
BRDA:265,26,0,0
BRDA:278,27,0,0
BRDA:278,27,1,0
BRDA:279,28,0,0
BRDA:279,28,1,0
BRDA:279,28,2,0
BRDA:284,29,0,0
BRDA:284,29,1,0
BRDA:294,30,0,0
BRDA:294,30,1,0
BRDA:304,31,0,0
BRDA:304,31,1,0
BRF:59
BRH:0
end_of_record
TN:
SF:app/settings/rules/config/freeform-rules.ts
FNF:0
FNH:0
DA:1,0
LF:1
LH:0
BRF:0
BRH:0
end_of_record
TN:
SF:app/settings/rules/config/structured-rules.ts
FN:329,(anonymous_3)
FN:330,(anonymous_4)
FNF:2
FNH:0
FNDA:0,(anonymous_3)
FNDA:0,(anonymous_4)
DA:1,0
DA:328,0
DA:329,0
DA:331,0
DA:332,0
LF:5
LH:0
BRF:0
BRH:0
end_of_record
TN:
SF:app/settings/screenshots/jsonld.ts
FNF:0
FNH:0
DA:1,0
DA:2,0
DA:3,0
DA:4,0
DA:6,0
DA:8,0
LF:6
LH:0
BRF:0
BRH:0
end_of_record
TN:
SF:app/settings/screenshots/layout.tsx
FN:22,ScreenshotsLayout
FNF:1
FNH:0
FNDA:0,ScreenshotsLayout
DA:1,0
DA:2,0
DA:3,0
DA:4,0
DA:5,0
DA:6,0
DA:8,0
DA:22,0
LF:8
LH:0
BRF:0
BRH:0
end_of_record
TN:
SF:app/settings/screenshots/page.tsx
FN:15,ScreenshotsPage
FN:28,(anonymous_3)
FN:29,(anonymous_4)
FN:70,(anonymous_5)
FN:71,(anonymous_6)
FN:76,(anonymous_7)
FN:81,(anonymous_8)
FN:98,(anonymous_9)
FN:127,(anonymous_10)
FN:146,(anonymous_11)
FN:150,(anonymous_12)
FN:170,(anonymous_13)
FN:191,(anonymous_14)
FNF:13
FNH:0
FNDA:0,ScreenshotsPage
FNDA:0,(anonymous_3)
FNDA:0,(anonymous_4)
FNDA:0,(anonymous_5)
FNDA:0,(anonymous_6)
FNDA:0,(anonymous_7)
FNDA:0,(anonymous_8)
FNDA:0,(anonymous_9)
FNDA:0,(anonymous_10)
FNDA:0,(anonymous_11)
FNDA:0,(anonymous_12)
FNDA:0,(anonymous_13)
FNDA:0,(anonymous_14)
DA:3,0
DA:6,0
DA:7,0
DA:8,0
DA:9,0
DA:10,0
DA:11,0
DA:12,0
DA:15,0
DA:16,0
DA:17,0
DA:18,0
DA:19,0
DA:25,0
DA:28,0
DA:29,0
DA:30,0
DA:31,0
DA:32,0
DA:33,0
DA:36,0
DA:37,0
DA:38,0
DA:39,0
DA:40,0
DA:41,0
DA:50,0
DA:58,0
DA:60,0
DA:61,0
DA:62,0
DA:66,0
DA:69,0
DA:71,0
DA:76,0
DA:77,0
DA:79,0
DA:81,0
DA:82,0
DA:83,0
DA:92,0
DA:93,0
DA:98,0
DA:100,0
DA:101,0
DA:127,0
DA:147,0
DA:148,0
DA:151,0
DA:152,0
DA:171,0
DA:172,0
DA:192,0
LF:53
LH:0
BRDA:31,0,0,0
BRDA:31,1,0,0
BRDA:31,1,1,0
BRDA:40,2,0,0
BRDA:40,2,1,0
BRDA:42,3,0,0
BRDA:42,3,1,0
BRDA:43,4,0,0
BRDA:43,4,1,0
BRDA:44,5,0,0
BRDA:44,5,1,0
BRDA:45,6,0,0
BRDA:45,6,1,0
BRDA:77,7,0,0
BRDA:77,8,0,0
BRDA:77,8,1,0
BRDA:77,8,2,0
BRDA:77,8,3,0
BRDA:101,9,0,0
BRDA:101,9,1,0
BRDA:108,10,0,0
BRDA:128,11,0,0
BRDA:128,11,1,0
BRDA:128,11,2,0
BRDA:133,12,0,0
BRDA:156,13,0,0
BRDA:156,13,1,0
BRDA:177,14,0,0
BRDA:177,14,1,0
BRDA:187,15,0,0
BRDA:187,15,1,0
BRDA:197,16,0,0
BRDA:197,16,1,0
BRDA:211,17,0,0
BRDA:211,17,1,0
BRF:35
BRH:0
end_of_record
TN:
SF:app/settings/triggers/jsonld.ts
FNF:0
FNH:0
DA:1,0
DA:2,0
DA:3,0
DA:4,0
DA:7,0
DA:9,0
LF:6
LH:0
BRF:0
BRH:0
end_of_record
TN:
SF:app/settings/triggers/layout.tsx
FN:22,TriggersLayout
FNF:1
FNH:0
FNDA:0,TriggersLayout
DA:1,0
DA:2,0
DA:3,0
DA:4,0
DA:5,0
DA:6,0
DA:8,0
DA:22,0
LF:8
LH:0
BRF:0
BRH:0
end_of_record
TN:
SF:app/settings/triggers/page.tsx
FN:27,TriggersPage
FN:61,(anonymous_3)
FN:96,(anonymous_4)
FN:105,(anonymous_5)
FN:157,(anonymous_6)
FN:181,(anonymous_7)
FN:209,(anonymous_8)
FN:235,(anonymous_9)
FN:243,(anonymous_10)
FN:248,(anonymous_11)
FN:263,(anonymous_12)
FN:321,(anonymous_13)
FN:342,(anonymous_14)
FN:364,(anonymous_15)
FN:386,(anonymous_16)
FN:408,(anonymous_17)
FN:428,(anonymous_18)
FN:449,(anonymous_19)
FN:455,(anonymous_20)
FN:455,(anonymous_21)
FN:475,(anonymous_22)
FN:481,(anonymous_23)
FN:509,(anonymous_24)
FNF:23
FNH:0
FNDA:0,TriggersPage
FNDA:0,(anonymous_3)
FNDA:0,(anonymous_4)
FNDA:0,(anonymous_5)
FNDA:0,(anonymous_6)
FNDA:0,(anonymous_7)
FNDA:0,(anonymous_8)
FNDA:0,(anonymous_9)
FNDA:0,(anonymous_10)
FNDA:0,(anonymous_11)
FNDA:0,(anonymous_12)
FNDA:0,(anonymous_13)
FNDA:0,(anonymous_14)
FNDA:0,(anonymous_15)
FNDA:0,(anonymous_16)
FNDA:0,(anonymous_17)
FNDA:0,(anonymous_18)
FNDA:0,(anonymous_19)
FNDA:0,(anonymous_20)
FNDA:0,(anonymous_21)
FNDA:0,(anonymous_22)
FNDA:0,(anonymous_23)
FNDA:0,(anonymous_24)
DA:4,0
DA:5,0
DA:8,0
DA:9,0
DA:10,0
DA:11,0
DA:12,0
DA:15,0
DA:16,0
DA:17,0
DA:18,0
DA:22,0
DA:23,0
DA:24,0
DA:25,0
DA:27,0
DA:38,0
DA:40,0
DA:41,0
DA:42,0
DA:55,0
DA:57,0
DA:58,0
DA:61,0
DA:62,0
DA:64,0
DA:65,0
DA:66,0
DA:68,0
DA:69,0
DA:70,0
DA:71,0
DA:76,0
DA:77,0
DA:78,0
DA:84,0
DA:85,0
DA:87,0
DA:90,0
DA:92,0
DA:96,0
DA:97,0
DA:98,0
DA:99,0
DA:101,0
DA:105,0
DA:106,0
DA:116,0
DA:118,0
DA:119,0
DA:122,0
DA:132,0
DA:133,0
DA:148,0
DA:151,0
DA:153,0
DA:157,0
DA:159,0
DA:172,0
DA:175,0
DA:178,0
DA:181,0
DA:182,0
DA:183,0
DA:185,0
DA:191,0
DA:192,0
DA:194,0
DA:195,0
DA:199,0
DA:202,0
DA:204,0
DA:205,0
DA:206,0
DA:209,0
DA:217,0
DA:222,0
DA:223,0
DA:226,0
DA:229,0
DA:230,0
DA:231,0
DA:235,0
DA:237,0
DA:238,0
DA:239,0
DA:243,0
DA:244,0
DA:248,0
DA:249,0
DA:250,0
DA:253,0
DA:254,0
DA:255,0
DA:257,0
DA:259,0
DA:263,0
DA:264,0
DA:266,0
DA:267,0
DA:268,0
DA:270,0
DA:271,0
DA:272,0
DA:273,0
DA:275,0
DA:276,0
DA:277,0
DA:281,0
DA:321,0
DA:342,0
DA:364,0
DA:386,0
DA:408,0
DA:428,0
DA:450,0
DA:455,0
DA:456,0
DA:476,0
DA:482,0
DA:510,0
LF:121
LH:0
BRDA:62,0,0,0
BRDA:62,1,0,0
BRDA:62,1,1,0
BRDA:68,2,0,0
BRDA:68,2,1,0
BRDA:68,3,0,0
BRDA:68,3,1,0
BRDA:70,4,0,0
BRDA:70,5,0,0
BRDA:70,5,1,0
BRDA:76,6,0,0
BRDA:76,6,1,0
BRDA:76,7,0,0
BRDA:76,7,1,0
BRDA:76,7,2,0
BRDA:97,8,0,0
BRDA:97,9,0,0
BRDA:97,9,1,0
BRDA:106,10,0,0
BRDA:107,11,0,0
BRDA:107,11,1,0
BRDA:107,11,2,0
BRDA:107,11,3,0
BRDA:107,11,4,0
BRDA:107,11,5,0
BRDA:107,11,6,0
BRDA:107,11,7,0
BRDA:132,12,0,0
BRDA:132,12,1,0
BRDA:172,13,0,0
BRDA:172,13,1,0
BRDA:191,14,0,0
BRDA:191,15,0,0
BRDA:191,15,1,0
BRDA:192,16,0,0
BRDA:194,17,0,0
BRDA:199,18,0,0
BRDA:199,19,0,0
BRDA:199,19,1,0
BRDA:202,20,0,0
BRDA:202,21,0,0
BRDA:202,21,1,0
BRDA:222,22,0,0
BRDA:222,23,0,0
BRDA:222,23,1,0
BRDA:229,24,0,0
BRDA:229,25,0,0
BRDA:229,25,1,0
BRDA:237,26,0,0
BRDA:255,27,0,0
BRDA:255,27,1,0
BRDA:264,28,0,0
BRDA:275,29,0,0
BRDA:413,30,0,0
BRDA:413,30,1,0
BRDA:414,31,0,0
BRDA:448,32,0,0
BRDA:448,32,1,0
BRDA:457,33,0,0
BRDA:457,33,1,0
BRDA:464,34,0,0
BRDA:464,35,0,0
BRDA:464,35,1,0
BRDA:474,36,0,0
BRDA:474,36,1,0
BRDA:492,37,0,0
BRDA:492,37,1,0
BRDA:492,38,0,0
BRDA:492,38,1,0
BRDA:525,39,0,0
BRDA:525,39,1,0
BRDA:525,39,2,0
BRF:72
BRH:0
end_of_record
