{"/Users/rwest/Repositories/website/utils/is-test-file.ts": {"path":"/Users/rwest/Repositories/website/utils/is-test-file.ts","statementMap":{"0":{"start":{"line":4,"column":16},"end":{"line":4,"column":27}},"1":{"start":{"line":5,"column":2},"end":{"line":5,"column":null}},"2":{"start":{"line":5,"column":49},"end":{"line":5,"column":null}},"3":{"start":{"line":7,"column":24},"end":{"line":7,"column":null}},"4":{"start":{"line":11,"column":29},"end":{"line":54,"column":null}},"5":{"start":{"line":57,"column":2},"end":{"line":59,"column":null}},"6":{"start":{"line":57,"column":43},"end":{"line":57,"column":73}},"7":{"start":{"line":58,"column":4},"end":{"line":58,"column":null}},"8":{"start":{"line":63,"column":27},"end":{"line":68,"column":null}},"9":{"start":{"line":71,"column":29},"end":{"line":71,"column":null}},"10":{"start":{"line":71,"column":64},"end":{"line":71,"column":null}},"11":{"start":{"line":73,"column":2},"end":{"line":73,"column":null}},"12":{"start":{"line":73,"column":27},"end":{"line":73,"column":null}},"13":{"start":{"line":76,"column":30},"end":{"line":82,"column":null}},"14":{"start":{"line":85,"column":2},"end":{"line":85,"column":null}},"15":{"start":{"line":85,"column":48},"end":{"line":85,"column":null}}},"fnMap":{"0":{"name":"isTestFile","decl":{"start":{"line":4,"column":16},"end":{"line":4,"column":27}},"loc":{"start":{"line":4,"column":43},"end":{"line":86,"column":null}}},"1":{"name":"(anonymous_2)","decl":{"start":{"line":57,"column":30},"end":{"line":57,"column":31}},"loc":{"start":{"line":57,"column":43},"end":{"line":57,"column":73}}},"2":{"name":"(anonymous_3)","decl":{"start":{"line":71,"column":51},"end":{"line":71,"column":52}},"loc":{"start":{"line":71,"column":64},"end":{"line":71,"column":null}}},"3":{"name":"(anonymous_4)","decl":{"start":{"line":85,"column":35},"end":{"line":85,"column":36}},"loc":{"start":{"line":85,"column":48},"end":{"line":85,"column":null}}}},"branchMap":{"0":{"loc":{"start":{"line":5,"column":2},"end":{"line":5,"column":null}},"type":"if","locations":[{"start":{"line":5,"column":2},"end":{"line":5,"column":null}}]},"1":{"loc":{"start":{"line":5,"column":6},"end":{"line":5,"column":49}},"type":"binary-expr","locations":[{"start":{"line":5,"column":6},"end":{"line":5,"column":19}},{"start":{"line":5,"column":19},"end":{"line":5,"column":49}}]},"2":{"loc":{"start":{"line":57,"column":2},"end":{"line":59,"column":null}},"type":"if","locations":[{"start":{"line":57,"column":2},"end":{"line":59,"column":null}}]},"3":{"loc":{"start":{"line":73,"column":2},"end":{"line":73,"column":null}},"type":"if","locations":[{"start":{"line":73,"column":2},"end":{"line":73,"column":null}}]}},"s":{"0":143,"1":143,"2":5,"3":138,"4":138,"5":138,"6":2652,"7":107,"8":31,"9":31,"10":98,"11":31,"12":18,"13":13,"14":13,"15":56},"f":{"0":143,"1":2652,"2":98,"3":56},"b":{"0":[5],"1":[143,141],"2":[107],"3":[18]}}
}
